#
# There is insufficient memory for the Java Runtime Environment to continue.
# Native memory allocation (malloc) failed to allocate 1229136 bytes for Chunk::new
# Possible reasons:
#   The system is out of physical RAM or swap space
#   The process is running with CompressedOops enabled, and the Java Heap may be blocking the growth of the native heap
# Possible solutions:
#   Reduce memory load on the system
#   Increase physical memory or swap space
#   Check if swap backing store is full
#   Decrease Java heap size (-Xmx/-Xms)
#   Decrease number of Java threads
#   Decrease Java thread stack sizes (-Xss)
#   Set larger code cache with -XX:ReservedCodeCacheSize=
#   JVM is running with Unscaled Compressed Oops mode in which the Java heap is
#     placed in the first 4GB address space. The Java Heap base address is the
#     maximum limit for the native heap growth. Please use -XX:HeapBaseMinAddress
#     to set the Java Heap base and to place the Java Heap above 4GB virtual address.
# This output file may be truncated or incomplete.
#
#  Out of Memory Error (arena.cpp:191), pid=10504, tid=2368
#
# JRE version: OpenJDK Runtime Environment Temurin-17.0.9+9 (17.0.9+9) (build 17.0.9+9)
# Java VM: OpenJDK 64-Bit Server VM Temurin-17.0.9+9 (17.0.9+9, mixed mode, tiered, compressed oops, compressed class ptrs, parallel gc, windows-amd64)
# No core dump will be written. Minidumps are not enabled by default on client versions of Windows
#

---------------  S U M M A R Y ------------

Command Line: --add-modules=ALL-SYSTEM --add-opens=java.base/java.util=ALL-UNNAMED --add-opens=java.base/java.lang=ALL-UNNAMED --add-opens=java.base/sun.nio.fs=ALL-UNNAMED -Declipse.application=org.eclipse.jdt.ls.core.id1 -Dosgi.bundles.defaultStartLevel=4 -Declipse.product=org.eclipse.jdt.ls.core.product -Djava.import.generatesMetadataFilesAtProjectRoot=false -DDetectVMInstallationsJob.disabled=true -Dfile.encoding=utf8 -XX:+UseParallelGC -XX:GCTimeRatio=4 -XX:AdaptiveSizePolicyWeight=90 -Dsun.zip.disableMemoryMapping=true -Xmx1G -Xms100m -Xlog:disable -javaagent:c:\Users\Sayan Ghosh\.vscode\extensions\redhat.java-1.26.0-win32-x64\lombok\lombok-1.18.31-3454.jar -XX:+HeapDumpOnOutOfMemoryError -XX:HeapDumpPath=c:\Users\Sayan Ghosh\AppData\Roaming\Code\User\workspaceStorage\c33210fa1faf9ff397d020b309761f5c\redhat.java -Daether.dependencyCollector.impl=bf c:\Users\Sayan Ghosh\.vscode\extensions\redhat.java-1.26.0-win32-x64\server\plugins\org.eclipse.equinox.launcher_1.6.700.v20231214-2017.jar -configuration c:\Users\Sayan Ghosh\AppData\Roaming\Code\User\globalStorage\redhat.java\1.26.0\config_win -data c:\Users\Sayan Ghosh\AppData\Roaming\Code\User\workspaceStorage\c33210fa1faf9ff397d020b309761f5c\redhat.java\jdt_ws --stdio

Host: 13th Gen Intel(R) Core(TM) i5-13400F, 16 cores, 15G,  Windows 10 , 64 bit Build 19041 (10.0.19041.2546)
Time: Mon Jan 29 11:10:28 2024 India Standard Time elapsed time: 8.769232 seconds (0d 0h 0m 8s)

---------------  T H R E A D  ---------------

Current thread (0x0000016a2b823570):  JavaThread "C2 CompilerThread6" daemon [_thread_in_native, id=2368, stack(0x00000002b5e00000,0x00000002b5f00000)]


Current CompileTask:
C2:   8769 8859       4       org.eclipse.jdt.internal.compiler.classfmt.ModuleInfo::readModuleAttribute (1166 bytes)

Stack: [0x00000002b5e00000,0x00000002b5f00000]
Native frames: (J=compiled Java code, j=interpreted, Vv=VM code, C=native code)
V  [jvm.dll+0x67cf49]
V  [jvm.dll+0x83478a]
V  [jvm.dll+0x83624e]
V  [jvm.dll+0x8368b3]
V  [jvm.dll+0x247f1f]
V  [jvm.dll+0xac43c]
V  [jvm.dll+0xaca8c]
V  [jvm.dll+0x2af45f]
V  [jvm.dll+0x5853f7]
V  [jvm.dll+0x222f62]
V  [jvm.dll+0x22334f]
V  [jvm.dll+0x21c476]
V  [jvm.dll+0x2198c1]
V  [jvm.dll+0x1a57cd]
V  [jvm.dll+0x2297ae]
V  [jvm.dll+0x22797c]
V  [jvm.dll+0x7e9877]
V  [jvm.dll+0x7e3c3a]
V  [jvm.dll+0x67be35]
C  [ucrtbase.dll+0x21bb2]
C  [KERNEL32.DLL+0x17614]
C  [ntdll.dll+0x526a1]


---------------  P R O C E S S  ---------------

Threads class SMR info:
_java_thread_list=0x0000016a2a232290, length=46, elements={
0x0000016a0a4646b0, 0x0000016a0a516bb0, 0x0000016a0a518660, 0x0000016a25658130,
0x0000016a25658b00, 0x0000016a2565a590, 0x0000016a2565d750, 0x0000016a2026d420,
0x0000016a2026e990, 0x0000016a2565e7c0, 0x0000016a256cddd0, 0x0000016a0a2b5970,
0x0000016a25810ff0, 0x0000016a275288a0, 0x0000016a27611ad0, 0x0000016a276115c0,
0x0000016a27612a00, 0x0000016a276124f0, 0x0000016a27610ba0, 0x0000016a27611fe0,
0x0000016a27613930, 0x0000016a276110b0, 0x0000016a295b1ab0, 0x0000016a295afc50,
0x0000016a295b0160, 0x0000016a295ae810, 0x0000016a295ab060, 0x0000016a295ad3d0,
0x0000016a295ac4a0, 0x0000016a295b0670, 0x0000016a29a29b70, 0x0000016a295addf0,
0x0000016a295acec0, 0x0000016a295b15a0, 0x0000016a295b1fc0, 0x0000016a295ae300,
0x0000016a295b24d0, 0x0000016a2b821040, 0x0000016a2b822580, 0x0000016a2b821590,
0x0000016a295ab570, 0x0000016a295aba80, 0x0000016a2b823020, 0x0000016a2b823570,
0x0000016a2b824010, 0x0000016a2b81fb00
}

Java Threads: ( => current thread )
  0x0000016a0a4646b0 JavaThread "main" [_thread_blocked, id=16160, stack(0x00000002b2200000,0x00000002b2300000)]
  0x0000016a0a516bb0 JavaThread "Reference Handler" daemon [_thread_blocked, id=8344, stack(0x00000002b2500000,0x00000002b2600000)]
  0x0000016a0a518660 JavaThread "Finalizer" daemon [_thread_blocked, id=18920, stack(0x00000002b2600000,0x00000002b2700000)]
  0x0000016a25658130 JavaThread "Signal Dispatcher" daemon [_thread_blocked, id=12140, stack(0x00000002b2700000,0x00000002b2800000)]
  0x0000016a25658b00 JavaThread "Attach Listener" daemon [_thread_blocked, id=18760, stack(0x00000002b2800000,0x00000002b2900000)]
  0x0000016a2565a590 JavaThread "Service Thread" daemon [_thread_blocked, id=14704, stack(0x00000002b2900000,0x00000002b2a00000)]
  0x0000016a2565d750 JavaThread "Monitor Deflation Thread" daemon [_thread_blocked, id=3004, stack(0x00000002b2a00000,0x00000002b2b00000)]
  0x0000016a2026d420 JavaThread "C2 CompilerThread0" daemon [_thread_blocked, id=18652, stack(0x00000002b2b00000,0x00000002b2c00000)]
  0x0000016a2026e990 JavaThread "C1 CompilerThread0" daemon [_thread_blocked, id=6928, stack(0x00000002b2c00000,0x00000002b2d00000)]
  0x0000016a2565e7c0 JavaThread "Sweeper thread" daemon [_thread_blocked, id=10124, stack(0x00000002b2d00000,0x00000002b2e00000)]
  0x0000016a256cddd0 JavaThread "Common-Cleaner" daemon [_thread_blocked, id=19744, stack(0x00000002b2e00000,0x00000002b2f00000)]
  0x0000016a0a2b5970 JavaThread "C1 CompilerThread1" daemon [_thread_blocked, id=20000, stack(0x00000002b2f00000,0x00000002b3000000)]
  0x0000016a25810ff0 JavaThread "C1 CompilerThread2" daemon [_thread_blocked, id=13040, stack(0x00000002b3000000,0x00000002b3100000)]
  0x0000016a275288a0 JavaThread "Notification Thread" daemon [_thread_blocked, id=6120, stack(0x00000002b3300000,0x00000002b3400000)]
  0x0000016a27611ad0 JavaThread "Active Thread: Equinox Container: 8f1073ee-d727-40f4-8d2c-0107c44cfdce" [_thread_blocked, id=14640, stack(0x00000002b3500000,0x00000002b3600000)]
  0x0000016a276115c0 JavaThread "Framework Event Dispatcher: Equinox Container: 8f1073ee-d727-40f4-8d2c-0107c44cfdce" daemon [_thread_blocked, id=2792, stack(0x00000002b3b00000,0x00000002b3c00000)]
  0x0000016a27612a00 JavaThread "Start Level: Equinox Container: 8f1073ee-d727-40f4-8d2c-0107c44cfdce" daemon [_thread_blocked, id=14920, stack(0x00000002b3c00000,0x00000002b3d00000)]
  0x0000016a276124f0 JavaThread "Bundle File Closer" daemon [_thread_blocked, id=12208, stack(0x00000002b4100000,0x00000002b4200000)]
  0x0000016a27610ba0 JavaThread "SCR Component Actor" daemon [_thread_blocked, id=4552, stack(0x00000002b4200000,0x00000002b4300000)]
  0x0000016a27611fe0 JavaThread "Worker-JM" [_thread_blocked, id=9368, stack(0x00000002b4500000,0x00000002b4600000)]
  0x0000016a27613930 JavaThread "Worker-0: Java indexing... " [_thread_blocked, id=7076, stack(0x00000002b3100000,0x00000002b3200000)]
  0x0000016a276110b0 JavaThread "Worker-1: Initialize workspace" [_thread_blocked, id=14128, stack(0x00000002b3200000,0x00000002b3300000)]
  0x0000016a295b1ab0 JavaThread "Java indexing" daemon [_thread_blocked, id=10968, stack(0x00000002b4b00000,0x00000002b4c00000)]
  0x0000016a295afc50 JavaThread "JNA Cleaner" daemon [_thread_blocked, id=7520, stack(0x00000002b4d00000,0x00000002b4e00000)]
  0x0000016a295b0160 JavaThread "pool-2-thread-1" [_thread_blocked, id=2396, stack(0x00000002b5000000,0x00000002b5100000)]
  0x0000016a295ae810 JavaThread "WorkspaceEventsHandler" [_thread_blocked, id=3044, stack(0x00000002b5100000,0x00000002b5200000)]
  0x0000016a295ab060 JavaThread "pool-1-thread-1" [_thread_in_native, id=20320, stack(0x00000002b5200000,0x00000002b5300000)]
  0x0000016a295ad3d0 JavaThread "Worker-2" [_thread_blocked, id=2600, stack(0x00000002b5700000,0x00000002b5800000)]
  0x0000016a295ac4a0 JavaThread "Worker-3" [_thread_blocked, id=19088, stack(0x00000002b5800000,0x00000002b5900000)]
  0x0000016a295b0670 JavaThread "Worker-4" [_thread_blocked, id=16216, stack(0x00000002b4700000,0x00000002b4800000)]
  0x0000016a29a29b70 JavaThread "C2 CompilerThread1" daemon [_thread_in_native, id=10352, stack(0x00000002b4a00000,0x00000002b4b00000)]
  0x0000016a295addf0 JavaThread "Worker-5" [_thread_blocked, id=7896, stack(0x00000002b5a00000,0x00000002b5b00000)]
  0x0000016a295acec0 JavaThread "Timer-0" [_thread_blocked, id=15872, stack(0x00000002b4900000,0x00000002b4a00000)]
  0x0000016a295b15a0 JavaThread "Exec process" [_thread_blocked, id=19552, stack(0x00000002b4400000,0x00000002b4500000)]
  0x0000016a295b1fc0 JavaThread "Exec process Thread 2" [_thread_blocked, id=2760, stack(0x00000002b5300000,0x00000002b5400000)]
  0x0000016a295ae300 JavaThread "Exec process Thread 3" [_thread_blocked, id=2364, stack(0x00000002b5400000,0x00000002b5500000)]
  0x0000016a295b24d0 JavaThread "Timer-1" [_thread_blocked, id=13252, stack(0x00000002b4c00000,0x00000002b4d00000)]
  0x0000016a2b821040 JavaThread "C2 CompilerThread2" daemon [_thread_blocked, id=11992, stack(0x00000002b5500000,0x00000002b5600000)]
  0x0000016a2b822580 JavaThread "C2 CompilerThread3" daemon [_thread_blocked, id=8908, stack(0x00000002b5600000,0x00000002b5700000)]
  0x0000016a2b821590 JavaThread "C2 CompilerThread4" daemon [_thread_in_native, id=9060, stack(0x00000002b5900000,0x00000002b5a00000)]
  0x0000016a295ab570 JavaThread "ForkJoinPool.commonPool-worker-1" daemon [_thread_in_native, id=9396, stack(0x00000002b5b00000,0x00000002b5c00000)]
  0x0000016a295aba80 JavaThread "Worker-6" [_thread_blocked, id=3196, stack(0x00000002b5c00000,0x00000002b5d00000)]
  0x0000016a2b823020 JavaThread "C2 CompilerThread5" daemon [_thread_blocked, id=6468, stack(0x00000002b5d00000,0x00000002b5e00000)]
=>0x0000016a2b823570 JavaThread "C2 CompilerThread6" daemon [_thread_in_native, id=2368, stack(0x00000002b5e00000,0x00000002b5f00000)]
  0x0000016a2b824010 JavaThread "C2 CompilerThread7" daemon [_thread_blocked, id=5004, stack(0x00000002b5f00000,0x00000002b6000000)]
  0x0000016a2b81fb00 JavaThread "C1 CompilerThread3" daemon [_thread_blocked, id=10404, stack(0x00000002b6000000,0x00000002b6100000)]

Other Threads:
  0x0000016a2025fd00 VMThread "VM Thread" [stack: 0x00000002b2400000,0x00000002b2500000] [id=18912]
  0x0000016a275f0ef0 WatcherThread [stack: 0x00000002b3400000,0x00000002b3500000] [id=2016]
  0x0000016a0a475f90 GCTaskThread "GC Thread#0" [stack: 0x00000002b2300000,0x00000002b2400000] [id=15804]
  0x0000016a27df3a80 GCTaskThread "GC Thread#1" [stack: 0x00000002b3600000,0x00000002b3700000] [id=16720]
  0x0000016a27ce3a00 GCTaskThread "GC Thread#2" [stack: 0x00000002b3700000,0x00000002b3800000] [id=16560]
  0x0000016a27728010 GCTaskThread "GC Thread#3" [stack: 0x00000002b3800000,0x00000002b3900000] [id=12380]
  0x0000016a277282d0 GCTaskThread "GC Thread#4" [stack: 0x00000002b3900000,0x00000002b3a00000] [id=16088]
  0x0000016a27d32080 GCTaskThread "GC Thread#5" [stack: 0x00000002b3a00000,0x00000002b3b00000] [id=7436]
  0x0000016a277f6da0 GCTaskThread "GC Thread#6" [stack: 0x00000002b3d00000,0x00000002b3e00000] [id=14388]
  0x0000016a284e17d0 GCTaskThread "GC Thread#7" [stack: 0x00000002b3e00000,0x00000002b3f00000] [id=1136]
  0x0000016a28674ed0 GCTaskThread "GC Thread#8" [stack: 0x00000002b4300000,0x00000002b4400000] [id=9732]
  0x0000016a28511820 GCTaskThread "GC Thread#9" [stack: 0x00000002b3f00000,0x00000002b4000000] [id=3000]
  0x0000016a28672420 GCTaskThread "GC Thread#10" [stack: 0x00000002b4000000,0x00000002b4100000] [id=5044]
  0x0000016a286726e0 GCTaskThread "GC Thread#11" [stack: 0x00000002b4600000,0x00000002b4700000] [id=6416]
  0x0000016a28648f00 GCTaskThread "GC Thread#12" [stack: 0x00000002b4800000,0x00000002b4900000] [id=6424]

Threads with active compile tasks:
C2 CompilerThread1     8785 8958   !   4       org.eclipse.osgi.internal.weaving.WeavingHookConfigurator::processClass (245 bytes)
C2 CompilerThread4     8785 8794       4       org.eclipse.jdt.internal.core.JavaElement::getElementInfo (27 bytes)
C2 CompilerThread6     8785 8859       4       org.eclipse.jdt.internal.compiler.classfmt.ModuleInfo::readModuleAttribute (1166 bytes)

VM state: not at safepoint (normal execution)

VM Mutex/Monitor currently owned by a thread: None

Heap address: 0x00000000c0000000, size: 1024 MB, Compressed Oops mode: 32-bit

CDS archive(s) not mapped
Compressed class space mapped at: 0x0000000100000000-0x0000000140000000, reserved size: 1073741824
Narrow klass base: 0x0000000000000000, Narrow klass shift: 3, Narrow klass range: 0x140000000

GC Precious Log:
 CPUs: 16 total, 16 available
 Memory: 16222M
 Large Page Support: Disabled
 NUMA Support: Disabled
 Compressed Oops: Enabled (32-bit)
 Alignments: Space 512K, Generation 512K, Heap 2M
 Heap Min Capacity: 100M
 Heap Initial Capacity: 100M
 Heap Max Capacity: 1G
 Pre-touch: Disabled
 Parallel Workers: 13

Heap:
 PSYoungGen      total 26624K, used 11556K [0x00000000eab00000, 0x00000000ec780000, 0x0000000100000000)
  eden space 24064K, 38% used [0x00000000eab00000,0x00000000eb41ac10,0x00000000ec280000)
  from space 2560K, 87% used [0x00000000ec500000,0x00000000ec72e470,0x00000000ec780000)
  to   space 2560K, 0% used [0x00000000ec280000,0x00000000ec280000,0x00000000ec500000)
 ParOldGen       total 317440K, used 286074K [0x00000000c0000000, 0x00000000d3600000, 0x00000000eab00000)
  object space 317440K, 90% used [0x00000000c0000000,0x00000000d175eaf8,0x00000000d3600000)
 Metaspace       used 63849K, committed 64896K, reserved 1114112K
  class space    used 7222K, committed 7680K, reserved 1048576K

Card table byte_map: [0x0000016a1db00000,0x0000016a1dd10000] _byte_map_base: 0x0000016a1d500000

Marking Bits: (ParMarkBitMap*) 0x00007ffbc20fd0b0
 Begin Bits: [0x0000016a1de70000, 0x0000016a1ee70000)
 End Bits:   [0x0000016a1ee70000, 0x0000016a1fe70000)

Polling page: 0x0000016a0a520000

Metaspace:

Usage:
  Non-class:     55.30 MB used.
      Class:      7.05 MB used.
       Both:     62.35 MB used.

Virtual space:
  Non-class space:       64.00 MB reserved,      55.88 MB ( 87%) committed,  1 nodes.
      Class space:        1.00 GB reserved,       7.50 MB ( <1%) committed,  1 nodes.
             Both:        1.06 GB reserved,      63.38 MB (  6%) committed. 

Chunk freelists:
   Non-Class:  7.59 MB
       Class:  8.53 MB
        Both:  16.13 MB

MaxMetaspaceSize: unlimited
CompressedClassSpaceSize: 1.00 GB
Initial GC threshold: 21.00 MB
Current GC threshold: 102.31 MB
CDS: off
MetaspaceReclaimPolicy: balanced
 - commit_granule_bytes: 65536.
 - commit_granule_words: 8192.
 - virtual_space_node_default_size: 8388608.
 - enlarge_chunks_in_place: 1.
 - new_chunks_are_fully_committed: 0.
 - uncommit_free_chunks: 1.
 - use_allocation_guard: 0.
 - handle_deallocations: 1.


Internal statistics:

num_allocs_failed_limit: 6.
num_arena_births: 550.
num_arena_deaths: 14.
num_vsnodes_births: 2.
num_vsnodes_deaths: 0.
num_space_committed: 1014.
num_space_uncommitted: 0.
num_chunks_returned_to_freelist: 20.
num_chunks_taken_from_freelist: 2851.
num_chunk_merges: 8.
num_chunk_splits: 1916.
num_chunks_enlarged: 1340.
num_inconsistent_stats: 0.

CodeHeap 'non-profiled nmethods': size=119168Kb used=6435Kb max_used=6435Kb free=112732Kb
 bounds [0x0000016a164c0000, 0x0000016a16b10000, 0x0000016a1d920000]
CodeHeap 'profiled nmethods': size=119104Kb used=15153Kb max_used=15153Kb free=103950Kb
 bounds [0x0000016a0e920000, 0x0000016a0f7f0000, 0x0000016a15d70000]
CodeHeap 'non-nmethods': size=7488Kb used=3011Kb max_used=3097Kb free=4477Kb
 bounds [0x0000016a15d70000, 0x0000016a16090000, 0x0000016a164c0000]
 total_blobs=8156 nmethods=7500 adapters=566
 compilation: enabled
              stopped_count=0, restarted_count=0
 full_count=0

Compilation events (20 events):
Event: 8.735 Thread 0x0000016a25810ff0 8924       3       org.eclipse.jdt.internal.core.builder.ClasspathJrt$JrtPackageVisitor::visitPackage (14 bytes)
Event: 8.735 Thread 0x0000016a2026e990 8925       3       org.eclipse.jdt.internal.core.builder.ClasspathJrt$JrtPackageVisitor::visitPackage (18 bytes)
Event: 8.735 Thread 0x0000016a0a2b5970 8926       3       org.eclipse.jdt.internal.core.builder.ClasspathJar::addToPackageSet (52 bytes)
Event: 8.736 Thread 0x0000016a2026e990 nmethod 8925 0x0000016a0f7d9490 code [0x0000016a0f7d9640, 0x0000016a0f7d9858]
Event: 8.736 Thread 0x0000016a25810ff0 nmethod 8924 0x0000016a0f7d9990 code [0x0000016a0f7d9b60, 0x0000016a0f7d9fd8]
Event: 8.736 Thread 0x0000016a0a2b5970 nmethod 8926 0x0000016a0f7da110 code [0x0000016a0f7da3a0, 0x0000016a0f7dae58]
Event: 8.743 Thread 0x0000016a29a29b70 8927       4       java.lang.String::hashCode (60 bytes)
Event: 8.747 Thread 0x0000016a29a29b70 nmethod 8927 0x0000016a16aeff10 code [0x0000016a16af00a0, 0x0000016a16af0288]
Event: 8.750 Thread 0x0000016a2b824010 nmethod 8923 0x0000016a16af0390 code [0x0000016a16af06c0, 0x0000016a16af1b30]
Event: 8.750 Thread 0x0000016a2026d420 nmethod 8922 0x0000016a16af2b90 code [0x0000016a16af2ec0, 0x0000016a16af4330]
Event: 8.750 Thread 0x0000016a2026e990 8928       3       java.lang.invoke.MethodHandles::identity (87 bytes)
Event: 8.750 Thread 0x0000016a2026e990 nmethod 8928 0x0000016a0f7db290 code [0x0000016a0f7db480, 0x0000016a0f7db8b8]
Event: 8.751 Thread 0x0000016a0a2b5970 8931       1       org.eclipse.jdt.internal.core.builder.ClasspathJrt::hasModule (2 bytes)
Event: 8.751 Thread 0x0000016a2b81fb00 8930       1       org.eclipse.jdt.internal.core.builder.ClasspathJrt::getKey (5 bytes)
Event: 8.751 Thread 0x0000016a0a2b5970 nmethod 8931 0x0000016a16af5710 code [0x0000016a16af58a0, 0x0000016a16af5978]
Event: 8.751 Thread 0x0000016a2b81fb00 nmethod 8930 0x0000016a16af5a10 code [0x0000016a16af5ba0, 0x0000016a16af5c78]
Event: 8.751 Thread 0x0000016a25810ff0 8932       3       org.eclipse.jdt.internal.core.builder.ClasspathJrt::getModule (42 bytes)
Event: 8.751 Thread 0x0000016a2026e990 8933       3       org.eclipse.jdt.internal.core.JavaProject::rootID (18 bytes)
Event: 8.751 Thread 0x0000016a25810ff0 nmethod 8932 0x0000016a0f7dba90 code [0x0000016a0f7dbc80, 0x0000016a0f7dc318]
Event: 8.752 Thread 0x0000016a2026e990 nmethod 8933 0x0000016a0f7dc490 code [0x0000016a0f7dc7a0, 0x0000016a0f7dd818]

GC Heap History (20 events):
Event: 8.114 GC heap before
{Heap before GC invocations=143 (full 9):
 PSYoungGen      total 22528K, used 5021K [0x00000000eab00000, 0x00000000ecb00000, 0x0000000100000000)
  eden space 17408K, 0% used [0x00000000eab00000,0x00000000eab00000,0x00000000ebc00000)
  from space 5120K, 98% used [0x00000000ebc00000,0x00000000ec0e7710,0x00000000ec100000)
  to   space 6656K, 0% used [0x00000000ec480000,0x00000000ec480000,0x00000000ecb00000)
 ParOldGen       total 259584K, used 259247K [0x00000000c0000000, 0x00000000cfd80000, 0x00000000eab00000)
  object space 259584K, 99% used [0x00000000c0000000,0x00000000cfd2bdf0,0x00000000cfd80000)
 Metaspace       used 61859K, committed 62848K, reserved 1114112K
  class space    used 7030K, committed 7488K, reserved 1048576K
}
Event: 8.213 GC heap after
{Heap after GC invocations=143 (full 9):
 PSYoungGen      total 22528K, used 2053K [0x00000000eab00000, 0x00000000ecb00000, 0x0000000100000000)
  eden space 17408K, 0% used [0x00000000eab00000,0x00000000eab00000,0x00000000ebc00000)
  from space 5120K, 40% used [0x00000000ebc00000,0x00000000ebe01558,0x00000000ec100000)
  to   space 6656K, 0% used [0x00000000ec480000,0x00000000ec480000,0x00000000ecb00000)
 ParOldGen       total 317440K, used 259285K [0x00000000c0000000, 0x00000000d3600000, 0x00000000eab00000)
  object space 317440K, 81% used [0x00000000c0000000,0x00000000cfd35708,0x00000000d3600000)
 Metaspace       used 61859K, committed 62848K, reserved 1114112K
  class space    used 7030K, committed 7488K, reserved 1048576K
}
Event: 8.221 GC heap before
{Heap before GC invocations=144 (full 9):
 PSYoungGen      total 22528K, used 19461K [0x00000000eab00000, 0x00000000ecb00000, 0x0000000100000000)
  eden space 17408K, 100% used [0x00000000eab00000,0x00000000ebc00000,0x00000000ebc00000)
  from space 5120K, 40% used [0x00000000ebc00000,0x00000000ebe01558,0x00000000ec100000)
  to   space 6656K, 0% used [0x00000000ec480000,0x00000000ec480000,0x00000000ecb00000)
 ParOldGen       total 317440K, used 259285K [0x00000000c0000000, 0x00000000d3600000, 0x00000000eab00000)
  object space 317440K, 81% used [0x00000000c0000000,0x00000000cfd35708,0x00000000d3600000)
 Metaspace       used 61880K, committed 62848K, reserved 1114112K
  class space    used 7033K, committed 7488K, reserved 1048576K
}
Event: 8.228 GC heap after
{Heap after GC invocations=144 (full 9):
 PSYoungGen      total 24064K, used 6645K [0x00000000eab00000, 0x00000000ece80000, 0x0000000100000000)
  eden space 17408K, 0% used [0x00000000eab00000,0x00000000eab00000,0x00000000ebc00000)
  from space 6656K, 99% used [0x00000000ec480000,0x00000000ecafd428,0x00000000ecb00000)
  to   space 8704K, 0% used [0x00000000ebc00000,0x00000000ebc00000,0x00000000ec480000)
 ParOldGen       total 317440K, used 260485K [0x00000000c0000000, 0x00000000d3600000, 0x00000000eab00000)
  object space 317440K, 82% used [0x00000000c0000000,0x00000000cfe616d8,0x00000000d3600000)
 Metaspace       used 61880K, committed 62848K, reserved 1114112K
  class space    used 7033K, committed 7488K, reserved 1048576K
}
Event: 8.235 GC heap before
{Heap before GC invocations=145 (full 9):
 PSYoungGen      total 24064K, used 24053K [0x00000000eab00000, 0x00000000ece80000, 0x0000000100000000)
  eden space 17408K, 100% used [0x00000000eab00000,0x00000000ebc00000,0x00000000ebc00000)
  from space 6656K, 99% used [0x00000000ec480000,0x00000000ecafd428,0x00000000ecb00000)
  to   space 8704K, 0% used [0x00000000ebc00000,0x00000000ebc00000,0x00000000ec480000)
 ParOldGen       total 317440K, used 260485K [0x00000000c0000000, 0x00000000d3600000, 0x00000000eab00000)
  object space 317440K, 82% used [0x00000000c0000000,0x00000000cfe616d8,0x00000000d3600000)
 Metaspace       used 61881K, committed 62848K, reserved 1114112K
  class space    used 7033K, committed 7488K, reserved 1048576K
}
Event: 8.237 GC heap after
{Heap after GC invocations=145 (full 9):
 PSYoungGen      total 26112K, used 6408K [0x00000000eab00000, 0x00000000ecc00000, 0x0000000100000000)
  eden space 17408K, 0% used [0x00000000eab00000,0x00000000eab00000,0x00000000ebc00000)
  from space 8704K, 73% used [0x00000000ebc00000,0x00000000ec2423e0,0x00000000ec480000)
  to   space 7168K, 0% used [0x00000000ec500000,0x00000000ec500000,0x00000000ecc00000)
 ParOldGen       total 317440K, used 266810K [0x00000000c0000000, 0x00000000d3600000, 0x00000000eab00000)
  object space 317440K, 84% used [0x00000000c0000000,0x00000000d048e880,0x00000000d3600000)
 Metaspace       used 61881K, committed 62848K, reserved 1114112K
  class space    used 7033K, committed 7488K, reserved 1048576K
}
Event: 8.244 GC heap before
{Heap before GC invocations=146 (full 9):
 PSYoungGen      total 26112K, used 23777K [0x00000000eab00000, 0x00000000ecc00000, 0x0000000100000000)
  eden space 17408K, 99% used [0x00000000eab00000,0x00000000ebbf6378,0x00000000ebc00000)
  from space 8704K, 73% used [0x00000000ebc00000,0x00000000ec2423e0,0x00000000ec480000)
  to   space 7168K, 0% used [0x00000000ec500000,0x00000000ec500000,0x00000000ecc00000)
 ParOldGen       total 317440K, used 266810K [0x00000000c0000000, 0x00000000d3600000, 0x00000000eab00000)
  object space 317440K, 84% used [0x00000000c0000000,0x00000000d048e880,0x00000000d3600000)
 Metaspace       used 61907K, committed 62912K, reserved 1114112K
  class space    used 7038K, committed 7488K, reserved 1048576K
}
Event: 8.246 GC heap after
{Heap after GC invocations=146 (full 9):
 PSYoungGen      total 26624K, used 6911K [0x00000000eab00000, 0x00000000ecc00000, 0x0000000100000000)
  eden space 19456K, 0% used [0x00000000eab00000,0x00000000eab00000,0x00000000ebe00000)
  from space 7168K, 96% used [0x00000000ec500000,0x00000000ecbbfef8,0x00000000ecc00000)
  to   space 7168K, 0% used [0x00000000ebe00000,0x00000000ebe00000,0x00000000ec500000)
 ParOldGen       total 317440K, used 272967K [0x00000000c0000000, 0x00000000d3600000, 0x00000000eab00000)
  object space 317440K, 85% used [0x00000000c0000000,0x00000000d0a91c90,0x00000000d3600000)
 Metaspace       used 61907K, committed 62912K, reserved 1114112K
  class space    used 7038K, committed 7488K, reserved 1048576K
}
Event: 8.306 GC heap before
{Heap before GC invocations=147 (full 9):
 PSYoungGen      total 26624K, used 26367K [0x00000000eab00000, 0x00000000ecc00000, 0x0000000100000000)
  eden space 19456K, 100% used [0x00000000eab00000,0x00000000ebe00000,0x00000000ebe00000)
  from space 7168K, 96% used [0x00000000ec500000,0x00000000ecbbfef8,0x00000000ecc00000)
  to   space 7168K, 0% used [0x00000000ebe00000,0x00000000ebe00000,0x00000000ec500000)
 ParOldGen       total 317440K, used 272967K [0x00000000c0000000, 0x00000000d3600000, 0x00000000eab00000)
  object space 317440K, 85% used [0x00000000c0000000,0x00000000d0a91c90,0x00000000d3600000)
 Metaspace       used 61907K, committed 62912K, reserved 1114112K
  class space    used 7038K, committed 7488K, reserved 1048576K
}
Event: 8.309 GC heap after
{Heap after GC invocations=147 (full 9):
 PSYoungGen      total 26624K, used 4443K [0x00000000eab00000, 0x00000000ecb00000, 0x0000000100000000)
  eden space 19456K, 0% used [0x00000000eab00000,0x00000000eab00000,0x00000000ebe00000)
  from space 7168K, 61% used [0x00000000ebe00000,0x00000000ec256ca0,0x00000000ec500000)
  to   space 5632K, 0% used [0x00000000ec580000,0x00000000ec580000,0x00000000ecb00000)
 ParOldGen       total 317440K, used 279622K [0x00000000c0000000, 0x00000000d3600000, 0x00000000eab00000)
  object space 317440K, 88% used [0x00000000c0000000,0x00000000d1111b98,0x00000000d3600000)
 Metaspace       used 61907K, committed 62912K, reserved 1114112K
  class space    used 7038K, committed 7488K, reserved 1048576K
}
Event: 8.464 GC heap before
{Heap before GC invocations=148 (full 9):
 PSYoungGen      total 26624K, used 23899K [0x00000000eab00000, 0x00000000ecb00000, 0x0000000100000000)
  eden space 19456K, 100% used [0x00000000eab00000,0x00000000ebe00000,0x00000000ebe00000)
  from space 7168K, 61% used [0x00000000ebe00000,0x00000000ec256ca0,0x00000000ec500000)
  to   space 5632K, 0% used [0x00000000ec580000,0x00000000ec580000,0x00000000ecb00000)
 ParOldGen       total 317440K, used 279622K [0x00000000c0000000, 0x00000000d3600000, 0x00000000eab00000)
  object space 317440K, 88% used [0x00000000c0000000,0x00000000d1111b98,0x00000000d3600000)
 Metaspace       used 61916K, committed 62912K, reserved 1114112K
  class space    used 7039K, committed 7488K, reserved 1048576K
}
Event: 8.467 GC heap after
{Heap after GC invocations=148 (full 9):
 PSYoungGen      total 22016K, used 224K [0x00000000eab00000, 0x00000000ec600000, 0x0000000100000000)
  eden space 21504K, 0% used [0x00000000eab00000,0x00000000eab00000,0x00000000ec000000)
  from space 512K, 43% used [0x00000000ec580000,0x00000000ec5b8000,0x00000000ec600000)
  to   space 2048K, 0% used [0x00000000ec200000,0x00000000ec200000,0x00000000ec400000)
 ParOldGen       total 317440K, used 283910K [0x00000000c0000000, 0x00000000d3600000, 0x00000000eab00000)
  object space 317440K, 89% used [0x00000000c0000000,0x00000000d1541bb0,0x00000000d3600000)
 Metaspace       used 61916K, committed 62912K, reserved 1114112K
  class space    used 7039K, committed 7488K, reserved 1048576K
}
Event: 8.547 GC heap before
{Heap before GC invocations=149 (full 9):
 PSYoungGen      total 22016K, used 21728K [0x00000000eab00000, 0x00000000ec600000, 0x0000000100000000)
  eden space 21504K, 100% used [0x00000000eab00000,0x00000000ec000000,0x00000000ec000000)
  from space 512K, 43% used [0x00000000ec580000,0x00000000ec5b8000,0x00000000ec600000)
  to   space 2048K, 0% used [0x00000000ec200000,0x00000000ec200000,0x00000000ec400000)
 ParOldGen       total 317440K, used 283910K [0x00000000c0000000, 0x00000000d3600000, 0x00000000eab00000)
  object space 317440K, 89% used [0x00000000c0000000,0x00000000d1541bb0,0x00000000d3600000)
 Metaspace       used 62228K, committed 63296K, reserved 1114112K
  class space    used 7072K, committed 7552K, reserved 1048576K
}
Event: 8.549 GC heap after
{Heap after GC invocations=149 (full 9):
 PSYoungGen      total 25600K, used 1175K [0x00000000eab00000, 0x00000000ec600000, 0x0000000100000000)
  eden space 23552K, 0% used [0x00000000eab00000,0x00000000eab00000,0x00000000ec200000)
  from space 2048K, 57% used [0x00000000ec200000,0x00000000ec325fc8,0x00000000ec400000)
  to   space 1536K, 0% used [0x00000000ec480000,0x00000000ec480000,0x00000000ec600000)
 ParOldGen       total 317440K, used 283918K [0x00000000c0000000, 0x00000000d3600000, 0x00000000eab00000)
  object space 317440K, 89% used [0x00000000c0000000,0x00000000d1543bb0,0x00000000d3600000)
 Metaspace       used 62228K, committed 63296K, reserved 1114112K
  class space    used 7072K, committed 7552K, reserved 1048576K
}
Event: 8.567 GC heap before
{Heap before GC invocations=150 (full 9):
 PSYoungGen      total 25600K, used 24727K [0x00000000eab00000, 0x00000000ec600000, 0x0000000100000000)
  eden space 23552K, 100% used [0x00000000eab00000,0x00000000ec200000,0x00000000ec200000)
  from space 2048K, 57% used [0x00000000ec200000,0x00000000ec325fc8,0x00000000ec400000)
  to   space 1536K, 0% used [0x00000000ec480000,0x00000000ec480000,0x00000000ec600000)
 ParOldGen       total 317440K, used 283918K [0x00000000c0000000, 0x00000000d3600000, 0x00000000eab00000)
  object space 317440K, 89% used [0x00000000c0000000,0x00000000d1543bb0,0x00000000d3600000)
 Metaspace       used 62427K, committed 63488K, reserved 1114112K
  class space    used 7095K, committed 7552K, reserved 1048576K
}
Event: 8.569 GC heap after
{Heap after GC invocations=150 (full 9):
 PSYoungGen      total 24064K, used 1527K [0x00000000eab00000, 0x00000000ecb00000, 0x0000000100000000)
  eden space 22528K, 0% used [0x00000000eab00000,0x00000000eab00000,0x00000000ec100000)
  from space 1536K, 99% used [0x00000000ec480000,0x00000000ec5fdfc8,0x00000000ec600000)
  to   space 3584K, 0% used [0x00000000ec100000,0x00000000ec100000,0x00000000ec480000)
 ParOldGen       total 317440K, used 285209K [0x00000000c0000000, 0x00000000d3600000, 0x00000000eab00000)
  object space 317440K, 89% used [0x00000000c0000000,0x00000000d1686418,0x00000000d3600000)
 Metaspace       used 62427K, committed 63488K, reserved 1114112K
  class space    used 7095K, committed 7552K, reserved 1048576K
}
Event: 8.666 GC heap before
{Heap before GC invocations=151 (full 9):
 PSYoungGen      total 24064K, used 24055K [0x00000000eab00000, 0x00000000ecb00000, 0x0000000100000000)
  eden space 22528K, 100% used [0x00000000eab00000,0x00000000ec100000,0x00000000ec100000)
  from space 1536K, 99% used [0x00000000ec480000,0x00000000ec5fdfc8,0x00000000ec600000)
  to   space 3584K, 0% used [0x00000000ec100000,0x00000000ec100000,0x00000000ec480000)
 ParOldGen       total 317440K, used 285209K [0x00000000c0000000, 0x00000000d3600000, 0x00000000eab00000)
  object space 317440K, 89% used [0x00000000c0000000,0x00000000d1686418,0x00000000d3600000)
 Metaspace       used 62928K, committed 64000K, reserved 1114112K
  class space    used 7145K, committed 7616K, reserved 1048576K
}
Event: 8.667 GC heap after
{Heap after GC invocations=151 (full 9):
 PSYoungGen      total 26112K, used 1936K [0x00000000eab00000, 0x00000000ec780000, 0x0000000100000000)
  eden space 22528K, 0% used [0x00000000eab00000,0x00000000eab00000,0x00000000ec100000)
  from space 3584K, 54% used [0x00000000ec100000,0x00000000ec2e4010,0x00000000ec480000)
  to   space 2560K, 0% used [0x00000000ec500000,0x00000000ec500000,0x00000000ec780000)
 ParOldGen       total 317440K, used 286066K [0x00000000c0000000, 0x00000000d3600000, 0x00000000eab00000)
  object space 317440K, 90% used [0x00000000c0000000,0x00000000d175caf8,0x00000000d3600000)
 Metaspace       used 62928K, committed 64000K, reserved 1114112K
  class space    used 7145K, committed 7616K, reserved 1048576K
}
Event: 8.744 GC heap before
{Heap before GC invocations=152 (full 9):
 PSYoungGen      total 26112K, used 24464K [0x00000000eab00000, 0x00000000ec780000, 0x0000000100000000)
  eden space 22528K, 100% used [0x00000000eab00000,0x00000000ec100000,0x00000000ec100000)
  from space 3584K, 54% used [0x00000000ec100000,0x00000000ec2e4010,0x00000000ec480000)
  to   space 2560K, 0% used [0x00000000ec500000,0x00000000ec500000,0x00000000ec780000)
 ParOldGen       total 317440K, used 286066K [0x00000000c0000000, 0x00000000d3600000, 0x00000000eab00000)
  object space 317440K, 90% used [0x00000000c0000000,0x00000000d175caf8,0x00000000d3600000)
 Metaspace       used 63240K, committed 64256K, reserved 1114112K
  class space    used 7178K, committed 7616K, reserved 1048576K
}
Event: 8.746 GC heap after
{Heap after GC invocations=152 (full 9):
 PSYoungGen      total 26624K, used 2233K [0x00000000eab00000, 0x00000000ec780000, 0x0000000100000000)
  eden space 24064K, 0% used [0x00000000eab00000,0x00000000eab00000,0x00000000ec280000)
  from space 2560K, 87% used [0x00000000ec500000,0x00000000ec72e470,0x00000000ec780000)
  to   space 2560K, 0% used [0x00000000ec280000,0x00000000ec280000,0x00000000ec500000)
 ParOldGen       total 317440K, used 286074K [0x00000000c0000000, 0x00000000d3600000, 0x00000000eab00000)
  object space 317440K, 90% used [0x00000000c0000000,0x00000000d175eaf8,0x00000000d3600000)
 Metaspace       used 63240K, committed 64256K, reserved 1114112K
  class space    used 7178K, committed 7616K, reserved 1048576K
}

Dll operation events (13 events):
Event: 0.005 Loaded shared library c:\Users\Sayan Ghosh\.vscode\extensions\redhat.java-1.26.0-win32-x64\jre\17.0.9-win32-x86_64\bin\java.dll
Event: 0.097 Loaded shared library c:\Users\Sayan Ghosh\.vscode\extensions\redhat.java-1.26.0-win32-x64\jre\17.0.9-win32-x86_64\bin\zip.dll
Event: 0.100 Loaded shared library C:\Users\Sayan Ghosh\.vscode\extensions\redhat.java-1.26.0-win32-x64\jre\17.0.9-win32-x86_64\bin\instrument.dll
Event: 0.112 Loaded shared library C:\Users\Sayan Ghosh\.vscode\extensions\redhat.java-1.26.0-win32-x64\jre\17.0.9-win32-x86_64\bin\net.dll
Event: 0.113 Loaded shared library C:\Users\Sayan Ghosh\.vscode\extensions\redhat.java-1.26.0-win32-x64\jre\17.0.9-win32-x86_64\bin\nio.dll
Event: 0.119 Loaded shared library C:\Users\Sayan Ghosh\.vscode\extensions\redhat.java-1.26.0-win32-x64\jre\17.0.9-win32-x86_64\bin\zip.dll
Event: 0.134 Loaded shared library C:\Users\Sayan Ghosh\.vscode\extensions\redhat.java-1.26.0-win32-x64\jre\17.0.9-win32-x86_64\bin\jimage.dll
Event: 0.174 Loaded shared library c:\Users\Sayan Ghosh\.vscode\extensions\redhat.java-1.26.0-win32-x64\jre\17.0.9-win32-x86_64\bin\verify.dll
Event: 0.741 Loaded shared library C:\Users\Sayan Ghosh\AppData\Roaming\Code\User\globalStorage\redhat.java\1.26.0\config_win\org.eclipse.equinox.launcher\org.eclipse.equinox.launcher.win32.win32.x86_64_1.2.800.v20231003-1442\eclipse_11802.dll
Event: 2.930 Loaded shared library C:\Users\Sayan Ghosh\AppData\Local\Temp\jna-1011240315\jna5395617273360607187.dll
Event: 7.436 Loaded shared library C:\Users\Sayan Ghosh\.gradle\native\68d5fa5c4cc2d200863cafc0d521ce42e7d3e7ee720ec0a83991735586a16f82\windows-amd64\native-platform.dll
Event: 7.836 Loaded shared library C:\Users\Sayan Ghosh\.vscode\extensions\redhat.java-1.26.0-win32-x64\jre\17.0.9-win32-x86_64\bin\management.dll
Event: 7.838 Loaded shared library C:\Users\Sayan Ghosh\.vscode\extensions\redhat.java-1.26.0-win32-x64\jre\17.0.9-win32-x86_64\bin\management_ext.dll

Deoptimization events (20 events):
Event: 8.730 Thread 0x0000016a295ab570 Uncommon trap: trap_request=0xffffff45 fr.pc=0x0000016a168c13d8 relative=0x0000000000000f18
Event: 8.730 Thread 0x0000016a295ab570 Uncommon trap: reason=unstable_if action=reinterpret pc=0x0000016a168c13d8 method=org.eclipse.jdt.internal.compiler.util.JrtFileSystem$2.visitFile(Ljava/nio/file/Path;Ljava/nio/file/attribute/BasicFileAttributes;)Ljava/nio/file/FileVisitResult; @ 6 c2
Event: 8.730 Thread 0x0000016a295ab570 DEOPT PACKING pc=0x0000016a168c13d8 sp=0x00000002b5bfdbc0
Event: 8.730 Thread 0x0000016a295ab570 DEOPT UNPACKING pc=0x0000016a15dc66a3 sp=0x00000002b5bfdbb8 mode 2
Event: 8.730 Thread 0x0000016a295ab570 Uncommon trap: trap_request=0xffffffde fr.pc=0x0000016a168a537c relative=0x000000000000189c
Event: 8.730 Thread 0x0000016a295ab570 Uncommon trap: reason=class_check action=maybe_recompile pc=0x0000016a168a537c method=org.eclipse.jdt.internal.compiler.util.JrtFileSystem$2.preVisitDirectory(Ljava/nio/file/Path;Ljava/nio/file/attribute/BasicFileAttributes;)Ljava/nio/file/FileVisitResult
Event: 8.730 Thread 0x0000016a295ab570 DEOPT PACKING pc=0x0000016a168a537c sp=0x00000002b5bfdca0
Event: 8.730 Thread 0x0000016a295ab570 DEOPT UNPACKING pc=0x0000016a15dc66a3 sp=0x00000002b5bfdba8 mode 2
Event: 8.731 Thread 0x0000016a295ab570 Uncommon trap: trap_request=0xffffffde fr.pc=0x0000016a168a537c relative=0x000000000000189c
Event: 8.731 Thread 0x0000016a295ab570 Uncommon trap: reason=class_check action=maybe_recompile pc=0x0000016a168a537c method=org.eclipse.jdt.internal.compiler.util.JrtFileSystem$2.preVisitDirectory(Ljava/nio/file/Path;Ljava/nio/file/attribute/BasicFileAttributes;)Ljava/nio/file/FileVisitResult
Event: 8.731 Thread 0x0000016a295ab570 DEOPT PACKING pc=0x0000016a168a537c sp=0x00000002b5bfdca0
Event: 8.731 Thread 0x0000016a295ab570 DEOPT UNPACKING pc=0x0000016a15dc66a3 sp=0x00000002b5bfdba8 mode 2
Event: 8.732 Thread 0x0000016a295ab570 Uncommon trap: trap_request=0xffffffde fr.pc=0x0000016a168a537c relative=0x000000000000189c
Event: 8.732 Thread 0x0000016a295ab570 Uncommon trap: reason=class_check action=maybe_recompile pc=0x0000016a168a537c method=org.eclipse.jdt.internal.compiler.util.JrtFileSystem$2.preVisitDirectory(Ljava/nio/file/Path;Ljava/nio/file/attribute/BasicFileAttributes;)Ljava/nio/file/FileVisitResult
Event: 8.732 Thread 0x0000016a295ab570 DEOPT PACKING pc=0x0000016a168a537c sp=0x00000002b5bfdca0
Event: 8.732 Thread 0x0000016a295ab570 DEOPT UNPACKING pc=0x0000016a15dc66a3 sp=0x00000002b5bfdba8 mode 2
Event: 8.754 Thread 0x0000016a295ab570 Uncommon trap: trap_request=0xffffffc6 fr.pc=0x0000016a16a80780 relative=0x0000000000000c20
Event: 8.754 Thread 0x0000016a295ab570 Uncommon trap: reason=bimorphic_or_optimized_type_check action=maybe_recompile pc=0x0000016a16a80780 method=java.util.regex.Pattern$Begin.match(Ljava/util/regex/Matcher;ILjava/lang/CharSequence;)Z @ 30 c2
Event: 8.754 Thread 0x0000016a295ab570 DEOPT PACKING pc=0x0000016a16a80780 sp=0x00000002b5bfa0a0
Event: 8.754 Thread 0x0000016a295ab570 DEOPT UNPACKING pc=0x0000016a15dc66a3 sp=0x00000002b5bfa050 mode 2

Classes unloaded (7 events):
Event: 2.939 Thread 0x0000016a2025fd00 Unloading class 0x0000000100256400 'java/lang/invoke/LambdaForm$MH+0x0000000100256400'
Event: 2.939 Thread 0x0000016a2025fd00 Unloading class 0x0000000100256000 'java/lang/invoke/LambdaForm$MH+0x0000000100256000'
Event: 2.939 Thread 0x0000016a2025fd00 Unloading class 0x0000000100255c00 'java/lang/invoke/LambdaForm$MH+0x0000000100255c00'
Event: 2.939 Thread 0x0000016a2025fd00 Unloading class 0x0000000100255800 'java/lang/invoke/LambdaForm$MH+0x0000000100255800'
Event: 2.939 Thread 0x0000016a2025fd00 Unloading class 0x0000000100255400 'java/lang/invoke/LambdaForm$BMH+0x0000000100255400'
Event: 2.939 Thread 0x0000016a2025fd00 Unloading class 0x0000000100255000 'java/lang/invoke/LambdaForm$DMH+0x0000000100255000'
Event: 2.939 Thread 0x0000016a2025fd00 Unloading class 0x0000000100250400 'java/lang/invoke/LambdaForm$DMH+0x0000000100250400'

Classes redefined (0 events):
No events

Internal exceptions (20 events):
Event: 8.402 Thread 0x0000016a295ad3d0 Exception <a 'sun/nio/fs/WindowsException'{0x00000000eb69d250}> (0x00000000eb69d250) 
thrown [s\src\hotspot\share\prims\jni.cpp, line 516]
Event: 8.402 Thread 0x0000016a295ad3d0 Exception <a 'sun/nio/fs/WindowsException'{0x00000000eb6a2ef8}> (0x00000000eb6a2ef8) 
thrown [s\src\hotspot\share\prims\jni.cpp, line 516]
Event: 8.402 Thread 0x0000016a295ad3d0 Exception <a 'sun/nio/fs/WindowsException'{0x00000000eb6a8840}> (0x00000000eb6a8840) 
thrown [s\src\hotspot\share\prims\jni.cpp, line 516]
Event: 8.403 Thread 0x0000016a295ad3d0 Exception <a 'sun/nio/fs/WindowsException'{0x00000000eb6ae9f0}> (0x00000000eb6ae9f0) 
thrown [s\src\hotspot\share\prims\jni.cpp, line 516]
Event: 8.493 Thread 0x0000016a295ad3d0 Exception <a 'sun/nio/fs/WindowsException'{0x00000000eae7f030}> (0x00000000eae7f030) 
thrown [s\src\hotspot\share\prims\jni.cpp, line 516]
Event: 8.498 Thread 0x0000016a295ad3d0 Exception <a 'sun/nio/fs/WindowsException'{0x00000000eaeb9020}> (0x00000000eaeb9020) 
thrown [s\src\hotspot\share\prims\jni.cpp, line 516]
Event: 8.499 Thread 0x0000016a295ac4a0 Exception <a 'java/lang/NoSuchMethodError'{0x00000000eaed8a08}: 'int java.lang.invoke.DirectMethodHandle$Holder.invokeVirtual(java.lang.Object, java.lang.Object)'> (0x00000000eaed8a08) 
thrown [s\src\hotspot\share\interpreter\linkResolver.cpp, line 759]
Event: 8.501 Thread 0x0000016a295ad3d0 Exception <a 'sun/nio/fs/WindowsException'{0x00000000eaed1c68}> (0x00000000eaed1c68) 
thrown [s\src\hotspot\share\prims\jni.cpp, line 516]
Event: 8.528 Thread 0x0000016a295ab060 Exception <a 'sun/nio/fs/WindowsException'{0x00000000eb88da58}> (0x00000000eb88da58) 
thrown [s\src\hotspot\share\prims\jni.cpp, line 516]
Event: 8.531 Thread 0x0000016a295ab060 Implicit null exception at 0x0000016a168104ef to 0x0000016a1681095c
Event: 8.532 Thread 0x0000016a295ab060 Exception <a 'sun/nio/fs/WindowsException'{0x00000000eba708a8}> (0x00000000eba708a8) 
thrown [s\src\hotspot\share\prims\jni.cpp, line 516]
Event: 8.535 Thread 0x0000016a295ab060 Exception <a 'java/lang/NoSuchMethodError'{0x00000000ebc10fa0}: 'java.lang.Object java.lang.invoke.DirectMethodHandle$Holder.invokeStatic(java.lang.Object, java.lang.Object, int, java.lang.Object)'> (0x00000000ebc10fa0) 
thrown [s\src\hotspot\share\interpreter\linkResolver.cpp, line 759]
Event: 8.578 Thread 0x0000016a295b1ab0 Exception <a 'sun/nio/fs/WindowsException'{0x00000000eab0bc20}> (0x00000000eab0bc20) 
thrown [s\src\hotspot\share\prims\jni.cpp, line 516]
Event: 8.609 Thread 0x0000016a295ad3d0 Exception <a 'java/io/FileNotFoundException'{0x00000000eafa14e0}> (0x00000000eafa14e0) 
thrown [s\src\hotspot\share\prims\jni.cpp, line 516]
Event: 8.697 Thread 0x0000016a295ab570 Exception <a 'java/lang/NoSuchMethodError'{0x00000000eb4226c8}: 'java.lang.Object java.lang.invoke.DirectMethodHandle$Holder.newInvokeSpecial(java.lang.Object, java.lang.Object, java.lang.Object, java.lang.Object, java.lang.Object, java.lang.Object)'> (0x00000000eb4226c8) 
thrown [s\src\hotspot\share\interpreter\linkResolver.cpp, line 759]
Event: 8.702 Thread 0x0000016a295ab570 Exception <a 'java/lang/NoSuchMethodError'{0x00000000eb440c90}: 'int java.lang.invoke.DirectMethodHandle$Holder.invokeStatic(java.lang.Object)'> (0x00000000eb440c90) 
thrown [s\src\hotspot\share\interpreter\linkResolver.cpp, line 759]
Event: 8.720 Thread 0x0000016a295ab570 Exception <a 'java/io/FileNotFoundException'{0x00000000eb4ea9e8}> (0x00000000eb4ea9e8) 
thrown [s\src\hotspot\share\prims\jni.cpp, line 516]
Event: 8.721 Thread 0x0000016a295ab570 Exception <a 'java/io/FileNotFoundException'{0x00000000eb4ec2d8}> (0x00000000eb4ec2d8) 
thrown [s\src\hotspot\share\prims\jni.cpp, line 516]
Event: 8.721 Thread 0x0000016a295ab570 Exception <a 'java/io/FileNotFoundException'{0x00000000eb4ed5c8}> (0x00000000eb4ed5c8) 
thrown [s\src\hotspot\share\prims\jni.cpp, line 516]
Event: 8.750 Thread 0x0000016a295ab570 Exception <a 'java/lang/NoSuchMethodError'{0x00000000ead82e78}: 'java.lang.Object java.lang.invoke.DirectMethodHandle$Holder.invokeVirtual(java.lang.Object, java.lang.Object, java.lang.Object)'> (0x00000000ead82e78) 
thrown [s\src\hotspot\share\interpreter\linkResolver.cpp, line 759]

VM Operations (20 events):
Event: 8.464 Executing VM operation: ParallelGCFailedAllocation
Event: 8.467 Executing VM operation: ParallelGCFailedAllocation done
Event: 8.547 Executing VM operation: ParallelGCFailedAllocation
Event: 8.549 Executing VM operation: ParallelGCFailedAllocation done
Event: 8.556 Executing VM operation: HandshakeAllThreads
Event: 8.556 Executing VM operation: HandshakeAllThreads done
Event: 8.557 Executing VM operation: HandshakeAllThreads
Event: 8.557 Executing VM operation: HandshakeAllThreads done
Event: 8.560 Executing VM operation: HandshakeAllThreads
Event: 8.560 Executing VM operation: HandshakeAllThreads done
Event: 8.561 Executing VM operation: HandshakeAllThreads
Event: 8.562 Executing VM operation: HandshakeAllThreads done
Event: 8.566 Executing VM operation: ParallelGCFailedAllocation
Event: 8.569 Executing VM operation: ParallelGCFailedAllocation done
Event: 8.628 Executing VM operation: HandshakeAllThreads
Event: 8.628 Executing VM operation: HandshakeAllThreads done
Event: 8.666 Executing VM operation: ParallelGCFailedAllocation
Event: 8.667 Executing VM operation: ParallelGCFailedAllocation done
Event: 8.744 Executing VM operation: ParallelGCFailedAllocation
Event: 8.746 Executing VM operation: ParallelGCFailedAllocation done

Events (20 events):
Event: 8.558 loading class java/util/ArrayDeque$DeqSpliterator done
Event: 8.561 Thread 0x0000016a295aba80 Thread added: 0x0000016a295aba80
Event: 8.564 loading class java/util/Collections$SynchronizedRandomAccessList
Event: 8.564 loading class java/util/Collections$SynchronizedList
Event: 8.564 loading class java/util/Collections$SynchronizedList done
Event: 8.564 loading class java/util/Collections$SynchronizedRandomAccessList done
Event: 8.565 Thread 0x0000016a2b823020 Thread added: 0x0000016a2b823020
Event: 8.570 loading class java/util/concurrent/CompletableFuture$Signaller
Event: 8.571 loading class java/util/concurrent/CompletableFuture$Signaller done
Event: 8.571 Thread 0x0000016a2b823570 Thread added: 0x0000016a2b823570
Event: 8.572 Thread 0x0000016a2b824010 Thread added: 0x0000016a2b824010
Event: 8.589 loading class java/util/Hashtable$KeySet
Event: 8.589 loading class java/util/Hashtable$KeySet done
Event: 8.616 loading class java/util/stream/DistinctOps
Event: 8.616 loading class java/util/stream/DistinctOps done
Event: 8.616 loading class java/util/stream/DistinctOps$1
Event: 8.616 loading class java/util/stream/DistinctOps$1 done
Event: 8.616 loading class java/util/stream/DistinctOps$1$2
Event: 8.616 loading class java/util/stream/DistinctOps$1$2 done
Event: 8.636 Thread 0x0000016a2b81fb00 Thread added: 0x0000016a2b81fb00


Dynamic libraries:
0x00007ff60eae0000 - 0x00007ff60eaee000 	c:\Users\Sayan Ghosh\.vscode\extensions\redhat.java-1.26.0-win32-x64\jre\17.0.9-win32-x86_64\bin\java.exe
0x00007ffc27670000 - 0x00007ffc27868000 	C:\Windows\SYSTEM32\ntdll.dll
0x00007ffc26e50000 - 0x00007ffc26f0f000 	C:\Windows\System32\KERNEL32.DLL
0x00007ffc25160000 - 0x00007ffc25432000 	C:\Windows\System32\KERNELBASE.dll
0x00007ffc25590000 - 0x00007ffc25690000 	C:\Windows\System32\ucrtbase.dll
0x00007ffc1f180000 - 0x00007ffc1f19b000 	c:\Users\Sayan Ghosh\.vscode\extensions\redhat.java-1.26.0-win32-x64\jre\17.0.9-win32-x86_64\bin\VCRUNTIME140.dll
0x00007ffc1f570000 - 0x00007ffc1f587000 	c:\Users\Sayan Ghosh\.vscode\extensions\redhat.java-1.26.0-win32-x64\jre\17.0.9-win32-x86_64\bin\jli.dll
0x00007ffc26660000 - 0x00007ffc26801000 	C:\Windows\System32\USER32.dll
0x00007ffc25690000 - 0x00007ffc256b2000 	C:\Windows\System32\win32u.dll
0x00007ffc0ebf0000 - 0x00007ffc0ee8a000 	C:\Windows\WinSxS\amd64_microsoft.windows.common-controls_6595b64144ccf1df_6.0.19041.1110_none_60b5254171f9507e\COMCTL32.dll
0x00007ffc27310000 - 0x00007ffc2733b000 	C:\Windows\System32\GDI32.dll
0x00007ffc24da0000 - 0x00007ffc24eaf000 	C:\Windows\System32\gdi32full.dll
0x00007ffc26930000 - 0x00007ffc269ce000 	C:\Windows\System32\msvcrt.dll
0x00007ffc25440000 - 0x00007ffc254dd000 	C:\Windows\System32\msvcp_win.dll
0x00007ffc26820000 - 0x00007ffc26850000 	C:\Windows\System32\IMM32.DLL
0x00007ffc1f330000 - 0x00007ffc1f33c000 	c:\Users\Sayan Ghosh\.vscode\extensions\redhat.java-1.26.0-win32-x64\jre\17.0.9-win32-x86_64\bin\vcruntime140_1.dll
0x00007ffc06410000 - 0x00007ffc0649d000 	c:\Users\Sayan Ghosh\.vscode\extensions\redhat.java-1.26.0-win32-x64\jre\17.0.9-win32-x86_64\bin\msvcp140.dll
0x00007ffbc1560000 - 0x00007ffbc21c1000 	c:\Users\Sayan Ghosh\.vscode\extensions\redhat.java-1.26.0-win32-x64\jre\17.0.9-win32-x86_64\bin\server\jvm.dll
0x00007ffc271e0000 - 0x00007ffc2728e000 	C:\Windows\System32\ADVAPI32.dll
0x00007ffc26a30000 - 0x00007ffc26acc000 	C:\Windows\System32\sechost.dll
0x00007ffc273c0000 - 0x00007ffc274e4000 	C:\Windows\System32\RPCRT4.dll
0x00007ffc182d0000 - 0x00007ffc182f7000 	C:\Windows\SYSTEM32\WINMM.dll
0x00007ffc242b0000 - 0x00007ffc242fb000 	C:\Windows\SYSTEM32\POWRPROF.dll
0x00007ffc1b170000 - 0x00007ffc1b17a000 	C:\Windows\SYSTEM32\VERSION.dll
0x00007ffc0f8a0000 - 0x00007ffc0f8a9000 	C:\Windows\SYSTEM32\WSOCK32.dll
0x00007ffc27170000 - 0x00007ffc271db000 	C:\Windows\System32\WS2_32.dll
0x00007ffc24170000 - 0x00007ffc24182000 	C:\Windows\SYSTEM32\UMPDC.dll
0x00007ffc22c10000 - 0x00007ffc22c22000 	C:\Windows\SYSTEM32\kernel.appcore.dll
0x00007ffc1ee90000 - 0x00007ffc1ee9a000 	c:\Users\Sayan Ghosh\.vscode\extensions\redhat.java-1.26.0-win32-x64\jre\17.0.9-win32-x86_64\bin\jimage.dll
0x00007ffc152b0000 - 0x00007ffc15494000 	C:\Windows\SYSTEM32\DBGHELP.DLL
0x00007ffc0cb60000 - 0x00007ffc0cb95000 	C:\Windows\SYSTEM32\dbgcore.DLL
0x00007ffc24eb0000 - 0x00007ffc24f32000 	C:\Windows\System32\bcryptPrimitives.dll
0x00007ffc1ee80000 - 0x00007ffc1ee8e000 	c:\Users\Sayan Ghosh\.vscode\extensions\redhat.java-1.26.0-win32-x64\jre\17.0.9-win32-x86_64\bin\instrument.dll
0x00007ffc0f7e0000 - 0x00007ffc0f805000 	c:\Users\Sayan Ghosh\.vscode\extensions\redhat.java-1.26.0-win32-x64\jre\17.0.9-win32-x86_64\bin\java.dll
0x00007ffc0f540000 - 0x00007ffc0f558000 	c:\Users\Sayan Ghosh\.vscode\extensions\redhat.java-1.26.0-win32-x64\jre\17.0.9-win32-x86_64\bin\zip.dll
0x00007ffc25e40000 - 0x00007ffc26585000 	C:\Windows\System32\SHELL32.dll
0x00007ffc22e10000 - 0x00007ffc235a2000 	C:\Windows\SYSTEM32\windows.storage.dll
0x00007ffc26af0000 - 0x00007ffc26e45000 	C:\Windows\System32\combase.dll
0x00007ffc246f0000 - 0x00007ffc24720000 	C:\Windows\SYSTEM32\Wldp.dll
0x00007ffc270c0000 - 0x00007ffc2716d000 	C:\Windows\System32\SHCORE.dll
0x00007ffc27350000 - 0x00007ffc273a5000 	C:\Windows\System32\shlwapi.dll
0x00007ffc24cb0000 - 0x00007ffc24ccf000 	C:\Windows\SYSTEM32\profapi.dll
0x00007ffc0f520000 - 0x00007ffc0f539000 	C:\Users\Sayan Ghosh\.vscode\extensions\redhat.java-1.26.0-win32-x64\jre\17.0.9-win32-x86_64\bin\net.dll
0x00007ffc1e3d0000 - 0x00007ffc1e4da000 	C:\Windows\SYSTEM32\WINHTTP.dll
0x00007ffc244d0000 - 0x00007ffc2453a000 	C:\Windows\system32\mswsock.dll
0x00007ffc09450000 - 0x00007ffc09466000 	C:\Users\Sayan Ghosh\.vscode\extensions\redhat.java-1.26.0-win32-x64\jre\17.0.9-win32-x86_64\bin\nio.dll
0x00007ffc1df90000 - 0x00007ffc1dfa0000 	c:\Users\Sayan Ghosh\.vscode\extensions\redhat.java-1.26.0-win32-x64\jre\17.0.9-win32-x86_64\bin\verify.dll
0x00007ffc06370000 - 0x00007ffc063ae000 	C:\Users\Sayan Ghosh\AppData\Roaming\Code\User\globalStorage\redhat.java\1.26.0\config_win\org.eclipse.equinox.launcher\org.eclipse.equinox.launcher.win32.win32.x86_64_1.2.800.v20231003-1442\eclipse_11802.dll
0x00007ffc25cb0000 - 0x00007ffc25dda000 	C:\Windows\System32\ole32.dll
0x00007ffc24730000 - 0x00007ffc24748000 	C:\Windows\SYSTEM32\CRYPTSP.dll
0x00007ffc23da0000 - 0x00007ffc23dd4000 	C:\Windows\system32\rsaenh.dll
0x00007ffc24d70000 - 0x00007ffc24d97000 	C:\Windows\System32\bcrypt.dll
0x00007ffc24c70000 - 0x00007ffc24c9e000 	C:\Windows\SYSTEM32\USERENV.dll
0x00007ffc24660000 - 0x00007ffc2466c000 	C:\Windows\SYSTEM32\CRYPTBASE.dll
0x00007ffc24190000 - 0x00007ffc241cb000 	C:\Windows\SYSTEM32\IPHLPAPI.DLL
0x00007ffc273b0000 - 0x00007ffc273b8000 	C:\Windows\System32\NSI.dll
0x00007ffc1eef0000 - 0x00007ffc1ef07000 	C:\Windows\SYSTEM32\dhcpcsvc6.DLL
0x00007ffc1eed0000 - 0x00007ffc1eeed000 	C:\Windows\SYSTEM32\dhcpcsvc.DLL
0x00007ffc241d0000 - 0x00007ffc2429b000 	C:\Windows\SYSTEM32\DNSAPI.dll
0x00007ffbee210000 - 0x00007ffbee255000 	C:\Users\Sayan Ghosh\AppData\Local\Temp\jna-1011240315\jna5395617273360607187.dll
0x00007ffc27340000 - 0x00007ffc27348000 	C:\Windows\System32\PSAPI.DLL
0x00007ffc04750000 - 0x00007ffc04777000 	C:\Users\Sayan Ghosh\.gradle\native\68d5fa5c4cc2d200863cafc0d521ce42e7d3e7ee720ec0a83991735586a16f82\windows-amd64\native-platform.dll
0x00007ffc1db10000 - 0x00007ffc1db19000 	C:\Users\Sayan Ghosh\.vscode\extensions\redhat.java-1.26.0-win32-x64\jre\17.0.9-win32-x86_64\bin\management.dll
0x00007ffc0f760000 - 0x00007ffc0f76b000 	C:\Users\Sayan Ghosh\.vscode\extensions\redhat.java-1.26.0-win32-x64\jre\17.0.9-win32-x86_64\bin\management_ext.dll

dbghelp: loaded successfully - version: 4.0.5 - missing functions: none
symbol engine: initialized successfully - sym options: 0x614 - pdb path: .;c:\Users\Sayan Ghosh\.vscode\extensions\redhat.java-1.26.0-win32-x64\jre\17.0.9-win32-x86_64\bin;C:\Windows\SYSTEM32;C:\Windows\WinSxS\amd64_microsoft.windows.common-controls_6595b64144ccf1df_6.0.19041.1110_none_60b5254171f9507e;c:\Users\Sayan Ghosh\.vscode\extensions\redhat.java-1.26.0-win32-x64\jre\17.0.9-win32-x86_64\bin\server;C:\Users\Sayan Ghosh\AppData\Roaming\Code\User\globalStorage\redhat.java\1.26.0\config_win\org.eclipse.equinox.launcher\org.eclipse.equinox.launcher.win32.win32.x86_64_1.2.800.v20231003-1442;C:\Users\Sayan Ghosh\AppData\Local\Temp\jna-1011240315;C:\Users\Sayan Ghosh\.gradle\native\68d5fa5c4cc2d200863cafc0d521ce42e7d3e7ee720ec0a83991735586a16f82\windows-amd64

VM Arguments:
jvm_args: --add-modules=ALL-SYSTEM --add-opens=java.base/java.util=ALL-UNNAMED --add-opens=java.base/java.lang=ALL-UNNAMED --add-opens=java.base/sun.nio.fs=ALL-UNNAMED -Declipse.application=org.eclipse.jdt.ls.core.id1 -Dosgi.bundles.defaultStartLevel=4 -Declipse.product=org.eclipse.jdt.ls.core.product -Djava.import.generatesMetadataFilesAtProjectRoot=false -DDetectVMInstallationsJob.disabled=true -Dfile.encoding=utf8 -XX:+UseParallelGC -XX:GCTimeRatio=4 -XX:AdaptiveSizePolicyWeight=90 -Dsun.zip.disableMemoryMapping=true -Xmx1G -Xms100m -Xlog:disable -javaagent:c:\Users\Sayan Ghosh\.vscode\extensions\redhat.java-1.26.0-win32-x64\lombok\lombok-1.18.31-3454.jar -XX:+HeapDumpOnOutOfMemoryError -XX:HeapDumpPath=c:\Users\Sayan Ghosh\AppData\Roaming\Code\User\workspaceStorage\c33210fa1faf9ff397d020b309761f5c\redhat.java -Daether.dependencyCollector.impl=bf 
java_command: c:\Users\Sayan Ghosh\.vscode\extensions\redhat.java-1.26.0-win32-x64\server\plugins\org.eclipse.equinox.launcher_1.6.700.v20231214-2017.jar -configuration c:\Users\Sayan Ghosh\AppData\Roaming\Code\User\globalStorage\redhat.java\1.26.0\config_win -data c:\Users\Sayan Ghosh\AppData\Roaming\Code\User\workspaceStorage\c33210fa1faf9ff397d020b309761f5c\redhat.java\jdt_ws --stdio
java_class_path (initial): c:\Users\Sayan Ghosh\.vscode\extensions\redhat.java-1.26.0-win32-x64\server\plugins\org.eclipse.equinox.launcher_1.6.700.v20231214-2017.jar
Launcher Type: SUN_STANDARD

[Global flags]
    uintx AdaptiveSizePolicyWeight                 = 90                                        {product} {command line}
     intx CICompilerCount                          = 12                                        {product} {ergonomic}
    uintx GCTimeRatio                              = 4                                         {product} {command line}
     bool HeapDumpOnOutOfMemoryError               = true                                   {manageable} {command line}
    ccstr HeapDumpPath                             = c:\Users\Sayan Ghosh\AppData\Roaming\Code\User\workspaceStorage\c33210fa1faf9ff397d020b309761f5c\redhat.java         {manageable} {command line}
   size_t InitialHeapSize                          = 104857600                                 {product} {command line}
   size_t MaxHeapSize                              = 1073741824                                {product} {command line}
   size_t MaxNewSize                               = 357564416                                 {product} {ergonomic}
   size_t MinHeapDeltaBytes                        = 524288                                    {product} {ergonomic}
   size_t MinHeapSize                              = 104857600                                 {product} {command line}
   size_t NewSize                                  = 34603008                                  {product} {ergonomic}
    uintx NonNMethodCodeHeapSize                   = 7602480                                {pd product} {ergonomic}
    uintx NonProfiledCodeHeapSize                  = 122027880                              {pd product} {ergonomic}
   size_t OldSize                                  = 70254592                                  {product} {ergonomic}
    uintx ProfiledCodeHeapSize                     = 122027880                              {pd product} {ergonomic}
    uintx ReservedCodeCacheSize                    = 251658240                              {pd product} {ergonomic}
     bool SegmentedCodeCache                       = true                                      {product} {ergonomic}
   size_t SoftMaxHeapSize                          = 1073741824                             {manageable} {ergonomic}
     bool UseCompressedClassPointers               = true                           {product lp64_product} {ergonomic}
     bool UseCompressedOops                        = true                           {product lp64_product} {ergonomic}
     bool UseLargePagesIndividualAllocation        = false                                  {pd product} {ergonomic}
     bool UseParallelGC                            = true                                      {product} {command line}

Logging:
Log output configuration:
 #0: stdout all=off uptime,level,tags
 #1: stderr all=off uptime,level,tags

Environment Variables:
JAVA_HOME=C:\Users\Sayan Ghosh\AppData\Local\Programs\Eclipse Adoptium\jdk-17.0.8.7-hotspot\
PATH=C:\Python311\Scripts\;C:\Python311\;C:\Windows\system32;C:\Windows;C:\Windows\System32\Wbem;C:\Windows\System32\WindowsPowerShell\v1.0\;C:\Windows\System32\OpenSSH\;C:\Program Files (x86)\NVIDIA Corporation\PhysX\Common;C:\Program Files\NVIDIA Corporation\NVIDIA NvDLISR;C:\MinGW\bin;C:\Program Files\Git\cmd;C:\Program Files\nodejs\;C:\ProgramData\chocolatey\bin;C:\Users\Sayan Ghosh\AppData\Local\Android\Sdk;C:\Users\Sayan Ghosh\AppData\Local\Android\Sdk\platform-tools;C:\Users\Sayan Ghosh\AppData\Local\Android\Sdk\emulator;C:\Users\Sayan Ghosh\AppData\Local\Android\Sdk\tools;C:\Users\Sayan Ghosh\AppData\Local\Android\Sdk\tools\bin;C:\Users\Sayan Ghosh\AppData\Local\Programs\Eclipse Adoptium\jdk-17.0.8.7-hotspot\bin;C:\Users\Sayan Ghosh\AppData\Local\Microsoft\WindowsApps;C:\Microsoft VS Code\bin;C:\Users\Sayan Ghosh\AppData\Local\GitHubDesktop\bin;C:\Users\Sayan Ghosh\AppData\Roaming\npm;C:\flutter\bin;C:\tools\dart-sdk\bin;C:\Users\Sayan Ghosh\AppData\Local\Pub\Cache\bin;C:\flutter\bin;C:\Users\Sayan Ghosh\AppData\Local\Android\Sdk;C:\Users\Sayan Ghosh\AppData\Local\Android\Sdk\platform-tools;C:\Users\Sayan Ghosh\AppData\Local\Android\Sdk\emulator;C:\Users\Sayan Ghosh\AppData\Local\Android\Sdk\tools;C:\Users\Sayan Ghosh\AppData\Local\Android\Sdk\tools\bin;
USERNAME=Sayan Ghosh
OS=Windows_NT
PROCESSOR_IDENTIFIER=Intel64 Family 6 Model 191 Stepping 2, GenuineIntel
TMP=C:\Users\SAYANG~1\AppData\Local\Temp
TEMP=C:\Users\SAYANG~1\AppData\Local\Temp



Periodic native trim disabled


---------------  S Y S T E M  ---------------

OS:
 Windows 10 , 64 bit Build 19041 (10.0.19041.2546)
OS uptime: 0 days 12:18 hours
Hyper-V role detected

CPU: total 16 (initial active 16) (8 cores per cpu, 2 threads per core) family 6 model 191 stepping 2 microcode 0x26, cx8, cmov, fxsr, ht, mmx, 3dnowpref, sse, sse2, sse3, ssse3, sse4.1, sse4.2, popcnt, lzcnt, tsc, tscinvbit, avx, avx2, aes, erms, clmul, bmi1, bmi2, adx, sha, fma, vzeroupper, clflush, clflushopt, clwb, hv
Processor Information for all 16 processors :
  Max Mhz: 2500, Current Mhz: 2500, Mhz Limit: 2500

Memory: 4k page, system-wide physical 16222M (3554M free)
TotalPageFile size 16222M (AvailPageFile size 5M)
current process WorkingSet (physical memory assigned to process): 666M, peak: 670M
current process commit charge ("private bytes"): 627M, peak: 633M

vm_info: OpenJDK 64-Bit Server VM (17.0.9+9) for windows-amd64 JRE (17.0.9+9), built on Oct 26 2023 14:01:42 by "admin" with MS VC++ 16.10 / 16.11 (VS2019)

END.
