#
# There is insufficient memory for the Java Runtime Environment to continue.
# Native memory allocation (malloc) failed to allocate 427168 bytes for Chunk::new
# Possible reasons:
#   The system is out of physical RAM or swap space
#   The process is running with CompressedOops enabled, and the Java Heap may be blocking the growth of the native heap
# Possible solutions:
#   Reduce memory load on the system
#   Increase physical memory or swap space
#   Check if swap backing store is full
#   Decrease Java heap size (-Xmx/-Xms)
#   Decrease number of Java threads
#   Decrease Java thread stack sizes (-Xss)
#   Set larger code cache with -XX:ReservedCodeCacheSize=
#   JVM is running with Unscaled Compressed Oops mode in which the Java heap is
#     placed in the first 4GB address space. The Java Heap base address is the
#     maximum limit for the native heap growth. Please use -XX:HeapBaseMinAddress
#     to set the Java Heap base and to place the Java Heap above 4GB virtual address.
# This output file may be truncated or incomplete.
#
#  Out of Memory Error (arena.cpp:191), pid=9336, tid=17972
#
# JRE version: OpenJDK Runtime Environment Temurin-17.0.9+9 (17.0.9+9) (build 17.0.9+9)
# Java VM: OpenJDK 64-Bit Server VM Temurin-17.0.9+9 (17.0.9+9, mixed mode, tiered, compressed oops, compressed class ptrs, parallel gc, windows-amd64)
# No core dump will be written. Minidumps are not enabled by default on client versions of Windows
#

---------------  S U M M A R Y ------------

Command Line: --add-modules=ALL-SYSTEM --add-opens=java.base/java.util=ALL-UNNAMED --add-opens=java.base/java.lang=ALL-UNNAMED --add-opens=java.base/sun.nio.fs=ALL-UNNAMED -Declipse.application=org.eclipse.jdt.ls.core.id1 -Dosgi.bundles.defaultStartLevel=4 -Declipse.product=org.eclipse.jdt.ls.core.product -Djava.import.generatesMetadataFilesAtProjectRoot=false -DDetectVMInstallationsJob.disabled=true -Dfile.encoding=utf8 -XX:+UseParallelGC -XX:GCTimeRatio=4 -XX:AdaptiveSizePolicyWeight=90 -Dsun.zip.disableMemoryMapping=true -Xmx1G -Xms100m -Xlog:disable -javaagent:c:\Users\Sayan Ghosh\.vscode\extensions\redhat.java-1.26.0-win32-x64\lombok\lombok-1.18.31-3454.jar -XX:+HeapDumpOnOutOfMemoryError -XX:HeapDumpPath=c:\Users\Sayan Ghosh\AppData\Roaming\Code\User\workspaceStorage\c33210fa1faf9ff397d020b309761f5c\redhat.java -Daether.dependencyCollector.impl=bf c:\Users\Sayan Ghosh\.vscode\extensions\redhat.java-1.26.0-win32-x64\server\plugins\org.eclipse.equinox.launcher_1.6.700.v20231214-2017.jar -configuration c:\Users\Sayan Ghosh\AppData\Roaming\Code\User\globalStorage\redhat.java\1.26.0\config_win -data c:\Users\Sayan Ghosh\AppData\Roaming\Code\User\workspaceStorage\c33210fa1faf9ff397d020b309761f5c\redhat.java\jdt_ws --stdio

Host: 13th Gen Intel(R) Core(TM) i5-13400F, 16 cores, 15G,  Windows 10 , 64 bit Build 19041 (10.0.19041.2546)
Time: Sun Jan 28 21:22:52 2024 India Standard Time elapsed time: 0.655486 seconds (0d 0h 0m 0s)

---------------  T H R E A D  ---------------

Current thread (0x000001e94af60b40):  JavaThread "C2 CompilerThread2" daemon [_thread_in_native, id=17972, stack(0x0000005ba9100000,0x0000005ba9200000)]


Current CompileTask:
C2:    655 1624       4       java.io.WinNTFileSystem::normalize (224 bytes)

Stack: [0x0000005ba9100000,0x0000005ba9200000]
Native frames: (J=compiled Java code, j=interpreted, Vv=VM code, C=native code)
V  [jvm.dll+0x67cf49]
V  [jvm.dll+0x83478a]
V  [jvm.dll+0x83624e]
V  [jvm.dll+0x8368b3]
V  [jvm.dll+0x247f1f]
V  [jvm.dll+0xac43c]
V  [jvm.dll+0xaca8c]
V  [jvm.dll+0x367067]
V  [jvm.dll+0x3313ba]
V  [jvm.dll+0x33085a]
V  [jvm.dll+0x21a5b1]
V  [jvm.dll+0x2199d1]
V  [jvm.dll+0x1a57cd]
V  [jvm.dll+0x2297ae]
V  [jvm.dll+0x22797c]
V  [jvm.dll+0x7e9877]
V  [jvm.dll+0x7e3c3a]
V  [jvm.dll+0x67be35]
C  [ucrtbase.dll+0x21bb2]
C  [KERNEL32.DLL+0x17614]
C  [ntdll.dll+0x526a1]


---------------  P R O C E S S  ---------------

Threads class SMR info:
_java_thread_list=0x000001e94d7dd380, length=23, elements={
0x000001e931c144d0, 0x000001e945a96cb0, 0x000001e945a99f20, 0x000001e94adb0050,
0x000001e945aab6e0, 0x000001e94add4020, 0x000001e94add4eb0, 0x000001e94add6300,
0x000001e94add8880, 0x000001e94addddc0, 0x000001e94af5dd80, 0x000001e94af635c0,
0x000001e94af615e0, 0x000001e94af63070, 0x000001e94af625d0, 0x000001e94af5aae0,
0x000001e94af60b40, 0x000001e94af61b30, 0x000001e94af63b10, 0x000001e94af62b20,
0x000001e94af5ba10, 0x000001e94af5aff0, 0x000001e94af5b500
}

Java Threads: ( => current thread )
  0x000001e931c144d0 JavaThread "main" [_thread_blocked, id=11452, stack(0x0000005ba7e00000,0x0000005ba7f00000)]
  0x000001e945a96cb0 JavaThread "Reference Handler" daemon [_thread_blocked, id=7260, stack(0x0000005ba8100000,0x0000005ba8200000)]
  0x000001e945a99f20 JavaThread "Finalizer" daemon [_thread_blocked, id=12532, stack(0x0000005ba8200000,0x0000005ba8300000)]
  0x000001e94adb0050 JavaThread "Signal Dispatcher" daemon [_thread_blocked, id=12404, stack(0x0000005ba8300000,0x0000005ba8400000)]
  0x000001e945aab6e0 JavaThread "Attach Listener" daemon [_thread_blocked, id=9804, stack(0x0000005ba8400000,0x0000005ba8500000)]
  0x000001e94add4020 JavaThread "Service Thread" daemon [_thread_blocked, id=17860, stack(0x0000005ba8500000,0x0000005ba8600000)]
  0x000001e94add4eb0 JavaThread "Monitor Deflation Thread" daemon [_thread_blocked, id=12444, stack(0x0000005ba8600000,0x0000005ba8700000)]
  0x000001e94add6300 JavaThread "C2 CompilerThread0" daemon [_thread_blocked, id=2884, stack(0x0000005ba8700000,0x0000005ba8800000)]
  0x000001e94add8880 JavaThread "C1 CompilerThread0" daemon [_thread_in_vm, id=12028, stack(0x0000005ba8800000,0x0000005ba8900000)]
  0x000001e94addddc0 JavaThread "Sweeper thread" daemon [_thread_blocked, id=4048, stack(0x0000005ba8900000,0x0000005ba8a00000)]
  0x000001e94af5dd80 JavaThread "Common-Cleaner" daemon [_thread_blocked, id=3520, stack(0x0000005ba8a00000,0x0000005ba8b00000)]
  0x000001e94af635c0 JavaThread "C1 CompilerThread1" daemon [_thread_blocked, id=11568, stack(0x0000005ba8b00000,0x0000005ba8c00000)]
  0x000001e94af615e0 JavaThread "C1 CompilerThread2" daemon [_thread_in_native, id=9540, stack(0x0000005ba8c00000,0x0000005ba8d00000)]
  0x000001e94af63070 JavaThread "C2 CompilerThread1" daemon [_thread_blocked, id=7812, stack(0x0000005ba8d00000,0x0000005ba8e00000)]
  0x000001e94af625d0 JavaThread "C1 CompilerThread3" daemon [_thread_blocked, id=9160, stack(0x0000005ba8e00000,0x0000005ba8f00000)]
  0x000001e94af5aae0 JavaThread "Notification Thread" daemon [_thread_blocked, id=15404, stack(0x0000005ba8f00000,0x0000005ba9000000)]
=>0x000001e94af60b40 JavaThread "C2 CompilerThread2" daemon [_thread_in_native, id=17972, stack(0x0000005ba9100000,0x0000005ba9200000)]
  0x000001e94af61b30 JavaThread "C2 CompilerThread3" daemon [_thread_blocked, id=15628, stack(0x0000005ba9200000,0x0000005ba9300000)]
  0x000001e94af63b10 JavaThread "C2 CompilerThread4" daemon [_thread_in_native, id=6200, stack(0x0000005ba9300000,0x0000005ba9400000)]
  0x000001e94af62b20 JavaThread "C2 CompilerThread5" daemon [_thread_blocked, id=15900, stack(0x0000005ba9400000,0x0000005ba9500000)]
  0x000001e94af5ba10 JavaThread "Active Thread: Equinox Container: a60a9576-3d7f-4e37-a701-1c1b7137c35c" [_thread_blocked, id=920, stack(0x0000005ba9500000,0x0000005ba9600000)]
  0x000001e94af5aff0 JavaThread "Framework Event Dispatcher: Equinox Container: a60a9576-3d7f-4e37-a701-1c1b7137c35c" daemon [_thread_blocked, id=11600, stack(0x0000005ba9b00000,0x0000005ba9c00000)]
  0x000001e94af5b500 JavaThread "Start Level: Equinox Container: a60a9576-3d7f-4e37-a701-1c1b7137c35c" daemon [_thread_in_Java, id=16260, stack(0x0000005ba9c00000,0x0000005ba9d00000)]

Other Threads:
  0x000001e94ad95d70 VMThread "VM Thread" [stack: 0x0000005ba8000000,0x0000005ba8100000] [id=15244]
  0x000001e94ccf7b80 WatcherThread [stack: 0x0000005ba9000000,0x0000005ba9100000] [id=5592]
  0x000001e931c1fda0 GCTaskThread "GC Thread#0" [stack: 0x0000005ba7f00000,0x0000005ba8000000] [id=19432]
  0x000001e94d166d00 GCTaskThread "GC Thread#1" [stack: 0x0000005ba9600000,0x0000005ba9700000] [id=17544]
  0x000001e94d391440 GCTaskThread "GC Thread#2" [stack: 0x0000005ba9700000,0x0000005ba9800000] [id=19280]
  0x000001e94d237420 GCTaskThread "GC Thread#3" [stack: 0x0000005ba9800000,0x0000005ba9900000] [id=2524]
  0x000001e94d253b30 GCTaskThread "GC Thread#4" [stack: 0x0000005ba9900000,0x0000005ba9a00000] [id=15804]
  0x000001e94d2747a0 GCTaskThread "GC Thread#5" [stack: 0x0000005ba9a00000,0x0000005ba9b00000] [id=10620]

Threads with active compile tasks:
C2 CompilerThread2      662 1624       4       java.io.WinNTFileSystem::normalize (224 bytes)
C2 CompilerThread4      662 1594       4       java.io.WinNTFileSystem::normalize (143 bytes)

VM state: not at safepoint (normal execution)

VM Mutex/Monitor currently owned by a thread: None

Heap address: 0x00000000c0000000, size: 1024 MB, Compressed Oops mode: 32-bit

CDS archive(s) not mapped
Compressed class space mapped at: 0x0000000100000000-0x0000000140000000, reserved size: 1073741824
Narrow klass base: 0x0000000000000000, Narrow klass shift: 3, Narrow klass range: 0x140000000

GC Precious Log:
 CPUs: 16 total, 16 available
 Memory: 16222M
 Large Page Support: Disabled
 NUMA Support: Disabled
 Compressed Oops: Enabled (32-bit)
 Alignments: Space 512K, Generation 512K, Heap 2M
 Heap Min Capacity: 100M
 Heap Initial Capacity: 100M
 Heap Max Capacity: 1G
 Pre-touch: Disabled
 Parallel Workers: 13

Heap:
 PSYoungGen      total 29696K, used 28207K [0x00000000eab00000, 0x00000000ecc00000, 0x0000000100000000)
  eden space 25600K, 98% used [0x00000000eab00000,0x00000000ec38cb20,0x00000000ec400000)
  from space 4096K, 74% used [0x00000000ec400000,0x00000000ec6ff4d8,0x00000000ec800000)
  to   space 4096K, 0% used [0x00000000ec800000,0x00000000ec800000,0x00000000ecc00000)
 ParOldGen       total 68608K, used 16K [0x00000000c0000000, 0x00000000c4300000, 0x00000000eab00000)
  object space 68608K, 0% used [0x00000000c0000000,0x00000000c0004000,0x00000000c4300000)
 Metaspace       used 14178K, committed 14336K, reserved 1114112K
  class space    used 1406K, committed 1472K, reserved 1048576K

Card table byte_map: [0x000001e9315e0000,0x000001e9317f0000] _byte_map_base: 0x000001e930fe0000

Marking Bits: (ParMarkBitMap*) 0x00007ffe4d4dd0b0
 Begin Bits: [0x000001e9438b0000, 0x000001e9448b0000)
 End Bits:   [0x000001e9448b0000, 0x000001e9458b0000)

Polling page: 0x000001e9313d0000

Metaspace:

Usage:
  Non-class:     12.47 MB used.
      Class:      1.37 MB used.
       Both:     13.85 MB used.

Virtual space:
  Non-class space:       64.00 MB reserved,      12.56 MB ( 20%) committed,  1 nodes.
      Class space:        1.00 GB reserved,       1.44 MB ( <1%) committed,  1 nodes.
             Both:        1.06 GB reserved,      14.00 MB (  1%) committed. 

Chunk freelists:
   Non-Class:  3.22 MB
       Class:  14.47 MB
        Both:  17.69 MB

MaxMetaspaceSize: unlimited
CompressedClassSpaceSize: 1.00 GB
Initial GC threshold: 21.00 MB
Current GC threshold: 21.00 MB
CDS: off
MetaspaceReclaimPolicy: balanced
 - commit_granule_bytes: 65536.
 - commit_granule_words: 8192.
 - virtual_space_node_default_size: 8388608.
 - enlarge_chunks_in_place: 1.
 - new_chunks_are_fully_committed: 0.
 - uncommit_free_chunks: 1.
 - use_allocation_guard: 0.
 - handle_deallocations: 1.


Internal statistics:

num_allocs_failed_limit: 0.
num_arena_births: 58.
num_arena_deaths: 0.
num_vsnodes_births: 2.
num_vsnodes_deaths: 0.
num_space_committed: 224.
num_space_uncommitted: 0.
num_chunks_returned_to_freelist: 0.
num_chunks_taken_from_freelist: 234.
num_chunk_merges: 0.
num_chunk_splits: 154.
num_chunks_enlarged: 122.
num_inconsistent_stats: 0.

CodeHeap 'non-profiled nmethods': size=119168Kb used=679Kb max_used=679Kb free=118488Kb
 bounds [0x000001e93c450000, 0x000001e93c6c0000, 0x000001e9438b0000]
CodeHeap 'profiled nmethods': size=119104Kb used=3114Kb max_used=3114Kb free=115989Kb
 bounds [0x000001e9348b0000, 0x000001e934bc0000, 0x000001e93bd00000]
CodeHeap 'non-nmethods': size=7488Kb used=2848Kb max_used=2878Kb free=4639Kb
 bounds [0x000001e93bd00000, 0x000001e93bfe0000, 0x000001e93c450000]
 total_blobs=2121 nmethods=1667 adapters=365
 compilation: enabled
              stopped_count=0, restarted_count=0
 full_count=0

Compilation events (20 events):
Event: 0.647 Thread 0x000001e94af63070 nmethod 1641 0x000001e93c4f6e90 code [0x000001e93c4f7000, 0x000001e93c4f70b8]
Event: 0.648 Thread 0x000001e94af635c0 nmethod 1646 0x000001e934baef10 code [0x000001e934baf0e0, 0x000001e934baf4e8]
Event: 0.648 Thread 0x000001e94add8880 nmethod 1622 0x000001e934b9f390 code [0x000001e934ba04c0, 0x000001e934baaa68]
Event: 0.648 Thread 0x000001e94af635c0 1647       3       java.lang.invoke.MemberName::getType (19 bytes)
Event: 0.648 Thread 0x000001e94af635c0 nmethod 1647 0x000001e934baf690 code [0x000001e934baf860, 0x000001e934bafc18]
Event: 0.650 Thread 0x000001e94af635c0 1648   !   3       java.net.URLClassLoader::defineClass (225 bytes)
Event: 0.652 Thread 0x000001e94af635c0 nmethod 1648 0x000001e934bafd90 code [0x000001e934bb0240, 0x000001e934bb2368]
Event: 0.652 Thread 0x000001e94add8880 1649       1       org.eclipse.osgi.framework.eventmgr.CopyOnWriteIdentityMap::entries (5 bytes)
Event: 0.652 Thread 0x000001e94af625d0 1650       3       java.util.concurrent.locks.ReentrantLock$Sync::tryRelease (51 bytes)
Event: 0.652 Thread 0x000001e94add8880 nmethod 1649 0x000001e93c4f7190 code [0x000001e93c4f7320, 0x000001e93c4f73f8]
Event: 0.653 Thread 0x000001e94af635c0 1651       3       org.eclipse.osgi.container.Module$StartOptions::isContained (38 bytes)
Event: 0.653 Thread 0x000001e94af625d0 nmethod 1650 0x000001e934bb3290 code [0x000001e934bb3440, 0x000001e934bb3768]
Event: 0.653 Thread 0x000001e94af635c0 nmethod 1651 0x000001e934bb3890 code [0x000001e934bb3a40, 0x000001e934bb3d58]
Event: 0.654 Thread 0x000001e94af635c0 1652       3       java.util.concurrent.locks.ReentrantLock$NonfairSync::initialTryLock (58 bytes)
Event: 0.654 Thread 0x000001e94af615e0 1653       3       java.util.Collections$SingletonMap::get (20 bytes)
Event: 0.654 Thread 0x000001e94af625d0 1654       3       java.util.Collections::eq (22 bytes)
Event: 0.654 Thread 0x000001e94af635c0 nmethod 1652 0x000001e934bb3e90 code [0x000001e934bb4060, 0x000001e934bb4418]
Event: 0.654 Thread 0x000001e94af625d0 nmethod 1654 0x000001e934bb4510 code [0x000001e934bb46c0, 0x000001e934bb4928]
Event: 0.654 Thread 0x000001e94af615e0 nmethod 1653 0x000001e934bb4a10 code [0x000001e934bb4be0, 0x000001e934bb4f48]
Event: 0.654 Thread 0x000001e94af61b30 nmethod 1637 0x000001e93c4f7490 code [0x000001e93c4f7620, 0x000001e93c4f7c98]

GC Heap History (2 events):
Event: 0.403 GC heap before
{Heap before GC invocations=1 (full 0):
 PSYoungGen      total 29696K, used 25600K [0x00000000eab00000, 0x00000000ecc00000, 0x0000000100000000)
  eden space 25600K, 100% used [0x00000000eab00000,0x00000000ec400000,0x00000000ec400000)
  from space 4096K, 0% used [0x00000000ec800000,0x00000000ec800000,0x00000000ecc00000)
  to   space 4096K, 0% used [0x00000000ec400000,0x00000000ec400000,0x00000000ec800000)
 ParOldGen       total 68608K, used 0K [0x00000000c0000000, 0x00000000c4300000, 0x00000000eab00000)
  object space 68608K, 0% used [0x00000000c0000000,0x00000000c0000000,0x00000000c4300000)
 Metaspace       used 10627K, committed 10752K, reserved 1114112K
  class space    used 1058K, committed 1088K, reserved 1048576K
}
Event: 0.407 GC heap after
{Heap after GC invocations=1 (full 0):
 PSYoungGen      total 29696K, used 3069K [0x00000000eab00000, 0x00000000ecc00000, 0x0000000100000000)
  eden space 25600K, 0% used [0x00000000eab00000,0x00000000eab00000,0x00000000ec400000)
  from space 4096K, 74% used [0x00000000ec400000,0x00000000ec6ff4d8,0x00000000ec800000)
  to   space 4096K, 0% used [0x00000000ec800000,0x00000000ec800000,0x00000000ecc00000)
 ParOldGen       total 68608K, used 16K [0x00000000c0000000, 0x00000000c4300000, 0x00000000eab00000)
  object space 68608K, 0% used [0x00000000c0000000,0x00000000c0004000,0x00000000c4300000)
 Metaspace       used 10627K, committed 10752K, reserved 1114112K
  class space    used 1058K, committed 1088K, reserved 1048576K
}

Dll operation events (8 events):
Event: 0.004 Loaded shared library c:\Users\Sayan Ghosh\.vscode\extensions\redhat.java-1.26.0-win32-x64\jre\17.0.9-win32-x86_64\bin\java.dll
Event: 0.081 Loaded shared library c:\Users\Sayan Ghosh\.vscode\extensions\redhat.java-1.26.0-win32-x64\jre\17.0.9-win32-x86_64\bin\zip.dll
Event: 0.084 Loaded shared library C:\Users\Sayan Ghosh\.vscode\extensions\redhat.java-1.26.0-win32-x64\jre\17.0.9-win32-x86_64\bin\instrument.dll
Event: 0.095 Loaded shared library C:\Users\Sayan Ghosh\.vscode\extensions\redhat.java-1.26.0-win32-x64\jre\17.0.9-win32-x86_64\bin\net.dll
Event: 0.096 Loaded shared library C:\Users\Sayan Ghosh\.vscode\extensions\redhat.java-1.26.0-win32-x64\jre\17.0.9-win32-x86_64\bin\nio.dll
Event: 0.101 Loaded shared library C:\Users\Sayan Ghosh\.vscode\extensions\redhat.java-1.26.0-win32-x64\jre\17.0.9-win32-x86_64\bin\zip.dll
Event: 0.112 Loaded shared library C:\Users\Sayan Ghosh\.vscode\extensions\redhat.java-1.26.0-win32-x64\jre\17.0.9-win32-x86_64\bin\jimage.dll
Event: 0.147 Loaded shared library c:\Users\Sayan Ghosh\.vscode\extensions\redhat.java-1.26.0-win32-x64\jre\17.0.9-win32-x86_64\bin\verify.dll

Deoptimization events (20 events):
Event: 0.599 Thread 0x000001e931c144d0 Uncommon trap: trap_request=0xffffffde fr.pc=0x000001e93c4bbfb0 relative=0x0000000000000990
Event: 0.599 Thread 0x000001e931c144d0 Uncommon trap: reason=class_check action=maybe_recompile pc=0x000001e93c4bbfb0 method=java.util.HashMap.putVal(ILjava/lang/Object;Ljava/lang/Object;ZZ)Ljava/lang/Object; @ 253 c2
Event: 0.599 Thread 0x000001e931c144d0 DEOPT PACKING pc=0x000001e93c4bbfb0 sp=0x0000005ba7efdab0
Event: 0.599 Thread 0x000001e931c144d0 DEOPT UNPACKING pc=0x000001e93bd566a3 sp=0x0000005ba7efd9d8 mode 2
Event: 0.599 Thread 0x000001e931c144d0 Uncommon trap: trap_request=0xffffffde fr.pc=0x000001e93c4bbfb0 relative=0x0000000000000990
Event: 0.599 Thread 0x000001e931c144d0 Uncommon trap: reason=class_check action=maybe_recompile pc=0x000001e93c4bbfb0 method=java.util.HashMap.putVal(ILjava/lang/Object;Ljava/lang/Object;ZZ)Ljava/lang/Object; @ 253 c2
Event: 0.599 Thread 0x000001e931c144d0 DEOPT PACKING pc=0x000001e93c4bbfb0 sp=0x0000005ba7efdab0
Event: 0.599 Thread 0x000001e931c144d0 DEOPT UNPACKING pc=0x000001e93bd566a3 sp=0x0000005ba7efd9d8 mode 2
Event: 0.600 Thread 0x000001e931c144d0 Uncommon trap: trap_request=0xffffffde fr.pc=0x000001e93c45dd94 relative=0x0000000000000414
Event: 0.600 Thread 0x000001e931c144d0 Uncommon trap: reason=class_check action=maybe_recompile pc=0x000001e93c45dd94 method=java.util.HashMap.putVal(ILjava/lang/Object;Ljava/lang/Object;ZZ)Ljava/lang/Object; @ 253 c2
Event: 0.600 Thread 0x000001e931c144d0 DEOPT PACKING pc=0x000001e93c45dd94 sp=0x0000005ba7efd930
Event: 0.600 Thread 0x000001e931c144d0 DEOPT UNPACKING pc=0x000001e93bd566a3 sp=0x0000005ba7efd8d0 mode 2
Event: 0.613 Thread 0x000001e931c144d0 DEOPT PACKING pc=0x000001e9349dd989 sp=0x0000005ba7efc430
Event: 0.613 Thread 0x000001e931c144d0 DEOPT UNPACKING pc=0x000001e93bd56e43 sp=0x0000005ba7efb8b8 mode 0
Event: 0.632 Thread 0x000001e931c144d0 DEOPT PACKING pc=0x000001e9349be93e sp=0x0000005ba7efdfa0
Event: 0.632 Thread 0x000001e931c144d0 DEOPT UNPACKING pc=0x000001e93bd56e43 sp=0x0000005ba7efd418 mode 0
Event: 0.640 Thread 0x000001e931c144d0 DEOPT PACKING pc=0x000001e9349ac943 sp=0x0000005ba7efe010
Event: 0.640 Thread 0x000001e931c144d0 DEOPT UNPACKING pc=0x000001e93bd56e43 sp=0x0000005ba7efd530 mode 0
Event: 0.643 Thread 0x000001e931c144d0 DEOPT PACKING pc=0x000001e9349ac943 sp=0x0000005ba7efe090
Event: 0.643 Thread 0x000001e931c144d0 DEOPT UNPACKING pc=0x000001e93bd56e43 sp=0x0000005ba7efd5b0 mode 0

Classes unloaded (0 events):
No events

Classes redefined (0 events):
No events

Internal exceptions (20 events):
Event: 0.277 Thread 0x000001e931c144d0 Exception <a 'java/io/FileNotFoundException'{0x00000000eba18798}> (0x00000000eba18798) 
thrown [s\src\hotspot\share\prims\jni.cpp, line 516]
Event: 0.280 Thread 0x000001e931c144d0 Implicit null exception at 0x000001e93c4754f2 to 0x000001e93c475a18
Event: 0.281 Thread 0x000001e931c144d0 Exception <a 'java/io/FileNotFoundException'{0x00000000eba53320}> (0x00000000eba53320) 
thrown [s\src\hotspot\share\prims\jni.cpp, line 516]
Event: 0.371 Thread 0x000001e931c144d0 Exception <a 'java/lang/ClassNotFoundException'{0x00000000ec250e08}: sun/net/www/protocol/c/Handler> (0x00000000ec250e08) 
thrown [s\src\hotspot\share\classfile\systemDictionary.cpp, line 256]
Event: 0.371 Thread 0x000001e931c144d0 Exception <a 'java/lang/ClassNotFoundException'{0x00000000ec2521d0}: sun/net/www/protocol/f/Handler> (0x00000000ec2521d0) 
thrown [s\src\hotspot\share\classfile\systemDictionary.cpp, line 256]
Event: 0.371 Thread 0x000001e931c144d0 Exception <a 'java/lang/ClassNotFoundException'{0x00000000ec2533e8}: sun/net/www/protocol/c/Handler> (0x00000000ec2533e8) 
thrown [s\src\hotspot\share\classfile\systemDictionary.cpp, line 256]
Event: 0.376 Thread 0x000001e931c144d0 Exception <a 'java/io/FileNotFoundException'{0x00000000ec27a5a8}> (0x00000000ec27a5a8) 
thrown [s\src\hotspot\share\prims\jni.cpp, line 516]
Event: 0.395 Thread 0x000001e931c144d0 Implicit null exception at 0x000001e93c49c4db to 0x000001e93c49ce14
Event: 0.395 Thread 0x000001e931c144d0 Implicit null exception at 0x000001e93c4a06ec to 0x000001e93c4a08c8
Event: 0.395 Thread 0x000001e931c144d0 Implicit null exception at 0x000001e93c49d7ec to 0x000001e93c49d9c8
Event: 0.395 Thread 0x000001e931c144d0 Implicit null exception at 0x000001e93c49090f to 0x000001e93c490985
Event: 0.424 Thread 0x000001e931c144d0 Exception <a 'java/lang/NoSuchMethodError'{0x00000000eac86e70}: 'int java.lang.invoke.DirectMethodHandle$Holder.invokeStaticInit(java.lang.Object, java.lang.Object, java.lang.Object, java.lang.Object)'> (0x00000000eac86e70) 
thrown [s\src\hotspot\share\interpreter\linkResolver.cpp, line 759]
Event: 0.424 Thread 0x000001e931c144d0 Exception <a 'java/lang/NoSuchMethodError'{0x00000000eac915e8}: 'java.lang.Object java.lang.invoke.DirectMethodHandle$Holder.invokeInterface(java.lang.Object, java.lang.Object)'> (0x00000000eac915e8) 
thrown [s\src\hotspot\share\interpreter\linkResolver.cpp, line 759]
Event: 0.425 Thread 0x000001e931c144d0 Exception <a 'java/lang/IncompatibleClassChangeError'{0x00000000eac94de0}: Found class java.lang.Object, but interface was expected> (0x00000000eac94de0) 
thrown [s\src\hotspot\share\interpreter\linkResolver.cpp, line 826]
Event: 0.425 Thread 0x000001e931c144d0 Exception <a 'java/lang/NoSuchMethodError'{0x00000000eac992d0}: 'void java.lang.invoke.DirectMethodHandle$Holder.invokeStatic(java.lang.Object, java.lang.Object)'> (0x00000000eac992d0) 
thrown [s\src\hotspot\share\interpreter\linkResolver.cpp, line 759]
Event: 0.425 Thread 0x000001e931c144d0 Exception <a 'java/lang/NoSuchMethodError'{0x00000000eac9cad0}: 'void java.lang.invoke.DirectMethodHandle$Holder.invokeStaticInit(java.lang.Object, java.lang.Object)'> (0x00000000eac9cad0) 
thrown [s\src\hotspot\share\interpreter\linkResolver.cpp, line 759]
Event: 0.426 Thread 0x000001e931c144d0 Exception <a 'java/lang/NoSuchMethodError'{0x00000000eaca44a0}: 'int java.lang.invoke.DirectMethodHandle$Holder.invokeStaticInit(java.lang.Object, java.lang.Object)'> (0x00000000eaca44a0) 
thrown [s\src\hotspot\share\interpreter\linkResolver.cpp, line 759]
Event: 0.444 Thread 0x000001e931c144d0 Exception <a 'java/lang/NoSuchMethodError'{0x00000000eae2e4b8}: 'void java.lang.invoke.DirectMethodHandle$Holder.invokeSpecial(java.lang.Object, java.lang.Object, java.lang.Object)'> (0x00000000eae2e4b8) 
thrown [s\src\hotspot\share\interpreter\linkResolver.cpp, line 759]
Event: 0.591 Thread 0x000001e931c144d0 Exception <a 'java/lang/NoSuchMethodError'{0x00000000ebc50d70}: 'java.lang.Object java.lang.invoke.DirectMethodHandle$Holder.newInvokeSpecial(java.lang.Object, int, java.lang.Object)'> (0x00000000ebc50d70) 
thrown [s\src\hotspot\share\interpreter\linkResolver.cpp, line 759]
Event: 0.653 Thread 0x000001e931c144d0 Exception <a 'java/lang/UnsatisfiedLinkError'{0x00000000ec217060}: 'void org.eclipse.equinox.launcher.JNIBridge._update_splash()'> (0x00000000ec217060) 
thrown [s\src\hotspot\share\prims\nativeLookup.cpp, line 543]

VM Operations (20 events):
Event: 0.122 Executing VM operation: HandshakeAllThreads
Event: 0.122 Executing VM operation: HandshakeAllThreads done
Event: 0.262 Executing VM operation: HandshakeAllThreads
Event: 0.262 Executing VM operation: HandshakeAllThreads done
Event: 0.269 Executing VM operation: HandshakeAllThreads
Event: 0.269 Executing VM operation: HandshakeAllThreads done
Event: 0.390 Executing VM operation: ICBufferFull
Event: 0.390 Executing VM operation: ICBufferFull done
Event: 0.403 Executing VM operation: ParallelGCFailedAllocation
Event: 0.407 Executing VM operation: ParallelGCFailedAllocation done
Event: 0.579 Executing VM operation: HandshakeAllThreads
Event: 0.579 Executing VM operation: HandshakeAllThreads done
Event: 0.579 Executing VM operation: HandshakeAllThreads
Event: 0.579 Executing VM operation: HandshakeAllThreads done
Event: 0.582 Executing VM operation: HandshakeAllThreads
Event: 0.582 Executing VM operation: HandshakeAllThreads done
Event: 0.588 Executing VM operation: HandshakeAllThreads
Event: 0.588 Executing VM operation: HandshakeAllThreads done
Event: 0.600 Executing VM operation: ICBufferFull
Event: 0.600 Executing VM operation: ICBufferFull done

Events (20 events):
Event: 0.611 loading class java/security/KeyStoreException
Event: 0.611 loading class java/security/KeyStoreException done
Event: 0.619 loading class java/util/LinkedList$Node
Event: 0.620 loading class java/util/LinkedList$Node done
Event: 0.620 loading class java/util/LinkedList$ListItr
Event: 0.620 loading class java/util/LinkedList$ListItr done
Event: 0.624 loading class sun/nio/fs/WindowsChannelFactory
Event: 0.624 loading class sun/nio/fs/WindowsChannelFactory done
Event: 0.624 loading class sun/nio/fs/WindowsChannelFactory$1
Event: 0.624 loading class sun/nio/fs/WindowsChannelFactory$1 done
Event: 0.624 loading class sun/nio/fs/WindowsChannelFactory$Flags
Event: 0.624 loading class sun/nio/fs/WindowsChannelFactory$Flags done
Event: 0.624 loading class sun/nio/ch/FileChannelImpl$Closer
Event: 0.624 loading class sun/nio/ch/FileChannelImpl$Closer done
Event: 0.649 Thread 0x000001e94af5aff0 Thread added: 0x000001e94af5aff0
Event: 0.652 Thread 0x000001e94af5b500 Thread added: 0x000001e94af5b500
Event: 0.653 loading class java/util/concurrent/CountDownLatch
Event: 0.653 loading class java/util/concurrent/CountDownLatch done
Event: 0.653 loading class java/util/concurrent/CountDownLatch$Sync
Event: 0.653 loading class java/util/concurrent/CountDownLatch$Sync done


Dynamic libraries:
0x00007ff7e2ef0000 - 0x00007ff7e2efe000 	c:\Users\Sayan Ghosh\.vscode\extensions\redhat.java-1.26.0-win32-x64\jre\17.0.9-win32-x86_64\bin\java.exe
0x00007ffe8dc10000 - 0x00007ffe8de08000 	C:\Windows\SYSTEM32\ntdll.dll
0x00007ffe8cbc0000 - 0x00007ffe8cc7f000 	C:\Windows\System32\KERNEL32.DLL
0x00007ffe8b500000 - 0x00007ffe8b7d2000 	C:\Windows\System32\KERNELBASE.dll
0x00007ffe8b3d0000 - 0x00007ffe8b4d0000 	C:\Windows\System32\ucrtbase.dll
0x00007ffe7b0a0000 - 0x00007ffe7b0b7000 	c:\Users\Sayan Ghosh\.vscode\extensions\redhat.java-1.26.0-win32-x64\jre\17.0.9-win32-x86_64\bin\jli.dll
0x00007ffe724c0000 - 0x00007ffe724db000 	c:\Users\Sayan Ghosh\.vscode\extensions\redhat.java-1.26.0-win32-x64\jre\17.0.9-win32-x86_64\bin\VCRUNTIME140.dll
0x00007ffe8ccf0000 - 0x00007ffe8ce91000 	C:\Windows\System32\USER32.dll
0x00007ffe8ba50000 - 0x00007ffe8ba72000 	C:\Windows\System32\win32u.dll
0x00007ffe75950000 - 0x00007ffe75bea000 	C:\Windows\WinSxS\amd64_microsoft.windows.common-controls_6595b64144ccf1df_6.0.19041.1110_none_60b5254171f9507e\COMCTL32.dll
0x00007ffe8c990000 - 0x00007ffe8c9bb000 	C:\Windows\System32\GDI32.dll
0x00007ffe8cb20000 - 0x00007ffe8cbbe000 	C:\Windows\System32\msvcrt.dll
0x00007ffe8b7e0000 - 0x00007ffe8b8ef000 	C:\Windows\System32\gdi32full.dll
0x00007ffe8ba80000 - 0x00007ffe8bb1d000 	C:\Windows\System32\msvcp_win.dll
0x00007ffe8c9c0000 - 0x00007ffe8c9f0000 	C:\Windows\System32\IMM32.DLL
0x00007ffe86ee0000 - 0x00007ffe86eec000 	c:\Users\Sayan Ghosh\.vscode\extensions\redhat.java-1.26.0-win32-x64\jre\17.0.9-win32-x86_64\bin\vcruntime140_1.dll
0x00007ffe6e060000 - 0x00007ffe6e0ed000 	c:\Users\Sayan Ghosh\.vscode\extensions\redhat.java-1.26.0-win32-x64\jre\17.0.9-win32-x86_64\bin\msvcp140.dll
0x00007ffe4c940000 - 0x00007ffe4d5a1000 	c:\Users\Sayan Ghosh\.vscode\extensions\redhat.java-1.26.0-win32-x64\jre\17.0.9-win32-x86_64\bin\server\jvm.dll
0x00007ffe8c8e0000 - 0x00007ffe8c98e000 	C:\Windows\System32\ADVAPI32.dll
0x00007ffe8bda0000 - 0x00007ffe8be3c000 	C:\Windows\System32\sechost.dll
0x00007ffe8cfd0000 - 0x00007ffe8d0f4000 	C:\Windows\System32\RPCRT4.dll
0x00007ffe8a850000 - 0x00007ffe8a89b000 	C:\Windows\SYSTEM32\POWRPROF.dll
0x00007ffe75760000 - 0x00007ffe75769000 	C:\Windows\SYSTEM32\WSOCK32.dll
0x00007ffe8c400000 - 0x00007ffe8c46b000 	C:\Windows\System32\WS2_32.dll
0x00007ffe81700000 - 0x00007ffe8170a000 	C:\Windows\SYSTEM32\VERSION.dll
0x00007ffe80790000 - 0x00007ffe807b7000 	C:\Windows\SYSTEM32\WINMM.dll
0x00007ffe8a710000 - 0x00007ffe8a722000 	C:\Windows\SYSTEM32\UMPDC.dll
0x00007ffe891b0000 - 0x00007ffe891c2000 	C:\Windows\SYSTEM32\kernel.appcore.dll
0x00007ffe86e20000 - 0x00007ffe86e2a000 	c:\Users\Sayan Ghosh\.vscode\extensions\redhat.java-1.26.0-win32-x64\jre\17.0.9-win32-x86_64\bin\jimage.dll
0x00007ffe7f5e0000 - 0x00007ffe7f7c4000 	C:\Windows\SYSTEM32\DBGHELP.DLL
0x00007ffe72ee0000 - 0x00007ffe72f15000 	C:\Windows\SYSTEM32\dbgcore.DLL
0x00007ffe8bbd0000 - 0x00007ffe8bc52000 	C:\Windows\System32\bcryptPrimitives.dll
0x00007ffe7b0f0000 - 0x00007ffe7b0fe000 	c:\Users\Sayan Ghosh\.vscode\extensions\redhat.java-1.26.0-win32-x64\jre\17.0.9-win32-x86_64\bin\instrument.dll
0x00007ffe73200000 - 0x00007ffe73225000 	c:\Users\Sayan Ghosh\.vscode\extensions\redhat.java-1.26.0-win32-x64\jre\17.0.9-win32-x86_64\bin\java.dll
0x00007ffe72470000 - 0x00007ffe72488000 	c:\Users\Sayan Ghosh\.vscode\extensions\redhat.java-1.26.0-win32-x64\jre\17.0.9-win32-x86_64\bin\zip.dll
0x00007ffe8d100000 - 0x00007ffe8d845000 	C:\Windows\System32\SHELL32.dll
0x00007ffe893b0000 - 0x00007ffe89b42000 	C:\Windows\SYSTEM32\windows.storage.dll
0x00007ffe8d850000 - 0x00007ffe8dba5000 	C:\Windows\System32\combase.dll
0x00007ffe8ac90000 - 0x00007ffe8acc0000 	C:\Windows\SYSTEM32\Wldp.dll
0x00007ffe8be40000 - 0x00007ffe8beed000 	C:\Windows\System32\SHCORE.dll
0x00007ffe8bfe0000 - 0x00007ffe8c035000 	C:\Windows\System32\shlwapi.dll
0x00007ffe8b250000 - 0x00007ffe8b26f000 	C:\Windows\SYSTEM32\profapi.dll
0x00007ffe72450000 - 0x00007ffe72469000 	C:\Users\Sayan Ghosh\.vscode\extensions\redhat.java-1.26.0-win32-x64\jre\17.0.9-win32-x86_64\bin\net.dll
0x00007ffe845d0000 - 0x00007ffe846da000 	C:\Windows\SYSTEM32\WINHTTP.dll
0x00007ffe8aa70000 - 0x00007ffe8aada000 	C:\Windows\system32\mswsock.dll
0x00007ffe6e040000 - 0x00007ffe6e056000 	C:\Users\Sayan Ghosh\.vscode\extensions\redhat.java-1.26.0-win32-x64\jre\17.0.9-win32-x86_64\bin\nio.dll
0x00007ffe7b0e0000 - 0x00007ffe7b0f0000 	c:\Users\Sayan Ghosh\.vscode\extensions\redhat.java-1.26.0-win32-x64\jre\17.0.9-win32-x86_64\bin\verify.dll
0x00007ffe67fe0000 - 0x00007ffe6801e000 	C:\Users\Sayan Ghosh\AppData\Roaming\Code\User\globalStorage\redhat.java\1.26.0\config_win\org.eclipse.equinox.launcher\org.eclipse.equinox.launcher.win32.win32.x86_64_1.2.800.v20231003-1442\eclipse_11802.dll
0x00007ffe8c120000 - 0x00007ffe8c24a000 	C:\Windows\System32\ole32.dll

dbghelp: loaded successfully - version: 4.0.5 - missing functions: none
symbol engine: initialized successfully - sym options: 0x614 - pdb path: .;c:\Users\Sayan Ghosh\.vscode\extensions\redhat.java-1.26.0-win32-x64\jre\17.0.9-win32-x86_64\bin;C:\Windows\SYSTEM32;C:\Windows\WinSxS\amd64_microsoft.windows.common-controls_6595b64144ccf1df_6.0.19041.1110_none_60b5254171f9507e;c:\Users\Sayan Ghosh\.vscode\extensions\redhat.java-1.26.0-win32-x64\jre\17.0.9-win32-x86_64\bin\server;C:\Users\Sayan Ghosh\AppData\Roaming\Code\User\globalStorage\redhat.java\1.26.0\config_win\org.eclipse.equinox.launcher\org.eclipse.equinox.launcher.win32.win32.x86_64_1.2.800.v20231003-1442

VM Arguments:
jvm_args: --add-modules=ALL-SYSTEM --add-opens=java.base/java.util=ALL-UNNAMED --add-opens=java.base/java.lang=ALL-UNNAMED --add-opens=java.base/sun.nio.fs=ALL-UNNAMED -Declipse.application=org.eclipse.jdt.ls.core.id1 -Dosgi.bundles.defaultStartLevel=4 -Declipse.product=org.eclipse.jdt.ls.core.product -Djava.import.generatesMetadataFilesAtProjectRoot=false -DDetectVMInstallationsJob.disabled=true -Dfile.encoding=utf8 -XX:+UseParallelGC -XX:GCTimeRatio=4 -XX:AdaptiveSizePolicyWeight=90 -Dsun.zip.disableMemoryMapping=true -Xmx1G -Xms100m -Xlog:disable -javaagent:c:\Users\Sayan Ghosh\.vscode\extensions\redhat.java-1.26.0-win32-x64\lombok\lombok-1.18.31-3454.jar -XX:+HeapDumpOnOutOfMemoryError -XX:HeapDumpPath=c:\Users\Sayan Ghosh\AppData\Roaming\Code\User\workspaceStorage\c33210fa1faf9ff397d020b309761f5c\redhat.java -Daether.dependencyCollector.impl=bf 
java_command: c:\Users\Sayan Ghosh\.vscode\extensions\redhat.java-1.26.0-win32-x64\server\plugins\org.eclipse.equinox.launcher_1.6.700.v20231214-2017.jar -configuration c:\Users\Sayan Ghosh\AppData\Roaming\Code\User\globalStorage\redhat.java\1.26.0\config_win -data c:\Users\Sayan Ghosh\AppData\Roaming\Code\User\workspaceStorage\c33210fa1faf9ff397d020b309761f5c\redhat.java\jdt_ws --stdio
java_class_path (initial): c:\Users\Sayan Ghosh\.vscode\extensions\redhat.java-1.26.0-win32-x64\server\plugins\org.eclipse.equinox.launcher_1.6.700.v20231214-2017.jar
Launcher Type: SUN_STANDARD

[Global flags]
    uintx AdaptiveSizePolicyWeight                 = 90                                        {product} {command line}
     intx CICompilerCount                          = 12                                        {product} {ergonomic}
    uintx GCTimeRatio                              = 4                                         {product} {command line}
     bool HeapDumpOnOutOfMemoryError               = true                                   {manageable} {command line}
    ccstr HeapDumpPath                             = c:\Users\Sayan Ghosh\AppData\Roaming\Code\User\workspaceStorage\c33210fa1faf9ff397d020b309761f5c\redhat.java         {manageable} {command line}
   size_t InitialHeapSize                          = 104857600                                 {product} {command line}
   size_t MaxHeapSize                              = 1073741824                                {product} {command line}
   size_t MaxNewSize                               = 357564416                                 {product} {ergonomic}
   size_t MinHeapDeltaBytes                        = 524288                                    {product} {ergonomic}
   size_t MinHeapSize                              = 104857600                                 {product} {command line}
   size_t NewSize                                  = 34603008                                  {product} {ergonomic}
    uintx NonNMethodCodeHeapSize                   = 7602480                                {pd product} {ergonomic}
    uintx NonProfiledCodeHeapSize                  = 122027880                              {pd product} {ergonomic}
   size_t OldSize                                  = 70254592                                  {product} {ergonomic}
    uintx ProfiledCodeHeapSize                     = 122027880                              {pd product} {ergonomic}
    uintx ReservedCodeCacheSize                    = 251658240                              {pd product} {ergonomic}
     bool SegmentedCodeCache                       = true                                      {product} {ergonomic}
   size_t SoftMaxHeapSize                          = 1073741824                             {manageable} {ergonomic}
     bool UseCompressedClassPointers               = true                           {product lp64_product} {ergonomic}
     bool UseCompressedOops                        = true                           {product lp64_product} {ergonomic}
     bool UseLargePagesIndividualAllocation        = false                                  {pd product} {ergonomic}
     bool UseParallelGC                            = true                                      {product} {command line}

Logging:
Log output configuration:
 #0: stdout all=off uptime,level,tags
 #1: stderr all=off uptime,level,tags

Environment Variables:
JAVA_HOME=C:\Users\Sayan Ghosh\AppData\Local\Programs\Eclipse Adoptium\jdk-17.0.8.7-hotspot\
PATH=C:\Python311\Scripts\;C:\Python311\;C:\Windows\system32;C:\Windows;C:\Windows\System32\Wbem;C:\Windows\System32\WindowsPowerShell\v1.0\;C:\Windows\System32\OpenSSH\;C:\Program Files (x86)\NVIDIA Corporation\PhysX\Common;C:\Program Files\NVIDIA Corporation\NVIDIA NvDLISR;C:\MinGW\bin;C:\Program Files\Git\cmd;C:\Program Files\nodejs\;C:\ProgramData\chocolatey\bin;C:\Users\Sayan Ghosh\AppData\Local\Android\Sdk;C:\Users\Sayan Ghosh\AppData\Local\Android\Sdk\platform-tools;C:\Users\Sayan Ghosh\AppData\Local\Android\Sdk\emulator;C:\Users\Sayan Ghosh\AppData\Local\Android\Sdk\tools;C:\Users\Sayan Ghosh\AppData\Local\Android\Sdk\tools\bin;C:\Users\Sayan Ghosh\AppData\Local\Programs\Eclipse Adoptium\jdk-17.0.8.7-hotspot\bin;C:\Users\Sayan Ghosh\AppData\Local\Microsoft\WindowsApps;C:\Microsoft VS Code\bin;C:\Users\Sayan Ghosh\AppData\Local\GitHubDesktop\bin;C:\Users\Sayan Ghosh\AppData\Roaming\npm;C:\flutter\bin;C:\tools\dart-sdk\bin;C:\Users\Sayan Ghosh\AppData\Local\Pub\Cache\bin;C:\flutter\bin;C:\Users\Sayan Ghosh\AppData\Local\Android\Sdk;C:\Users\Sayan Ghosh\AppData\Local\Android\Sdk\platform-tools;C:\Users\Sayan Ghosh\AppData\Local\Android\Sdk\emulator;C:\Users\Sayan Ghosh\AppData\Local\Android\Sdk\tools;C:\Users\Sayan Ghosh\AppData\Local\Android\Sdk\tools\bin;
USERNAME=Sayan Ghosh
OS=Windows_NT
PROCESSOR_IDENTIFIER=Intel64 Family 6 Model 191 Stepping 2, GenuineIntel
TMP=C:\Users\SAYANG~1\AppData\Local\Temp
TEMP=C:\Users\SAYANG~1\AppData\Local\Temp



Periodic native trim disabled


---------------  S Y S T E M  ---------------

OS:
 Windows 10 , 64 bit Build 19041 (10.0.19041.2546)
OS uptime: 0 days 0:08 hours
Hyper-V role detected

CPU: total 16 (initial active 16) (8 cores per cpu, 2 threads per core) family 6 model 191 stepping 2 microcode 0x26, cx8, cmov, fxsr, ht, mmx, 3dnowpref, sse, sse2, sse3, ssse3, sse4.1, sse4.2, popcnt, lzcnt, tsc, tscinvbit, avx, avx2, aes, erms, clmul, bmi1, bmi2, adx, sha, fma, vzeroupper, clflush, clflushopt, clwb, hv
Processor Information for all 16 processors :
  Max Mhz: 2500, Current Mhz: 2500, Mhz Limit: 2500

Memory: 4k page, system-wide physical 16222M (5744M free)
TotalPageFile size 16222M (AvailPageFile size 3M)
current process WorkingSet (physical memory assigned to process): 91M, peak: 91M
current process commit charge ("private bytes"): 229M, peak: 230M

vm_info: OpenJDK 64-Bit Server VM (17.0.9+9) for windows-amd64 JRE (17.0.9+9), built on Oct 26 2023 14:01:42 by "admin" with MS VC++ 16.10 / 16.11 (VS2019)

END.
