#
# There is insufficient memory for the Java Runtime Environment to continue.
# Native memory allocation (malloc) failed to allocate 32744 bytes for ChunkPool::allocate
# Possible reasons:
#   The system is out of physical RAM or swap space
#   The process is running with CompressedOops enabled, and the Java Heap may be blocking the growth of the native heap
# Possible solutions:
#   Reduce memory load on the system
#   Increase physical memory or swap space
#   Check if swap backing store is full
#   Decrease Java heap size (-Xmx/-Xms)
#   Decrease number of Java threads
#   Decrease Java thread stack sizes (-Xss)
#   Set larger code cache with -XX:ReservedCodeCacheSize=
#   JVM is running with Unscaled Compressed Oops mode in which the Java heap is
#     placed in the first 4GB address space. The Java Heap base address is the
#     maximum limit for the native heap growth. Please use -XX:HeapBaseMinAddress
#     to set the Java Heap base and to place the Java Heap above 4GB virtual address.
# This output file may be truncated or incomplete.
#
#  Out of Memory Error (arena.cpp:78), pid=6740, tid=14960
#
# JRE version: OpenJDK Runtime Environment Temurin-17.0.8+7 (17.0.8+7) (build 17.0.8+7)
# Java VM: OpenJDK 64-Bit Server VM Temurin-17.0.8+7 (17.0.8+7, mixed mode, sharing, tiered, compressed oops, compressed class ptrs, g1 gc, windows-amd64)
# No core dump will be written. Minidumps are not enabled by default on client versions of Windows
#

---------------  S U M M A R Y ------------

Command Line: -Xmx64m -Xms64m -Dorg.gradle.appname=gradlew org.gradle.wrapper.GradleWrapperMain app:installDebug -PreactNativeDevServerPort=8081

Host: 13th Gen Intel(R) Core(TM) i5-13400F, 16 cores, 15G,  Windows 10 , 64 bit Build 19041 (10.0.19041.2546)
Time: Mon Jan 29 11:14:20 2024 India Standard Time elapsed time: 18.699733 seconds (0d 0h 0m 18s)

---------------  T H R E A D  ---------------

Current thread (0x000001cefa13ca80):  JavaThread "C2 CompilerThread0" daemon [_thread_in_native, id=14960, stack(0x0000008e45300000,0x0000008e45400000)]


Current CompileTask:
C2:  18699 1827       4       com.esotericsoftware.kryo.io.Input::require (220 bytes)

Stack: [0x0000008e45300000,0x0000008e45400000]
Native frames: (J=compiled Java code, j=interpreted, Vv=VM code, C=native code)
V  [jvm.dll+0x678b0a]
V  [jvm.dll+0x835e84]
V  [jvm.dll+0x83762e]
V  [jvm.dll+0x837c93]
V  [jvm.dll+0x24746f]
V  [jvm.dll+0xac42c]
V  [jvm.dll+0xac7dc]
V  [jvm.dll+0x2aecec]
V  [jvm.dll+0x581427]
V  [jvm.dll+0x222602]
V  [jvm.dll+0x21b5e9]
V  [jvm.dll+0x218f0b]
V  [jvm.dll+0x1a534d]
V  [jvm.dll+0x228d8a]
V  [jvm.dll+0x226dcc]
V  [jvm.dll+0x7ec09b]
V  [jvm.dll+0x7e64ca]
V  [jvm.dll+0x677955]
C  [ucrtbase.dll+0x21bb2]
C  [KERNEL32.DLL+0x17614]
C  [ntdll.dll+0x526a1]


---------------  P R O C E S S  ---------------

Threads class SMR info:
_java_thread_list=0x000001ceff707ca0, length=15, elements={
0x000001ce9ecadcc0, 0x000001cefa120670, 0x000001cefa1214f0, 0x000001cefa130060,
0x000001cefa131940, 0x000001cefa132300, 0x000001cefa133cd0, 0x000001cefa13ca80,
0x000001cefa15d540, 0x000001cefa163450, 0x000001cefa3b4d80, 0x000001cefa3ba650,
0x000001cefae95c20, 0x000001ceff7255f0, 0x000001ceff726010
}

Java Threads: ( => current thread )
  0x000001ce9ecadcc0 JavaThread "main" [_thread_in_native, id=19188, stack(0x0000008e44600000,0x0000008e44700000)]
  0x000001cefa120670 JavaThread "Reference Handler" daemon [_thread_blocked, id=7912, stack(0x0000008e44d00000,0x0000008e44e00000)]
  0x000001cefa1214f0 JavaThread "Finalizer" daemon [_thread_blocked, id=10284, stack(0x0000008e44e00000,0x0000008e44f00000)]
  0x000001cefa130060 JavaThread "Signal Dispatcher" daemon [_thread_blocked, id=12512, stack(0x0000008e44f00000,0x0000008e45000000)]
  0x000001cefa131940 JavaThread "Attach Listener" daemon [_thread_blocked, id=12960, stack(0x0000008e45000000,0x0000008e45100000)]
  0x000001cefa132300 JavaThread "Service Thread" daemon [_thread_blocked, id=11092, stack(0x0000008e45100000,0x0000008e45200000)]
  0x000001cefa133cd0 JavaThread "Monitor Deflation Thread" daemon [_thread_blocked, id=16812, stack(0x0000008e45200000,0x0000008e45300000)]
=>0x000001cefa13ca80 JavaThread "C2 CompilerThread0" daemon [_thread_in_native, id=14960, stack(0x0000008e45300000,0x0000008e45400000)]
  0x000001cefa15d540 JavaThread "C1 CompilerThread0" daemon [_thread_blocked, id=5728, stack(0x0000008e45400000,0x0000008e45500000)]
  0x000001cefa163450 JavaThread "Sweeper thread" daemon [_thread_blocked, id=8932, stack(0x0000008e45500000,0x0000008e45600000)]
  0x000001cefa3b4d80 JavaThread "Notification Thread" daemon [_thread_blocked, id=11284, stack(0x0000008e45800000,0x0000008e45900000)]
  0x000001cefa3ba650 JavaThread "Common-Cleaner" daemon [_thread_blocked, id=17040, stack(0x0000008e45a00000,0x0000008e45b00000)]
  0x000001cefae95c20 JavaThread "pool-1-thread-1" [_thread_blocked, id=11540, stack(0x0000008e46200000,0x0000008e46300000)]
  0x000001ceff7255f0 JavaThread "DisconnectableInputStream source reader" daemon [_thread_in_native, id=1100, stack(0x0000008e46a00000,0x0000008e46b00000)]
  0x000001ceff726010 JavaThread "Forward input" [_thread_blocked, id=14820, stack(0x0000008e46b00000,0x0000008e46c00000)]

Other Threads:
  0x000001ce9ed65210 VMThread "VM Thread" [stack: 0x0000008e44c00000,0x0000008e44d00000] [id=8628]
  0x000001ce9ece5ea0 WatcherThread [stack: 0x0000008e45900000,0x0000008e45a00000] [id=16020]
  0x000001ce9eccee50 GCTaskThread "GC Thread#0" [stack: 0x0000008e44700000,0x0000008e44800000] [id=19008]
  0x000001ceff591e80 GCTaskThread "GC Thread#1" [stack: 0x0000008e45e00000,0x0000008e45f00000] [id=17368]
  0x000001cefadb39a0 GCTaskThread "GC Thread#2" [stack: 0x0000008e45f00000,0x0000008e46000000] [id=12388]
  0x000001cefa8b5f50 GCTaskThread "GC Thread#3" [stack: 0x0000008e46000000,0x0000008e46100000] [id=10784]
  0x000001cefad3b7c0 GCTaskThread "GC Thread#4" [stack: 0x0000008e46100000,0x0000008e46200000] [id=2652]
  0x000001ceff9bf210 GCTaskThread "GC Thread#5" [stack: 0x0000008e45c00000,0x0000008e45d00000] [id=7820]
  0x000001ceff9bf7e0 GCTaskThread "GC Thread#6" [stack: 0x0000008e46300000,0x0000008e46400000] [id=20356]
  0x000001ceff9c10a0 GCTaskThread "GC Thread#7" [stack: 0x0000008e46400000,0x0000008e46500000] [id=4372]
  0x000001ceff9bfaa0 GCTaskThread "GC Thread#8" [stack: 0x0000008e46500000,0x0000008e46600000] [id=19644]
  0x000001ceff9c05a0 GCTaskThread "GC Thread#9" [stack: 0x0000008e46600000,0x0000008e46700000] [id=18896]
  0x000001ceff9bf520 GCTaskThread "GC Thread#10" [stack: 0x0000008e46700000,0x0000008e46800000] [id=796]
  0x000001ce9ecd05a0 ConcurrentGCThread "G1 Main Marker" [stack: 0x0000008e44800000,0x0000008e44900000] [id=15748]
  0x000001ce9ecd1fc0 ConcurrentGCThread "G1 Conc#0" [stack: 0x0000008e44900000,0x0000008e44a00000] [id=11260]
  0x000001ce9ed4a160 ConcurrentGCThread "G1 Refine#0" [stack: 0x0000008e44a00000,0x0000008e44b00000] [id=11172]
  0x000001ce9ed4ab90 ConcurrentGCThread "G1 Service" [stack: 0x0000008e44b00000,0x0000008e44c00000] [id=13868]

Threads with active compile tasks:
C2 CompilerThread0    18714 1827       4       com.esotericsoftware.kryo.io.Input::require (220 bytes)

VM state: not at safepoint (normal execution)

VM Mutex/Monitor currently owned by a thread: None

Heap address: 0x00000000fc000000, size: 64 MB, Compressed Oops mode: 32-bit

CDS archive(s) mapped at: [0x000001ceb9000000-0x000001ceb9bd0000-0x000001ceb9bd0000), size 12386304, SharedBaseAddress: 0x000001ceb9000000, ArchiveRelocationMode: 1.
Compressed class space mapped at: 0x000001ceba000000-0x000001cefa000000, reserved size: 1073741824
Narrow klass base: 0x000001ceb9000000, Narrow klass shift: 0, Narrow klass range: 0x100000000

GC Precious Log:
 CPUs: 16 total, 16 available
 Memory: 16222M
 Large Page Support: Disabled
 NUMA Support: Disabled
 Compressed Oops: Enabled (32-bit)
 Heap Region Size: 1M
 Heap Min Capacity: 64M
 Heap Initial Capacity: 64M
 Heap Max Capacity: 64M
 Pre-touch: Disabled
 Parallel Workers: 13
 Concurrent Workers: 3
 Concurrent Refinement Workers: 13
 Periodic GC: Disabled

Heap:
 garbage-first heap   total 65536K, used 15634K [0x00000000fc000000, 0x0000000100000000)
  region size 1024K, 6 young (6144K), 3 survivors (3072K)
 Metaspace       used 9689K, committed 9920K, reserved 1114112K
  class space    used 1243K, committed 1344K, reserved 1048576K

Heap Regions: E=young(eden), S=young(survivor), O=old, HS=humongous(starts), HC=humongous(continues), CS=collection set, F=free, OA=open archive, CA=closed archive, TAMS=top-at-mark-start (previous, next)
|   0|0x00000000fc000000, 0x00000000fc100000, 0x00000000fc100000|100%|HS|  |TAMS 0x00000000fc000000, 0x00000000fc000000| Complete 
|   1|0x00000000fc100000, 0x00000000fc200000, 0x00000000fc200000|100%|HC|  |TAMS 0x00000000fc100000, 0x00000000fc100000| Complete 
|   2|0x00000000fc200000, 0x00000000fc300000, 0x00000000fc300000|100%|HC|  |TAMS 0x00000000fc200000, 0x00000000fc200000| Complete 
|   3|0x00000000fc300000, 0x00000000fc400000, 0x00000000fc400000|100%|HC|  |TAMS 0x00000000fc300000, 0x00000000fc300000| Complete 
|   4|0x00000000fc400000, 0x00000000fc500000, 0x00000000fc500000|100%| O|  |TAMS 0x00000000fc400000, 0x00000000fc400000| Untracked 
|   5|0x00000000fc500000, 0x00000000fc600000, 0x00000000fc600000|100%| O|  |TAMS 0x00000000fc500000, 0x00000000fc500000| Untracked 
|   6|0x00000000fc600000, 0x00000000fc700000, 0x00000000fc700000|100%| O|  |TAMS 0x00000000fc600000, 0x00000000fc600000| Untracked 
|   7|0x00000000fc700000, 0x00000000fc800000, 0x00000000fc800000|100%| O|  |TAMS 0x00000000fc700000, 0x00000000fc700000| Untracked 
|   8|0x00000000fc800000, 0x00000000fc900000, 0x00000000fc900000|100%| O|  |TAMS 0x00000000fc800000, 0x00000000fc800000| Untracked 
|   9|0x00000000fc900000, 0x00000000fca00000, 0x00000000fca00000|100%| O|  |TAMS 0x00000000fc900000, 0x00000000fc900000| Untracked 
|  10|0x00000000fca00000, 0x00000000fcab0200, 0x00000000fcb00000| 68%| O|  |TAMS 0x00000000fca00000, 0x00000000fca00000| Untracked 
|  11|0x00000000fcb00000, 0x00000000fcb00000, 0x00000000fcc00000|  0%| F|  |TAMS 0x00000000fcb00000, 0x00000000fcb00000| Untracked 
|  12|0x00000000fcc00000, 0x00000000fcc00000, 0x00000000fcd00000|  0%| F|  |TAMS 0x00000000fcc00000, 0x00000000fcc00000| Untracked 
|  13|0x00000000fcd00000, 0x00000000fcd00000, 0x00000000fce00000|  0%| F|  |TAMS 0x00000000fcd00000, 0x00000000fcd00000| Untracked 
|  14|0x00000000fce00000, 0x00000000fce00000, 0x00000000fcf00000|  0%| F|  |TAMS 0x00000000fce00000, 0x00000000fce00000| Untracked 
|  15|0x00000000fcf00000, 0x00000000fcf00000, 0x00000000fd000000|  0%| F|  |TAMS 0x00000000fcf00000, 0x00000000fcf00000| Untracked 
|  16|0x00000000fd000000, 0x00000000fd000000, 0x00000000fd100000|  0%| F|  |TAMS 0x00000000fd000000, 0x00000000fd000000| Untracked 
|  17|0x00000000fd100000, 0x00000000fd100000, 0x00000000fd200000|  0%| F|  |TAMS 0x00000000fd100000, 0x00000000fd100000| Untracked 
|  18|0x00000000fd200000, 0x00000000fd200000, 0x00000000fd300000|  0%| F|  |TAMS 0x00000000fd200000, 0x00000000fd200000| Untracked 
|  19|0x00000000fd300000, 0x00000000fd300000, 0x00000000fd400000|  0%| F|  |TAMS 0x00000000fd300000, 0x00000000fd300000| Untracked 
|  20|0x00000000fd400000, 0x00000000fd400000, 0x00000000fd500000|  0%| F|  |TAMS 0x00000000fd400000, 0x00000000fd400000| Untracked 
|  21|0x00000000fd500000, 0x00000000fd500000, 0x00000000fd600000|  0%| F|  |TAMS 0x00000000fd500000, 0x00000000fd500000| Untracked 
|  22|0x00000000fd600000, 0x00000000fd600000, 0x00000000fd700000|  0%| F|  |TAMS 0x00000000fd600000, 0x00000000fd600000| Untracked 
|  23|0x00000000fd700000, 0x00000000fd700000, 0x00000000fd800000|  0%| F|  |TAMS 0x00000000fd700000, 0x00000000fd700000| Untracked 
|  24|0x00000000fd800000, 0x00000000fd800000, 0x00000000fd900000|  0%| F|  |TAMS 0x00000000fd800000, 0x00000000fd800000| Untracked 
|  25|0x00000000fd900000, 0x00000000fd900000, 0x00000000fda00000|  0%| F|  |TAMS 0x00000000fd900000, 0x00000000fd900000| Untracked 
|  26|0x00000000fda00000, 0x00000000fda00000, 0x00000000fdb00000|  0%| F|  |TAMS 0x00000000fda00000, 0x00000000fda00000| Untracked 
|  27|0x00000000fdb00000, 0x00000000fdb00000, 0x00000000fdc00000|  0%| F|  |TAMS 0x00000000fdb00000, 0x00000000fdb00000| Untracked 
|  28|0x00000000fdc00000, 0x00000000fdc00000, 0x00000000fdd00000|  0%| F|  |TAMS 0x00000000fdc00000, 0x00000000fdc00000| Untracked 
|  29|0x00000000fdd00000, 0x00000000fdd00000, 0x00000000fde00000|  0%| F|  |TAMS 0x00000000fdd00000, 0x00000000fdd00000| Untracked 
|  30|0x00000000fde00000, 0x00000000fde00000, 0x00000000fdf00000|  0%| F|  |TAMS 0x00000000fde00000, 0x00000000fde00000| Untracked 
|  31|0x00000000fdf00000, 0x00000000fdf00000, 0x00000000fe000000|  0%| F|  |TAMS 0x00000000fdf00000, 0x00000000fdf00000| Untracked 
|  32|0x00000000fe000000, 0x00000000fe000000, 0x00000000fe100000|  0%| F|  |TAMS 0x00000000fe000000, 0x00000000fe000000| Untracked 
|  33|0x00000000fe100000, 0x00000000fe100000, 0x00000000fe200000|  0%| F|  |TAMS 0x00000000fe100000, 0x00000000fe100000| Untracked 
|  34|0x00000000fe200000, 0x00000000fe200000, 0x00000000fe300000|  0%| F|  |TAMS 0x00000000fe200000, 0x00000000fe200000| Untracked 
|  35|0x00000000fe300000, 0x00000000fe300000, 0x00000000fe400000|  0%| F|  |TAMS 0x00000000fe300000, 0x00000000fe300000| Untracked 
|  36|0x00000000fe400000, 0x00000000fe494608, 0x00000000fe500000| 57%| S|CS|TAMS 0x00000000fe400000, 0x00000000fe400000| Complete 
|  37|0x00000000fe500000, 0x00000000fe600000, 0x00000000fe600000|100%| S|CS|TAMS 0x00000000fe500000, 0x00000000fe500000| Complete 
|  38|0x00000000fe600000, 0x00000000fe600000, 0x00000000fe700000|  0%| F|  |TAMS 0x00000000fe600000, 0x00000000fe600000| Untracked 
|  39|0x00000000fe700000, 0x00000000fe700000, 0x00000000fe800000|  0%| F|  |TAMS 0x00000000fe700000, 0x00000000fe700000| Untracked 
|  40|0x00000000fe800000, 0x00000000fe800000, 0x00000000fe900000|  0%| F|  |TAMS 0x00000000fe800000, 0x00000000fe800000| Untracked 
|  41|0x00000000fe900000, 0x00000000fea00000, 0x00000000fea00000|100%| S|CS|TAMS 0x00000000fe900000, 0x00000000fe900000| Complete 
|  42|0x00000000fea00000, 0x00000000fea00000, 0x00000000feb00000|  0%| F|  |TAMS 0x00000000fea00000, 0x00000000fea00000| Untracked 
|  43|0x00000000feb00000, 0x00000000feb00000, 0x00000000fec00000|  0%| F|  |TAMS 0x00000000feb00000, 0x00000000feb00000| Untracked 
|  44|0x00000000fec00000, 0x00000000fec00000, 0x00000000fed00000|  0%| F|  |TAMS 0x00000000fec00000, 0x00000000fec00000| Untracked 
|  45|0x00000000fed00000, 0x00000000fed00000, 0x00000000fee00000|  0%| F|  |TAMS 0x00000000fed00000, 0x00000000fed00000| Untracked 
|  46|0x00000000fee00000, 0x00000000fee00000, 0x00000000fef00000|  0%| F|  |TAMS 0x00000000fee00000, 0x00000000fee00000| Untracked 
|  47|0x00000000fef00000, 0x00000000fef00000, 0x00000000ff000000|  0%| F|  |TAMS 0x00000000fef00000, 0x00000000fef00000| Untracked 
|  48|0x00000000ff000000, 0x00000000ff000000, 0x00000000ff100000|  0%| F|  |TAMS 0x00000000ff000000, 0x00000000ff000000| Untracked 
|  49|0x00000000ff100000, 0x00000000ff100000, 0x00000000ff200000|  0%| F|  |TAMS 0x00000000ff100000, 0x00000000ff100000| Untracked 
|  50|0x00000000ff200000, 0x00000000ff200000, 0x00000000ff300000|  0%| F|  |TAMS 0x00000000ff200000, 0x00000000ff200000| Untracked 
|  51|0x00000000ff300000, 0x00000000ff300000, 0x00000000ff400000|  0%| F|  |TAMS 0x00000000ff300000, 0x00000000ff300000| Untracked 
|  52|0x00000000ff400000, 0x00000000ff400000, 0x00000000ff500000|  0%| F|  |TAMS 0x00000000ff400000, 0x00000000ff400000| Untracked 
|  53|0x00000000ff500000, 0x00000000ff500000, 0x00000000ff600000|  0%| F|  |TAMS 0x00000000ff500000, 0x00000000ff500000| Untracked 
|  54|0x00000000ff600000, 0x00000000ff600000, 0x00000000ff700000|  0%| F|  |TAMS 0x00000000ff600000, 0x00000000ff600000| Untracked 
|  55|0x00000000ff700000, 0x00000000ff700000, 0x00000000ff800000|  0%| F|  |TAMS 0x00000000ff700000, 0x00000000ff700000| Untracked 
|  56|0x00000000ff800000, 0x00000000ff800000, 0x00000000ff900000|  0%| F|  |TAMS 0x00000000ff800000, 0x00000000ff800000| Untracked 
|  57|0x00000000ff900000, 0x00000000ff900000, 0x00000000ffa00000|  0%| F|  |TAMS 0x00000000ff900000, 0x00000000ff900000| Untracked 
|  58|0x00000000ffa00000, 0x00000000ffa00000, 0x00000000ffb00000|  0%| F|  |TAMS 0x00000000ffa00000, 0x00000000ffa00000| Untracked 
|  59|0x00000000ffb00000, 0x00000000ffb00000, 0x00000000ffc00000|  0%| F|  |TAMS 0x00000000ffb00000, 0x00000000ffb00000| Untracked 
|  60|0x00000000ffc00000, 0x00000000ffc00000, 0x00000000ffd00000|  0%| F|  |TAMS 0x00000000ffc00000, 0x00000000ffc00000| Untracked 
|  61|0x00000000ffd00000, 0x00000000ffde7508, 0x00000000ffe00000| 90%| E|  |TAMS 0x00000000ffd00000, 0x00000000ffd00000| Complete 
|  62|0x00000000ffe00000, 0x00000000fff00000, 0x00000000fff00000|100%| E|CS|TAMS 0x00000000ffe00000, 0x00000000ffe00000| Complete 
|  63|0x00000000fff00000, 0x0000000100000000, 0x0000000100000000|100%| E|CS|TAMS 0x00000000fff00000, 0x00000000fff00000| Complete 

Card table byte_map: [0x000001ce9eba0000,0x000001ce9ebc0000] _byte_map_base: 0x000001ce9e3c0000

Marking Bits (Prev, Next): (CMBitMap*) 0x000001ce9eccf470, (CMBitMap*) 0x000001ce9eccf4b0
 Prev Bits: [0x000001ceb6020000, 0x000001ceb6120000)
 Next Bits: [0x000001ceb6120000, 0x000001ceb6220000)

Polling page: 0x000001ce9cc70000

Metaspace:

Usage:
  Non-class:      8.25 MB used.
      Class:      1.21 MB used.
       Both:      9.46 MB used.

Virtual space:
  Non-class space:       64.00 MB reserved,       8.38 MB ( 13%) committed,  1 nodes.
      Class space:        1.00 GB reserved,       1.31 MB ( <1%) committed,  1 nodes.
             Both:        1.06 GB reserved,       9.69 MB ( <1%) committed. 

Chunk freelists:
   Non-Class:  6.80 MB
       Class:  14.61 MB
        Both:  21.40 MB

MaxMetaspaceSize: unlimited
CompressedClassSpaceSize: 1.00 GB
Initial GC threshold: 21.00 MB
Current GC threshold: 21.00 MB
CDS: on
MetaspaceReclaimPolicy: balanced
 - commit_granule_bytes: 65536.
 - commit_granule_words: 8192.
 - virtual_space_node_default_size: 8388608.
 - enlarge_chunks_in_place: 1.
 - new_chunks_are_fully_committed: 0.
 - uncommit_free_chunks: 1.
 - use_allocation_guard: 0.
 - handle_deallocations: 1.


Internal statistics:

num_allocs_failed_limit: 0.
num_arena_births: 88.
num_arena_deaths: 0.
num_vsnodes_births: 2.
num_vsnodes_deaths: 0.
num_space_committed: 155.
num_space_uncommitted: 0.
num_chunks_returned_to_freelist: 0.
num_chunks_taken_from_freelist: 333.
num_chunk_merges: 0.
num_chunk_splits: 226.
num_chunks_enlarged: 182.
num_inconsistent_stats: 0.

CodeHeap 'non-profiled nmethods': size=119168Kb used=669Kb max_used=669Kb free=118498Kb
 bounds [0x000001ceae340000, 0x000001ceae5b0000, 0x000001ceb57a0000]
CodeHeap 'profiled nmethods': size=119104Kb used=3787Kb max_used=3787Kb free=115316Kb
 bounds [0x000001cea67a0000, 0x000001cea6b60000, 0x000001ceadbf0000]
CodeHeap 'non-nmethods': size=7488Kb used=1182Kb max_used=2899Kb free=6305Kb
 bounds [0x000001ceadbf0000, 0x000001ceaded0000, 0x000001ceae340000]
 total_blobs=2308 nmethods=1825 adapters=396
 compilation: enabled
              stopped_count=0, restarted_count=0
 full_count=0

Compilation events (20 events):
Event: 18.683 Thread 0x000001cefa15d540 1810   !   3       jdk.internal.misc.ScopedMemoryAccess::copyMemoryInternal (60 bytes)
Event: 18.683 Thread 0x000001cefa15d540 nmethod 1810 0x000001cea6b48110 code [0x000001cea6b48300, 0x000001cea6b48848]
Event: 18.683 Thread 0x000001cefa15d540 1811       3       sun.nio.ch.SocketChannelImpl::ensureOpenAndConnected (32 bytes)
Event: 18.683 Thread 0x000001cefa15d540 nmethod 1811 0x000001cea6b48b90 code [0x000001cea6b48d60, 0x000001cea6b49038]
Event: 18.683 Thread 0x000001cefa15d540 1812       3       sun.nio.ch.IOUtil::acquireScope (11 bytes)
Event: 18.683 Thread 0x000001cefa15d540 nmethod 1812 0x000001cea6b49190 code [0x000001cea6b49340, 0x000001cea6b49488]
Event: 18.683 Thread 0x000001cefa15d540 1813       3       java.nio.Buffer$1::acquireScope (41 bytes)
Event: 18.684 Thread 0x000001cefa15d540 nmethod 1813 0x000001cea6b49510 code [0x000001cea6b49700, 0x000001cea6b49c38]
Event: 18.684 Thread 0x000001cefa15d540 1814       3       sun.nio.ch.IOUtil::bufferAddress (10 bytes)
Event: 18.684 Thread 0x000001cefa15d540 nmethod 1814 0x000001cea6b49e10 code [0x000001cea6b49fa0, 0x000001cea6b4a118]
Event: 18.684 Thread 0x000001cefa15d540 1815       3       java.nio.Buffer$1::getBufferAddress (5 bytes)
Event: 18.684 Thread 0x000001cefa15d540 nmethod 1815 0x000001cea6b4a210 code [0x000001cea6b4a3a0, 0x000001cea6b4a4b8]
Event: 18.684 Thread 0x000001cefa15d540 1816   !   3       sun.nio.ch.IOUtil::releaseScope (31 bytes)
Event: 18.684 Thread 0x000001cefa15d540 nmethod 1816 0x000001cea6b4a590 code [0x000001cea6b4a760, 0x000001cea6b4aaa8]
Event: 18.684 Thread 0x000001cefa15d540 1817   !   3       sun.nio.ch.SocketChannelImpl::endRead (46 bytes)
Event: 18.684 Thread 0x000001cefa15d540 nmethod 1817 0x000001cea6b4ac10 code [0x000001cea6b4ade0, 0x000001cea6b4b178]
Event: 18.684 Thread 0x000001cefa15d540 1818       3       sun.nio.ch.SelectorImpl::ensureOpen (16 bytes)
Event: 18.684 Thread 0x000001cefa15d540 nmethod 1818 0x000001cea6b4b310 code [0x000001cea6b4b4c0, 0x000001cea6b4b7a8]
Event: 18.697 Thread 0x000001cefa15d540 1819   !   3       sun.nio.ch.SocketChannelImpl::read (314 bytes)
Event: 18.697 Thread 0x000001cefa13ca80 1827       4       com.esotericsoftware.kryo.io.Input::require (220 bytes)

GC Heap History (4 events):
Event: 0.267 GC heap before
{Heap before GC invocations=0 (full 0):
 garbage-first heap   total 65536K, used 26624K [0x00000000fc000000, 0x0000000100000000)
  region size 1024K, 23 young (23552K), 0 survivors (0K)
 Metaspace       used 3417K, committed 3584K, reserved 1114112K
  class space    used 393K, committed 448K, reserved 1048576K
}
Event: 0.270 GC heap after
{Heap after GC invocations=1 (full 0):
 garbage-first heap   total 65536K, used 10864K [0x00000000fc000000, 0x0000000100000000)
  region size 1024K, 3 young (3072K), 3 survivors (3072K)
 Metaspace       used 3417K, committed 3584K, reserved 1114112K
  class space    used 393K, committed 448K, reserved 1048576K
}
Event: 1.446 GC heap before
{Heap before GC invocations=1 (full 0):
 garbage-first heap   total 65536K, used 33392K [0x00000000fc000000, 0x0000000100000000)
  region size 1024K, 25 young (25600K), 3 survivors (3072K)
 Metaspace       used 8953K, committed 9152K, reserved 1114112K
  class space    used 1164K, committed 1280K, reserved 1048576K
}
Event: 1.448 GC heap after
{Heap after GC invocations=2 (full 0):
 garbage-first heap   total 65536K, used 13586K [0x00000000fc000000, 0x0000000100000000)
  region size 1024K, 3 young (3072K), 3 survivors (3072K)
 Metaspace       used 8953K, committed 9152K, reserved 1114112K
  class space    used 1164K, committed 1280K, reserved 1048576K
}

Dll operation events (11 events):
Event: 0.003 Loaded shared library C:\Users\Sayan Ghosh\AppData\Local\Programs\Eclipse Adoptium\jdk-17.0.8.7-hotspot\bin\java.dll
Event: 0.013 Loaded shared library C:\Users\Sayan Ghosh\AppData\Local\Programs\Eclipse Adoptium\jdk-17.0.8.7-hotspot\bin\jsvml.dll
Event: 0.028 Loaded shared library C:\Users\Sayan Ghosh\AppData\Local\Programs\Eclipse Adoptium\jdk-17.0.8.7-hotspot\bin\net.dll
Event: 0.029 Loaded shared library C:\Users\Sayan Ghosh\AppData\Local\Programs\Eclipse Adoptium\jdk-17.0.8.7-hotspot\bin\nio.dll
Event: 0.030 Loaded shared library C:\Users\Sayan Ghosh\AppData\Local\Programs\Eclipse Adoptium\jdk-17.0.8.7-hotspot\bin\zip.dll
Event: 0.144 Loaded shared library C:\Users\Sayan Ghosh\AppData\Local\Programs\Eclipse Adoptium\jdk-17.0.8.7-hotspot\bin\jimage.dll
Event: 0.177 Loaded shared library C:\Users\Sayan Ghosh\AppData\Local\Programs\Eclipse Adoptium\jdk-17.0.8.7-hotspot\bin\verify.dll
Event: 0.306 Loaded shared library C:\Users\Sayan Ghosh\.gradle\native\68d5fa5c4cc2d200863cafc0d521ce42e7d3e7ee720ec0a83991735586a16f82\windows-amd64\native-platform.dll
Event: 0.367 Loaded shared library C:\Users\Sayan Ghosh\AppData\Local\Programs\Eclipse Adoptium\jdk-17.0.8.7-hotspot\bin\management.dll
Event: 0.368 Loaded shared library C:\Users\Sayan Ghosh\AppData\Local\Programs\Eclipse Adoptium\jdk-17.0.8.7-hotspot\bin\management_ext.dll
Event: 1.444 Loaded shared library C:\Users\Sayan Ghosh\AppData\Local\Programs\Eclipse Adoptium\jdk-17.0.8.7-hotspot\bin\sunmscapi.dll

Deoptimization events (20 events):
Event: 1.443 Thread 0x000001ce9ecadcc0 Uncommon trap: trap_request=0xffffffc6 fr.pc=0x000001ceae3cdb78 relative=0x0000000000000438
Event: 1.443 Thread 0x000001ce9ecadcc0 Uncommon trap: reason=bimorphic_or_optimized_type_check action=maybe_recompile pc=0x000001ceae3cdb78 method=java.util.HashMap.getNode(Ljava/lang/Object;)Ljava/util/HashMap$Node; @ 128 c2
Event: 1.443 Thread 0x000001ce9ecadcc0 DEOPT PACKING pc=0x000001ceae3cdb78 sp=0x0000008e446fa920
Event: 1.443 Thread 0x000001ce9ecadcc0 DEOPT UNPACKING pc=0x000001ceadc469a3 sp=0x0000008e446fa898 mode 2
Event: 1.443 Thread 0x000001ce9ecadcc0 Uncommon trap: trap_request=0xffffffc6 fr.pc=0x000001ceae3cdb78 relative=0x0000000000000438
Event: 1.443 Thread 0x000001ce9ecadcc0 Uncommon trap: reason=bimorphic_or_optimized_type_check action=maybe_recompile pc=0x000001ceae3cdb78 method=java.util.HashMap.getNode(Ljava/lang/Object;)Ljava/util/HashMap$Node; @ 128 c2
Event: 1.443 Thread 0x000001ce9ecadcc0 DEOPT PACKING pc=0x000001ceae3cdb78 sp=0x0000008e446fa920
Event: 1.443 Thread 0x000001ce9ecadcc0 DEOPT UNPACKING pc=0x000001ceadc469a3 sp=0x0000008e446fa898 mode 2
Event: 1.443 Thread 0x000001ce9ecadcc0 Uncommon trap: trap_request=0xffffffc6 fr.pc=0x000001ceae3cdb78 relative=0x0000000000000438
Event: 1.443 Thread 0x000001ce9ecadcc0 Uncommon trap: reason=bimorphic_or_optimized_type_check action=maybe_recompile pc=0x000001ceae3cdb78 method=java.util.HashMap.getNode(Ljava/lang/Object;)Ljava/util/HashMap$Node; @ 128 c2
Event: 1.443 Thread 0x000001ce9ecadcc0 DEOPT PACKING pc=0x000001ceae3cdb78 sp=0x0000008e446fa920
Event: 1.443 Thread 0x000001ce9ecadcc0 DEOPT UNPACKING pc=0x000001ceadc469a3 sp=0x0000008e446fa898 mode 2
Event: 1.443 Thread 0x000001ce9ecadcc0 Uncommon trap: trap_request=0xffffffc6 fr.pc=0x000001ceae3cdb78 relative=0x0000000000000438
Event: 1.443 Thread 0x000001ce9ecadcc0 Uncommon trap: reason=bimorphic_or_optimized_type_check action=maybe_recompile pc=0x000001ceae3cdb78 method=java.util.HashMap.getNode(Ljava/lang/Object;)Ljava/util/HashMap$Node; @ 128 c2
Event: 1.443 Thread 0x000001ce9ecadcc0 DEOPT PACKING pc=0x000001ceae3cdb78 sp=0x0000008e446fa920
Event: 1.443 Thread 0x000001ce9ecadcc0 DEOPT UNPACKING pc=0x000001ceadc469a3 sp=0x0000008e446fa898 mode 2
Event: 1.472 Thread 0x000001ce9ecadcc0 Uncommon trap: trap_request=0xffffff45 fr.pc=0x000001ceae3909e8 relative=0x0000000000000408
Event: 1.472 Thread 0x000001ce9ecadcc0 Uncommon trap: reason=unstable_if action=reinterpret pc=0x000001ceae3909e8 method=java.util.regex.Matcher.match(II)Z @ 76 c2
Event: 1.472 Thread 0x000001ce9ecadcc0 DEOPT PACKING pc=0x000001ceae3909e8 sp=0x0000008e446fbb70
Event: 1.472 Thread 0x000001ce9ecadcc0 DEOPT UNPACKING pc=0x000001ceadc469a3 sp=0x0000008e446fbb28 mode 2

Classes unloaded (0 events):
No events

Classes redefined (0 events):
No events

Internal exceptions (20 events):
Event: 0.296 Thread 0x000001ce9ecadcc0 Exception <a 'java/lang/NoSuchMethodError'{0x00000000ffe80d98}: 'java.lang.Object java.lang.invoke.DirectMethodHandle$Holder.invokeVirtual(java.lang.Object, java.lang.Object, java.lang.Object, java.lang.Object, java.lang.Object, java.lang.Object, java.lang.Object)'> (0x00000000ffe80d98) 
thrown [s\src\hotspot\share\interpreter\linkResolver.cpp, line 759]
Event: 0.297 Thread 0x000001ce9ecadcc0 Exception <a 'java/lang/NoSuchMethodError'{0x00000000ffe92978}: 'java.lang.Object java.lang.invoke.Invokers$Holder.invoker(java.lang.Object, java.lang.Object, java.lang.Object)'> (0x00000000ffe92978) 
thrown [s\src\hotspot\share\interpreter\linkResolver.cpp, line 759]
Event: 0.298 Thread 0x000001ce9ecadcc0 Exception <a 'java/lang/NoSuchMethodError'{0x00000000ffe9ba48}: 'java.lang.Object java.lang.invoke.DirectMethodHandle$Holder.invokeStatic(java.lang.Object, java.lang.Object, int)'> (0x00000000ffe9ba48) 
thrown [s\src\hotspot\share\interpreter\linkResolver.cpp, line 759]
Event: 0.299 Thread 0x000001ce9ecadcc0 Exception <a 'java/lang/NoSuchMethodError'{0x00000000ffea7738}: 'void java.lang.invoke.DelegatingMethodHandle$Holder.delegate(java.lang.Object, java.lang.Object, int, java.lang.Object)'> (0x00000000ffea7738) 
thrown [s\src\hotspot\share\interpreter\linkResolver.cpp, line 759]
Event: 0.299 Thread 0x000001ce9ecadcc0 Exception <a 'java/lang/NoSuchMethodError'{0x00000000ffeab880}: 'int java.lang.invoke.DirectMethodHandle$Holder.invokeSpecial(java.lang.Object, java.lang.Object, java.lang.Object)'> (0x00000000ffeab880) 
thrown [s\src\hotspot\share\interpreter\linkResolver.cpp, line 759]
Event: 0.301 Thread 0x000001ce9ecadcc0 Exception <a 'java/lang/NoSuchMethodError'{0x00000000ffebe9c8}: 'java.lang.Object java.lang.invoke.Invokers$Holder.invokeExact_MT(java.lang.Object, java.lang.Object, java.lang.Object, java.lang.Object)'> (0x00000000ffebe9c8) 
thrown [s\src\hotspot\share\interpreter\linkResolver.cpp, line 759]
Event: 0.354 Thread 0x000001ce9ecadcc0 Exception <a 'java/lang/NoSuchMethodError'{0x00000000ff808410}: 'void java.lang.invoke.DirectMethodHandle$Holder.invokeSpecial(java.lang.Object, java.lang.Object, java.lang.Object)'> (0x00000000ff808410) 
thrown [s\src\hotspot\share\interpreter\linkResolver.cpp, line 759]
Event: 0.358 Thread 0x000001ce9ecadcc0 Implicit null exception at 0x000001ceae38f18c to 0x000001ceae38f6d0
Event: 0.358 Thread 0x000001ce9ecadcc0 Implicit null exception at 0x000001ceae384d8f to 0x000001ceae3852dc
Event: 0.366 Thread 0x000001ce9ecadcc0 Exception <a 'java/lang/NoSuchMethodError'{0x00000000ff757950}: 'java.lang.Object java.lang.invoke.DirectMethodHandle$Holder.invokeStaticInit(java.lang.Object)'> (0x00000000ff757950) 
thrown [s\src\hotspot\share\interpreter\linkResolver.cpp, line 759]
Event: 0.406 Thread 0x000001ce9ecadcc0 Exception <a 'java/lang/NoSuchMethodError'{0x00000000ff33d318}: 'java.lang.Object java.lang.invoke.DirectMethodHandle$Holder.invokeStaticInit(java.lang.Object, int, int, int, int)'> (0x00000000ff33d318) 
thrown [s\src\hotspot\share\interpreter\linkResolver.cpp, line 759]
Event: 0.430 Thread 0x000001ce9ecadcc0 Exception <a 'java/lang/NoSuchMethodError'{0x00000000ff367e90}: 'java.lang.Object java.lang.invoke.DirectMethodHandle$Holder.invokeStaticInit(java.lang.Object, java.lang.Object, int, int, int, int)'> (0x00000000ff367e90) 
thrown [s\src\hotspot\share\interpreter\linkResolver.cpp, line 759]
Event: 0.494 Thread 0x000001ce9ecadcc0 Exception <a 'java/lang/NoSuchMethodError'{0x00000000ff396270}: 'void java.lang.invoke.DirectMethodHandle$Holder.invokeStatic(java.lang.Object, java.lang.Object, java.lang.Object)'> (0x00000000ff396270) 
thrown [s\src\hotspot\share\interpreter\linkResolver.cpp, line 759]
Event: 0.503 Thread 0x000001ce9ecadcc0 Implicit null exception at 0x000001ceae3777f2 to 0x000001ceae377dc8
Event: 0.503 Thread 0x000001ce9ecadcc0 Implicit null exception at 0x000001ceae37d5f2 to 0x000001ceae37dbd8
Event: 0.584 Thread 0x000001ceff726f40 Exception <a 'java/lang/NoSuchMethodError'{0x00000000febf2e48}: 'void java.lang.invoke.DirectMethodHandle$Holder.invokeStatic(java.lang.Object, long)'> (0x00000000febf2e48) 
thrown [s\src\hotspot\share\interpreter\linkResolver.cpp, line 759]
Event: 0.585 Thread 0x000001ceff726f40 Exception <a 'java/lang/NoSuchMethodError'{0x00000000febf87a0}: 'java.lang.Object java.lang.invoke.DirectMethodHandle$Holder.newInvokeSpecial(java.lang.Object, long)'> (0x00000000febf87a0) 
thrown [s\src\hotspot\share\interpreter\linkResolver.cpp, line 759]
Event: 0.586 Thread 0x000001ceff726f40 Exception <a 'java/lang/NoSuchMethodError'{0x00000000fea037d8}: 'java.lang.Object java.lang.invoke.DirectMethodHandle$Holder.invokeStaticInit(java.lang.Object, java.lang.Object, long, java.lang.Object)'> (0x00000000fea037d8) 
thrown [s\src\hotspot\share\interpreter\linkResolver.cpp, line 759]
Event: 0.586 Thread 0x000001ceff726f40 Exception <a 'java/lang/NoSuchMethodError'{0x00000000fea09e60}: 'java.lang.Object java.lang.invoke.DirectMethodHandle$Holder.newInvokeSpecial(java.lang.Object, java.lang.Object, long)'> (0x00000000fea09e60) 
thrown [s\src\hotspot\share\interpreter\linkResolver.cpp, line 759]
Event: 0.586 Thread 0x000001ceff726f40 Exception <a 'java/lang/NoSuchMethodError'{0x00000000fea0e150}: 'java.lang.Object java.lang.invoke.Invokers$Holder.linkToTargetMethod(java.lang.Object, long, java.lang.Object)'> (0x00000000fea0e150) 
thrown [s\src\hotspot\share\interpreter\linkResolver.cpp, line 759]

VM Operations (20 events):
Event: 0.428 Executing VM operation: HandshakeAllThreads
Event: 0.428 Executing VM operation: HandshakeAllThreads done
Event: 0.507 Executing VM operation: HandshakeAllThreads
Event: 0.507 Executing VM operation: HandshakeAllThreads done
Event: 0.588 Executing VM operation: HandshakeAllThreads
Event: 0.588 Executing VM operation: HandshakeAllThreads done
Event: 0.591 Executing VM operation: HandshakeAllThreads
Event: 0.592 Executing VM operation: HandshakeAllThreads done
Event: 1.445 Executing VM operation: G1CollectForAllocation
Event: 1.449 Executing VM operation: G1CollectForAllocation done
Event: 1.452 Executing VM operation: HandshakeAllThreads
Event: 1.452 Executing VM operation: HandshakeAllThreads done
Event: 2.459 Executing VM operation: Cleanup
Event: 2.459 Executing VM operation: Cleanup done
Event: 4.483 Executing VM operation: Cleanup
Event: 4.483 Executing VM operation: Cleanup done
Event: 13.572 Executing VM operation: Cleanup
Event: 13.573 Executing VM operation: Cleanup done
Event: 17.593 Executing VM operation: Cleanup
Event: 17.593 Executing VM operation: Cleanup done

Events (20 events):
Event: 5.118 loading class jdk/internal/reflect/ByteVector done
Event: 5.118 loading class jdk/internal/reflect/ByteVectorImpl done
Event: 5.118 loading class jdk/internal/reflect/ClassFileAssembler
Event: 5.118 loading class jdk/internal/reflect/ClassFileAssembler done
Event: 5.118 loading class jdk/internal/reflect/UTF8
Event: 5.118 loading class jdk/internal/reflect/UTF8 done
Event: 5.118 loading class jdk/internal/reflect/Label
Event: 5.118 loading class jdk/internal/reflect/Label done
Event: 5.119 loading class jdk/internal/reflect/Label$PatchInfo
Event: 5.119 loading class jdk/internal/reflect/Label$PatchInfo done
Event: 5.119 loading class jdk/internal/reflect/MethodAccessorGenerator$1
Event: 5.119 loading class jdk/internal/reflect/MethodAccessorGenerator$1 done
Event: 5.119 loading class jdk/internal/reflect/ClassDefiner
Event: 5.119 loading class jdk/internal/reflect/ClassDefiner done
Event: 5.119 loading class jdk/internal/reflect/ClassDefiner$1
Event: 5.119 loading class jdk/internal/reflect/ClassDefiner$1 done
Event: 12.926 Thread 0x000001ceff50ac70 Thread added: 0x000001ceff50ac70
Event: 14.920 Thread 0x000001ceff50ac70 Thread exited: 0x000001ceff50ac70
Event: 16.729 loading class jdk/internal/misc/ScopedMemoryAccess$Scope
Event: 16.729 loading class jdk/internal/misc/ScopedMemoryAccess$Scope done


Dynamic libraries:
0x00007ff694f10000 - 0x00007ff694f1e000 	C:\Users\Sayan Ghosh\AppData\Local\Programs\Eclipse Adoptium\jdk-17.0.8.7-hotspot\bin\java.exe
0x00007ffc27670000 - 0x00007ffc27868000 	C:\Windows\SYSTEM32\ntdll.dll
0x00007ffc26e50000 - 0x00007ffc26f0f000 	C:\Windows\System32\KERNEL32.DLL
0x00007ffc25160000 - 0x00007ffc25432000 	C:\Windows\System32\KERNELBASE.dll
0x00007ffc25590000 - 0x00007ffc25690000 	C:\Windows\System32\ucrtbase.dll
0x00007ffbf52b0000 - 0x00007ffbf52c7000 	C:\Users\Sayan Ghosh\AppData\Local\Programs\Eclipse Adoptium\jdk-17.0.8.7-hotspot\bin\jli.dll
0x00007ffbf5290000 - 0x00007ffbf52a9000 	C:\Users\Sayan Ghosh\AppData\Local\Programs\Eclipse Adoptium\jdk-17.0.8.7-hotspot\bin\VCRUNTIME140.dll
0x00007ffc26660000 - 0x00007ffc26801000 	C:\Windows\System32\USER32.dll
0x00007ffc25690000 - 0x00007ffc256b2000 	C:\Windows\System32\win32u.dll
0x00007ffc0ebf0000 - 0x00007ffc0ee8a000 	C:\Windows\WinSxS\amd64_microsoft.windows.common-controls_6595b64144ccf1df_6.0.19041.1110_none_60b5254171f9507e\COMCTL32.dll
0x00007ffc27310000 - 0x00007ffc2733b000 	C:\Windows\System32\GDI32.dll
0x00007ffc26930000 - 0x00007ffc269ce000 	C:\Windows\System32\msvcrt.dll
0x00007ffc24da0000 - 0x00007ffc24eaf000 	C:\Windows\System32\gdi32full.dll
0x00007ffc25440000 - 0x00007ffc254dd000 	C:\Windows\System32\msvcp_win.dll
0x00007ffc26820000 - 0x00007ffc26850000 	C:\Windows\System32\IMM32.DLL
0x00007ffc062e0000 - 0x00007ffc062ec000 	C:\Users\Sayan Ghosh\AppData\Local\Programs\Eclipse Adoptium\jdk-17.0.8.7-hotspot\bin\vcruntime140_1.dll
0x00007ffbedd70000 - 0x00007ffbede01000 	C:\Users\Sayan Ghosh\AppData\Local\Programs\Eclipse Adoptium\jdk-17.0.8.7-hotspot\bin\msvcp140.dll
0x00007ffbbf9a0000 - 0x00007ffbc05ec000 	C:\Users\Sayan Ghosh\AppData\Local\Programs\Eclipse Adoptium\jdk-17.0.8.7-hotspot\bin\server\jvm.dll
0x00007ffc271e0000 - 0x00007ffc2728e000 	C:\Windows\System32\ADVAPI32.dll
0x00007ffc26a30000 - 0x00007ffc26acc000 	C:\Windows\System32\sechost.dll
0x00007ffc273c0000 - 0x00007ffc274e4000 	C:\Windows\System32\RPCRT4.dll
0x00007ffc242b0000 - 0x00007ffc242fb000 	C:\Windows\SYSTEM32\POWRPROF.dll
0x00007ffc0f8a0000 - 0x00007ffc0f8a9000 	C:\Windows\SYSTEM32\WSOCK32.dll
0x00007ffc182d0000 - 0x00007ffc182f7000 	C:\Windows\SYSTEM32\WINMM.dll
0x00007ffc27170000 - 0x00007ffc271db000 	C:\Windows\System32\WS2_32.dll
0x00007ffc1b170000 - 0x00007ffc1b17a000 	C:\Windows\SYSTEM32\VERSION.dll
0x00007ffc24170000 - 0x00007ffc24182000 	C:\Windows\SYSTEM32\UMPDC.dll
0x00007ffc22c10000 - 0x00007ffc22c22000 	C:\Windows\SYSTEM32\kernel.appcore.dll
0x00007ffc04740000 - 0x00007ffc0474a000 	C:\Users\Sayan Ghosh\AppData\Local\Programs\Eclipse Adoptium\jdk-17.0.8.7-hotspot\bin\jimage.dll
0x00007ffc152b0000 - 0x00007ffc15494000 	C:\Windows\SYSTEM32\DBGHELP.DLL
0x00007ffc0cb60000 - 0x00007ffc0cb95000 	C:\Windows\SYSTEM32\dbgcore.DLL
0x00007ffc24eb0000 - 0x00007ffc24f32000 	C:\Windows\System32\bcryptPrimitives.dll
0x00007ffbf24f0000 - 0x00007ffbf2515000 	C:\Users\Sayan Ghosh\AppData\Local\Programs\Eclipse Adoptium\jdk-17.0.8.7-hotspot\bin\java.dll
0x00007ffbc3ad0000 - 0x00007ffbc3ba6000 	C:\Users\Sayan Ghosh\AppData\Local\Programs\Eclipse Adoptium\jdk-17.0.8.7-hotspot\bin\jsvml.dll
0x00007ffc25e40000 - 0x00007ffc26585000 	C:\Windows\System32\SHELL32.dll
0x00007ffc22e10000 - 0x00007ffc235a2000 	C:\Windows\SYSTEM32\windows.storage.dll
0x00007ffc26af0000 - 0x00007ffc26e45000 	C:\Windows\System32\combase.dll
0x00007ffc246f0000 - 0x00007ffc24720000 	C:\Windows\SYSTEM32\Wldp.dll
0x00007ffc270c0000 - 0x00007ffc2716d000 	C:\Windows\System32\SHCORE.dll
0x00007ffc27350000 - 0x00007ffc273a5000 	C:\Windows\System32\shlwapi.dll
0x00007ffc24cb0000 - 0x00007ffc24ccf000 	C:\Windows\SYSTEM32\profapi.dll
0x00007ffbf42b0000 - 0x00007ffbf42c9000 	C:\Users\Sayan Ghosh\AppData\Local\Programs\Eclipse Adoptium\jdk-17.0.8.7-hotspot\bin\net.dll
0x00007ffc1e3d0000 - 0x00007ffc1e4da000 	C:\Windows\SYSTEM32\WINHTTP.dll
0x00007ffc244d0000 - 0x00007ffc2453a000 	C:\Windows\system32\mswsock.dll
0x00007ffbf1380000 - 0x00007ffbf1395000 	C:\Users\Sayan Ghosh\AppData\Local\Programs\Eclipse Adoptium\jdk-17.0.8.7-hotspot\bin\nio.dll
0x00007ffbf1360000 - 0x00007ffbf1378000 	C:\Users\Sayan Ghosh\AppData\Local\Programs\Eclipse Adoptium\jdk-17.0.8.7-hotspot\bin\zip.dll
0x00007ffbfd470000 - 0x00007ffbfd480000 	C:\Users\Sayan Ghosh\AppData\Local\Programs\Eclipse Adoptium\jdk-17.0.8.7-hotspot\bin\verify.dll
0x00007ffc04750000 - 0x00007ffc04777000 	C:\Users\Sayan Ghosh\.gradle\native\68d5fa5c4cc2d200863cafc0d521ce42e7d3e7ee720ec0a83991735586a16f82\windows-amd64\native-platform.dll
0x00007ffbfd210000 - 0x00007ffbfd219000 	C:\Users\Sayan Ghosh\AppData\Local\Programs\Eclipse Adoptium\jdk-17.0.8.7-hotspot\bin\management.dll
0x00007ffbf87c0000 - 0x00007ffbf87cb000 	C:\Users\Sayan Ghosh\AppData\Local\Programs\Eclipse Adoptium\jdk-17.0.8.7-hotspot\bin\management_ext.dll
0x00007ffc27340000 - 0x00007ffc27348000 	C:\Windows\System32\PSAPI.DLL
0x00007ffc24730000 - 0x00007ffc24748000 	C:\Windows\SYSTEM32\CRYPTSP.dll
0x00007ffc23da0000 - 0x00007ffc23dd4000 	C:\Windows\system32\rsaenh.dll
0x00007ffc24d70000 - 0x00007ffc24d97000 	C:\Windows\System32\bcrypt.dll
0x00007ffc24c70000 - 0x00007ffc24c9e000 	C:\Windows\SYSTEM32\USERENV.dll
0x00007ffc24660000 - 0x00007ffc2466c000 	C:\Windows\SYSTEM32\CRYPTBASE.dll
0x00007ffc24190000 - 0x00007ffc241cb000 	C:\Windows\SYSTEM32\IPHLPAPI.DLL
0x00007ffc273b0000 - 0x00007ffc273b8000 	C:\Windows\System32\NSI.dll
0x00007ffc1eef0000 - 0x00007ffc1ef07000 	C:\Windows\SYSTEM32\dhcpcsvc6.DLL
0x00007ffc1eed0000 - 0x00007ffc1eeed000 	C:\Windows\SYSTEM32\dhcpcsvc.DLL
0x00007ffc241d0000 - 0x00007ffc2429b000 	C:\Windows\SYSTEM32\DNSAPI.dll
0x00007ffbf74d0000 - 0x00007ffbf74de000 	C:\Users\Sayan Ghosh\AppData\Local\Programs\Eclipse Adoptium\jdk-17.0.8.7-hotspot\bin\sunmscapi.dll
0x00007ffc25000000 - 0x00007ffc25156000 	C:\Windows\System32\CRYPT32.dll
0x00007ffc24840000 - 0x00007ffc24867000 	C:\Windows\SYSTEM32\ncrypt.dll
0x00007ffc24800000 - 0x00007ffc2483b000 	C:\Windows\SYSTEM32\NTASN1.dll
0x00007ffbf74c0000 - 0x00007ffbf74c7000 	C:\Windows\system32\wshunix.dll

dbghelp: loaded successfully - version: 4.0.5 - missing functions: none
symbol engine: initialized successfully - sym options: 0x614 - pdb path: .;C:\Users\Sayan Ghosh\AppData\Local\Programs\Eclipse Adoptium\jdk-17.0.8.7-hotspot\bin;C:\Windows\SYSTEM32;C:\Windows\WinSxS\amd64_microsoft.windows.common-controls_6595b64144ccf1df_6.0.19041.1110_none_60b5254171f9507e;C:\Users\Sayan Ghosh\AppData\Local\Programs\Eclipse Adoptium\jdk-17.0.8.7-hotspot\bin\server;C:\Users\Sayan Ghosh\.gradle\native\68d5fa5c4cc2d200863cafc0d521ce42e7d3e7ee720ec0a83991735586a16f82\windows-amd64

VM Arguments:
jvm_args: -Xmx64m -Xms64m -Dorg.gradle.appname=gradlew 
java_command: org.gradle.wrapper.GradleWrapperMain app:installDebug -PreactNativeDevServerPort=8081
java_class_path (initial): F:\Programs\Internships Assignments\Celebrare Assignments\TextEditor\android\\gradle\wrapper\gradle-wrapper.jar
Launcher Type: SUN_STANDARD

[Global flags]
     intx CICompilerCount                          = 12                                        {product} {ergonomic}
     uint ConcGCThreads                            = 3                                         {product} {ergonomic}
     uint G1ConcRefinementThreads                  = 13                                        {product} {ergonomic}
   size_t G1HeapRegionSize                         = 1048576                                   {product} {ergonomic}
    uintx GCDrainStackTargetSize                   = 64                                        {product} {ergonomic}
   size_t InitialHeapSize                          = 67108864                                  {product} {command line}
   size_t MarkStackSize                            = 4194304                                   {product} {ergonomic}
   size_t MaxHeapSize                              = 67108864                                  {product} {command line}
   size_t MaxNewSize                               = 39845888                                  {product} {ergonomic}
   size_t MinHeapDeltaBytes                        = 1048576                                   {product} {ergonomic}
   size_t MinHeapSize                              = 67108864                                  {product} {command line}
    uintx NonNMethodCodeHeapSize                   = 7602480                                {pd product} {ergonomic}
    uintx NonProfiledCodeHeapSize                  = 122027880                              {pd product} {ergonomic}
    uintx ProfiledCodeHeapSize                     = 122027880                              {pd product} {ergonomic}
    uintx ReservedCodeCacheSize                    = 251658240                              {pd product} {ergonomic}
     bool SegmentedCodeCache                       = true                                      {product} {ergonomic}
   size_t SoftMaxHeapSize                          = 67108864                               {manageable} {ergonomic}
     bool UseCompressedClassPointers               = true                           {product lp64_product} {ergonomic}
     bool UseCompressedOops                        = true                           {product lp64_product} {ergonomic}
     bool UseG1GC                                  = true                                      {product} {ergonomic}
     bool UseLargePagesIndividualAllocation        = false                                  {pd product} {ergonomic}

Logging:
Log output configuration:
 #0: stdout all=warning uptime,level,tags
 #1: stderr all=off uptime,level,tags

Environment Variables:
JAVA_HOME=C:\Users\Sayan Ghosh\AppData\Local\Programs\Eclipse Adoptium\jdk-17.0.8.7-hotspot\
CLASSPATH=F:\Programs\Internships Assignments\Celebrare Assignments\TextEditor\android\\gradle\wrapper\gradle-wrapper.jar
PATH=F:\Programs\Internships Assignments\Celebrare Assignments\TextEditor\node_modules\.bin;F:\Programs\Internships Assignments\Celebrare Assignments\TextEditor\node_modules\.bin;F:\Programs\Internships Assignments\Celebrare Assignments\node_modules\.bin;F:\Programs\Internships Assignments\node_modules\.bin;F:\Programs\node_modules\.bin;F:\node_modules\.bin;C:\Users\Sayan Ghosh\AppData\Roaming\npm\node_modules\npm\node_modules\@npmcli\run-script\lib\node-gyp-bin;F:\Programs\Internships Assignments\Celebrare Assignments\TextEditor\node_modules\.bin;F:\Programs\Internships Assignments\Celebrare Assignments\node_modules\.bin;F:\Programs\Internships Assignments\node_modules\.bin;F:\Programs\node_modules\.bin;F:\node_modules\.bin;C:\Users\Sayan Ghosh\AppData\Roaming\npm\node_modules\npm\node_modules\@npmcli\run-script\lib\node-gyp-bin;C:\Python311\Scripts\;C:\Python311\;C:\Windows\system32;C:\Windows;C:\Windows\System32\Wbem;C:\Windows\System32\WindowsPowerShell\v1.0\;C:\Windows\System32\OpenSSH\;C:\Program Files (x86)\NVIDIA Corporation\PhysX\Common;C:\Program Files\NVIDIA Corporation\NVIDIA NvDLISR;C:\MinGW\bin;C:\Program Files\Git\cmd;C:\Program Files\nodejs\;C:\ProgramData\chocolatey\bin;C:\Users\Sayan Ghosh\AppData\Local\Android\Sdk;C:\Users\Sayan Ghosh\AppData\Local\Android\Sdk\platform-tools;C:\Users\Sayan Ghosh\AppData\Local\Android\Sdk\emulator;C:\Users\Sayan Ghosh\AppData\Local\Android\Sdk\tools;C:\Users\Sayan Ghosh\AppData\Local\Android\Sdk\tools\bin;C:\Users\Sayan Ghosh\AppData\Local\Programs\Eclipse Adoptium\jdk-17.0.8.7-hotspot\bin;C:\Users\Sayan Ghosh\AppData\Local\Microsoft\WindowsApps;C:\Microsoft VS Code\bin;C:\Users\Sayan Ghosh\AppData\Local\GitHubDesktop\bin;C:\Users\Sayan Ghosh\AppData\Roaming\npm;C:\flutter\bin;C:\tools\dart-sdk\bin;C:\Users\Sayan Ghosh\AppData\Local\Pub\Cache\bin;C:\flutter\bin;C:\Users\Sayan Ghosh\AppData\Local\Android\Sdk;C:\Users\Sayan Ghosh\AppData\Local\Android\Sdk\platform-tools;C:\Users\Sayan Ghosh\AppData\Local\Android\Sdk\emu
USERNAME=Sayan Ghosh
LANG=en_US.UTF-8
OS=Windows_NT
PROCESSOR_IDENTIFIER=Intel64 Family 6 Model 191 Stepping 2, GenuineIntel
TMP=C:\Users\SAYANG~1\AppData\Local\Temp
TEMP=C:\Users\SAYANG~1\AppData\Local\Temp



---------------  S Y S T E M  ---------------

OS:
 Windows 10 , 64 bit Build 19041 (10.0.19041.2546)
OS uptime: 0 days 12:22 hours
Hyper-V role detected

CPU: total 16 (initial active 16) (8 cores per cpu, 2 threads per core) family 6 model 191 stepping 2 microcode 0x26, cx8, cmov, fxsr, ht, mmx, 3dnowpref, sse, sse2, sse3, ssse3, sse4.1, sse4.2, popcnt, lzcnt, tsc, tscinvbit, avx, avx2, aes, erms, clmul, bmi1, bmi2, adx, sha, fma, vzeroupper, clflush, clflushopt, clwb, hv
Processor Information for all 16 processors :
  Max Mhz: 2500, Current Mhz: 2500, Mhz Limit: 2500

Memory: 4k page, system-wide physical 16222M (1285M free)
TotalPageFile size 16222M (AvailPageFile size 0M)
current process WorkingSet (physical memory assigned to process): 96M, peak: 108M
current process commit charge ("private bytes"): 175M, peak: 188M

vm_info: OpenJDK 64-Bit Server VM (17.0.8+7) for windows-amd64 JRE (17.0.8+7), built on Jul 18 2023 21:02:32 by "admin" with MS VC++ 16.7 (VS2019)

END.
