#
# There is insufficient memory for the Java Runtime Environment to continue.
# Native memory allocation (malloc) failed to allocate 1849776 bytes for Chunk::new
# Possible reasons:
#   The system is out of physical RAM or swap space
#   The process is running with CompressedOops enabled, and the Java Heap may be blocking the growth of the native heap
# Possible solutions:
#   Reduce memory load on the system
#   Increase physical memory or swap space
#   Check if swap backing store is full
#   Decrease Java heap size (-Xmx/-Xms)
#   Decrease number of Java threads
#   Decrease Java thread stack sizes (-Xss)
#   Set larger code cache with -XX:ReservedCodeCacheSize=
#   JVM is running with Unscaled Compressed Oops mode in which the Java heap is
#     placed in the first 4GB address space. The Java Heap base address is the
#     maximum limit for the native heap growth. Please use -XX:HeapBaseMinAddress
#     to set the Java Heap base and to place the Java Heap above 4GB virtual address.
# This output file may be truncated or incomplete.
#
#  Out of Memory Error (arena.cpp:189), pid=3416, tid=13284
#
# JRE version: OpenJDK Runtime Environment Temurin-17.0.8+7 (17.0.8+7) (build 17.0.8+7)
# Java VM: OpenJDK 64-Bit Server VM Temurin-17.0.8+7 (17.0.8+7, mixed mode, sharing, tiered, compressed oops, compressed class ptrs, g1 gc, windows-amd64)
# No core dump will be written. Minidumps are not enabled by default on client versions of Windows
#

---------------  S U M M A R Y ------------

Command Line: -XX:MaxMetaspaceSize=512m --add-opens=java.base/java.util=ALL-UNNAMED --add-opens=java.base/java.lang=ALL-UNNAMED --add-opens=java.base/java.lang.invoke=ALL-UNNAMED --add-opens=java.prefs/java.util.prefs=ALL-UNNAMED --add-opens=java.base/java.nio.charset=ALL-UNNAMED --add-opens=java.base/java.net=ALL-UNNAMED --add-opens=java.base/java.util.concurrent.atomic=ALL-UNNAMED -Xmx2048m -Dfile.encoding=windows-1252 -Duser.country=US -Duser.language=en -Duser.variant -javaagent:C:\Users\Sayan Ghosh\.gradle\wrapper\dists\gradle-8.3-all\6en3ugtfdg5xnpx44z4qbwgas\gradle-8.3\lib\agents\gradle-instrumentation-agent-8.3.jar org.gradle.launcher.daemon.bootstrap.GradleDaemon 8.3

Host: 13th Gen Intel(R) Core(TM) i5-13400F, 16 cores, 15G,  Windows 10 , 64 bit Build 19041 (10.0.19041.2546)
Time: Sun Jan 28 21:59:21 2024 India Standard Time elapsed time: 5.543732 seconds (0d 0h 0m 5s)

---------------  T H R E A D  ---------------

Current thread (0x0000014eb8b91810):  JavaThread "C2 CompilerThread0" daemon [_thread_in_native, id=13284, stack(0x0000000803c00000,0x0000000803d00000)]


Current CompileTask:
C2:   5543 6348       4       org.objectweb.asm.Frame::execute (2318 bytes)

Stack: [0x0000000803c00000,0x0000000803d00000]
Native frames: (J=compiled Java code, j=interpreted, Vv=VM code, C=native code)
V  [jvm.dll+0x678b0a]
V  [jvm.dll+0x835e84]
V  [jvm.dll+0x83762e]
V  [jvm.dll+0x837c93]
V  [jvm.dll+0x24746f]
V  [jvm.dll+0xac20c]
V  [jvm.dll+0xac7dc]
V  [jvm.dll+0x365c52]
V  [jvm.dll+0x3301a1]
V  [jvm.dll+0x32f64a]
V  [jvm.dll+0x219bf1]
V  [jvm.dll+0x219011]
V  [jvm.dll+0x1a534d]
V  [jvm.dll+0x228d8a]
V  [jvm.dll+0x226dcc]
V  [jvm.dll+0x7ec09b]
V  [jvm.dll+0x7e64ca]
V  [jvm.dll+0x677955]
C  [ucrtbase.dll+0x21bb2]
C  [KERNEL32.DLL+0x17614]
C  [ntdll.dll+0x526a1]


---------------  P R O C E S S  ---------------

Threads class SMR info:
_java_thread_list=0x0000014edc3fb6d0, length=75, elements={
0x0000014e99c063f0, 0x0000014eb8b6f7f0, 0x0000014eb8b703b0, 0x0000014eb8b8b190,
0x0000014eb8b8bb50, 0x0000014eb8b8c510, 0x0000014eb8b8eee0, 0x0000014eb8b91810,
0x0000014eb8ba4e00, 0x0000014eb8ba6020, 0x0000014eb8c9f720, 0x0000014eb8ca9480,
0x0000014eb8ca99a0, 0x0000014eb8ca9ec0, 0x0000014eb8d94af0, 0x0000014ed98b2d20,
0x0000014ed82d1540, 0x0000014eda1f0f80, 0x0000014eda2558d0, 0x0000014eda253f80,
0x0000014eda255de0, 0x0000014eda254490, 0x0000014eda2549a0, 0x0000014eda2562f0,
0x0000014eda253560, 0x0000014eda254eb0, 0x0000014eda256800, 0x0000014eda253050,
0x0000014eda253a70, 0x0000014edc913b90, 0x0000014edc913170, 0x0000014edc9154e0,
0x0000014edc9140a0, 0x0000014edc914ac0, 0x0000014edc9145b0, 0x0000014edc914fd0,
0x0000014edc9159f0, 0x0000014edc916410, 0x0000014edc913680, 0x0000014edb753e10,
0x0000014ed980a5a0, 0x0000014ed9808b10, 0x0000014edb754d40, 0x0000014edb754320,
0x0000014edb754830, 0x0000014edb74f220, 0x0000014edb755250, 0x0000014edb74e800,
0x0000014edb74fc40, 0x0000014edb755760, 0x0000014edb751fb0, 0x0000014edb74e2f0,
0x0000014edb74ed10, 0x0000014edb755c70, 0x0000014edb74f730, 0x0000014edb752ee0,
0x0000014edb751080, 0x0000014edb753900, 0x0000014edb7524c0, 0x0000014edb750b70,
0x0000014edb7529d0, 0x0000014edb750150, 0x0000014edb750660, 0x0000014edb751590,
0x0000014edb751aa0, 0x0000014edb9053a0, 0x0000014edb908130, 0x0000014edb903f60,
0x0000014edb907c20, 0x0000014edb906cf0, 0x0000014edb9058b0, 0x0000014edb908b50,
0x0000014edb905dc0, 0x0000014edb904470, 0x0000014edb9062d0
}

Java Threads: ( => current thread )
  0x0000014e99c063f0 JavaThread "main" [_thread_blocked, id=5928, stack(0x0000000802f00000,0x0000000803000000)]
  0x0000014eb8b6f7f0 JavaThread "Reference Handler" daemon [_thread_blocked, id=17568, stack(0x0000000803600000,0x0000000803700000)]
  0x0000014eb8b703b0 JavaThread "Finalizer" daemon [_thread_blocked, id=568, stack(0x0000000803700000,0x0000000803800000)]
  0x0000014eb8b8b190 JavaThread "Signal Dispatcher" daemon [_thread_blocked, id=7840, stack(0x0000000803800000,0x0000000803900000)]
  0x0000014eb8b8bb50 JavaThread "Attach Listener" daemon [_thread_blocked, id=8216, stack(0x0000000803900000,0x0000000803a00000)]
  0x0000014eb8b8c510 JavaThread "Service Thread" daemon [_thread_blocked, id=6720, stack(0x0000000803a00000,0x0000000803b00000)]
  0x0000014eb8b8eee0 JavaThread "Monitor Deflation Thread" daemon [_thread_blocked, id=17344, stack(0x0000000803b00000,0x0000000803c00000)]
=>0x0000014eb8b91810 JavaThread "C2 CompilerThread0" daemon [_thread_in_native, id=13284, stack(0x0000000803c00000,0x0000000803d00000)]
  0x0000014eb8ba4e00 JavaThread "C1 CompilerThread0" daemon [_thread_blocked, id=17236, stack(0x0000000803d00000,0x0000000803e00000)]
  0x0000014eb8ba6020 JavaThread "Sweeper thread" daemon [_thread_blocked, id=14436, stack(0x0000000803e00000,0x0000000803f00000)]
  0x0000014eb8c9f720 JavaThread "Common-Cleaner" daemon [_thread_blocked, id=18820, stack(0x0000000803f00000,0x0000000804000000)]
  0x0000014eb8ca9480 JavaThread "C1 CompilerThread1" daemon [_thread_blocked, id=19440, stack(0x0000000804000000,0x0000000804100000)]
  0x0000014eb8ca99a0 JavaThread "C1 CompilerThread2" daemon [_thread_blocked, id=17104, stack(0x0000000804100000,0x0000000804200000)]
  0x0000014eb8ca9ec0 JavaThread "C1 CompilerThread3" daemon [_thread_blocked, id=14480, stack(0x0000000804200000,0x0000000804300000)]
  0x0000014eb8d94af0 JavaThread "Notification Thread" daemon [_thread_blocked, id=17088, stack(0x0000000804400000,0x0000000804500000)]
  0x0000014ed98b2d20 JavaThread "Daemon health stats" [_thread_blocked, id=11796, stack(0x0000000804e00000,0x0000000804f00000)]
  0x0000014ed82d1540 JavaThread "Incoming local TCP Connector on port 61020" [_thread_in_native, id=9260, stack(0x0000000804800000,0x0000000804900000)]
  0x0000014eda1f0f80 JavaThread "Daemon periodic checks" [_thread_blocked, id=18032, stack(0x0000000804f00000,0x0000000805000000)]
  0x0000014eda2558d0 JavaThread "Daemon" [_thread_blocked, id=15984, stack(0x0000000805000000,0x0000000805100000)]
  0x0000014eda253f80 JavaThread "Handler for socket connection from /127.0.0.1:61020 to /127.0.0.1:61021" [_thread_in_native, id=10228, stack(0x0000000805100000,0x0000000805200000)]
  0x0000014eda255de0 JavaThread "Cancel handler" [_thread_blocked, id=17824, stack(0x0000000805200000,0x0000000805300000)]
  0x0000014eda254490 JavaThread "Daemon worker" [_thread_in_vm, id=18052, stack(0x0000000805300000,0x0000000805400000)]
  0x0000014eda2549a0 JavaThread "Asynchronous log dispatcher for DefaultDaemonConnection: socket connection from /127.0.0.1:61020 to /127.0.0.1:61021" [_thread_blocked, id=15996, stack(0x0000000805400000,0x0000000805500000)]
  0x0000014eda2562f0 JavaThread "Stdin handler" [_thread_blocked, id=11640, stack(0x0000000805500000,0x0000000805600000)]
  0x0000014eda253560 JavaThread "Daemon client event forwarder" [_thread_blocked, id=2540, stack(0x0000000805600000,0x0000000805700000)]
  0x0000014eda254eb0 JavaThread "Cache worker for journal cache (C:\Users\Sayan Ghosh\.gradle\caches\journal-1)" [_thread_blocked, id=16280, stack(0x0000000805700000,0x0000000805800000)]
  0x0000014eda256800 JavaThread "File lock request listener" [_thread_in_native, id=11336, stack(0x0000000805800000,0x0000000805900000)]
  0x0000014eda253050 JavaThread "Cache worker for file hash cache (C:\Users\Sayan Ghosh\.gradle\caches\8.3\fileHashes)" [_thread_blocked, id=13424, stack(0x0000000805900000,0x0000000805a00000)]
  0x0000014eda253a70 JavaThread "File watcher server" daemon [_thread_in_native, id=17152, stack(0x0000000805a00000,0x0000000805b00000)]
  0x0000014edc913b90 JavaThread "File watcher consumer" daemon [_thread_blocked, id=18020, stack(0x0000000805b00000,0x0000000805c00000)]
  0x0000014edc913170 JavaThread "Cache worker for checksums cache (F:\Programs\Internships Assignments\Celebrare Assignments\TextEditor\android\.gradle\8.3\checksums)" [_thread_blocked, id=17216, stack(0x0000000806300000,0x0000000806400000)]
  0x0000014edc9154e0 JavaThread "Cache worker for file hash cache (F:\Programs\Internships Assignments\Celebrare Assignments\TextEditor\android\.gradle\8.3\fileHashes)" [_thread_blocked, id=17944, stack(0x0000000806400000,0x0000000806500000)]
  0x0000014edc9140a0 JavaThread "Cache worker for cache directory md-supplier (C:\Users\Sayan Ghosh\.gradle\caches\8.3\md-supplier)" [_thread_blocked, id=15872, stack(0x0000000806500000,0x0000000806600000)]
  0x0000014edc914ac0 JavaThread "Cache worker for file content cache (C:\Users\Sayan Ghosh\.gradle\caches\8.3\fileContent)" [_thread_blocked, id=17428, stack(0x0000000806600000,0x0000000806700000)]
  0x0000014edc9145b0 JavaThread "Cache worker for cache directory md-rule (C:\Users\Sayan Ghosh\.gradle\caches\8.3\md-rule)" [_thread_blocked, id=7648, stack(0x0000000806900000,0x0000000806a00000)]
  0x0000014edc914fd0 JavaThread "Cache worker for execution history cache (C:\Users\Sayan Ghosh\.gradle\caches\8.3\executionHistory)" [_thread_blocked, id=18152, stack(0x0000000806a00000,0x0000000806b00000)]
  0x0000014edc9159f0 JavaThread "jar transforms" [_thread_blocked, id=12328, stack(0x0000000806d00000,0x0000000806e00000)]
  0x0000014edc916410 JavaThread "jar transforms Thread 2" [_thread_blocked, id=8468, stack(0x0000000806e00000,0x0000000806f00000)]
  0x0000014edc913680 JavaThread "jar transforms Thread 3" [_thread_blocked, id=1480, stack(0x0000000806f00000,0x0000000807000000)]
  0x0000014edb753e10 JavaThread "jar transforms Thread 4" [_thread_blocked, id=15168, stack(0x0000000807000000,0x0000000807100000)]
  0x0000014ed980a5a0 JavaThread "C2 CompilerThread1" daemon [_thread_in_native, id=13516, stack(0x0000000804300000,0x0000000804400000)]
  0x0000014ed9808b10 JavaThread "C2 CompilerThread2" daemon [_thread_in_native, id=1880, stack(0x0000000804600000,0x0000000804700000)]
  0x0000014edb754d40 JavaThread "Cache worker for kotlin-dsl (C:\Users\Sayan Ghosh\.gradle\caches\8.3\kotlin-dsl)" [_thread_blocked, id=3448, stack(0x0000000804700000,0x0000000804800000)]
  0x0000014edb754320 JavaThread "jar transforms Thread 5" [_thread_blocked, id=19124, stack(0x0000000806b00000,0x0000000806c00000)]
  0x0000014edb754830 JavaThread "jar transforms Thread 6" [_thread_blocked, id=5320, stack(0x0000000806c00000,0x0000000806d00000)]
  0x0000014edb74f220 JavaThread "Unconstrained build operations" [_thread_blocked, id=17996, stack(0x0000000807100000,0x0000000807200000)]
  0x0000014edb755250 JavaThread "Unconstrained build operations Thread 2" [_thread_blocked, id=18976, stack(0x0000000807200000,0x0000000807300000)]
  0x0000014edb74e800 JavaThread "jar transforms Thread 7" [_thread_blocked, id=7792, stack(0x0000000807300000,0x0000000807400000)]
  0x0000014edb74fc40 JavaThread "jar transforms Thread 8" [_thread_blocked, id=16872, stack(0x0000000807400000,0x0000000807500000)]
  0x0000014edb755760 JavaThread "jar transforms Thread 9" [_thread_blocked, id=16436, stack(0x0000000807500000,0x0000000807600000)]
  0x0000014edb751fb0 JavaThread "jar transforms Thread 10" [_thread_blocked, id=15632, stack(0x0000000807600000,0x0000000807700000)]
  0x0000014edb74e2f0 JavaThread "jar transforms Thread 11" [_thread_blocked, id=2524, stack(0x0000000807700000,0x0000000807800000)]
  0x0000014edb74ed10 JavaThread "jar transforms Thread 12" [_thread_blocked, id=5440, stack(0x0000000807800000,0x0000000807900000)]
  0x0000014edb755c70 JavaThread "Cache worker for dependencies-accessors (F:\Programs\Internships Assignments\Celebrare Assignments\TextEditor\android\.gradle\8.3\dependencies-accessors)" [_thread_blocked, id=15040, stack(0x0000000807900000,0x0000000807a00000)]
  0x0000014edb74f730 JavaThread "Cache worker for Build Output Cleanup Cache (F:\Programs\Internships Assignments\Celebrare Assignments\TextEditor\node_modules\@react-native\gradle-plugin\.gradle\buildOutputCleanup)" [_thread_blocked, id=13524, stack(0x0000000807a00000,0x0000000807b00000)]
  0x0000014edb752ee0 JavaThread "jar transforms Thread 13" [_thread_blocked, id=17080, stack(0x0000000807b00000,0x0000000807c00000)]
  0x0000014edb751080 JavaThread "jar transforms Thread 14" [_thread_blocked, id=13100, stack(0x0000000807c00000,0x0000000807d00000)]
  0x0000014edb753900 JavaThread "Unconstrained build operations Thread 3" [_thread_blocked, id=9504, stack(0x0000000807d00000,0x0000000807e00000)]
  0x0000014edb7524c0 JavaThread "Unconstrained build operations Thread 4" [_thread_blocked, id=14828, stack(0x0000000807e00000,0x0000000807f00000)]
  0x0000014edb750b70 JavaThread "Unconstrained build operations Thread 5" [_thread_blocked, id=8520, stack(0x0000000807f00000,0x0000000808000000)]
  0x0000014edb7529d0 JavaThread "Unconstrained build operations Thread 6" [_thread_blocked, id=13084, stack(0x0000000808000000,0x0000000808100000)]
  0x0000014edb750150 JavaThread "Unconstrained build operations Thread 7" [_thread_blocked, id=11948, stack(0x0000000808100000,0x0000000808200000)]
  0x0000014edb750660 JavaThread "Unconstrained build operations Thread 8" [_thread_blocked, id=11116, stack(0x0000000808200000,0x0000000808300000)]
  0x0000014edb751590 JavaThread "Unconstrained build operations Thread 9" [_thread_blocked, id=14648, stack(0x0000000808300000,0x0000000808400000)]
  0x0000014edb751aa0 JavaThread "Unconstrained build operations Thread 10" [_thread_blocked, id=11048, stack(0x0000000808400000,0x0000000808500000)]
  0x0000014edb9053a0 JavaThread "Unconstrained build operations Thread 11" [_thread_blocked, id=15008, stack(0x0000000808500000,0x0000000808600000)]
  0x0000014edb908130 JavaThread "Unconstrained build operations Thread 12" [_thread_blocked, id=9212, stack(0x0000000808600000,0x0000000808700000)]
  0x0000014edb903f60 JavaThread "Unconstrained build operations Thread 13" [_thread_blocked, id=12740, stack(0x0000000808700000,0x0000000808800000)]
  0x0000014edb907c20 JavaThread "Unconstrained build operations Thread 14" [_thread_blocked, id=5108, stack(0x0000000808800000,0x0000000808900000)]
  0x0000014edb906cf0 JavaThread "Unconstrained build operations Thread 15" [_thread_blocked, id=16012, stack(0x0000000808900000,0x0000000808a00000)]
  0x0000014edb9058b0 JavaThread "Unconstrained build operations Thread 16" [_thread_blocked, id=15644, stack(0x0000000808a00000,0x0000000808b00000)]
  0x0000014edb908b50 JavaThread "Unconstrained build operations Thread 17" [_thread_blocked, id=6116, stack(0x0000000808b00000,0x0000000808c00000)]
  0x0000014edb905dc0 JavaThread "jar transforms Thread 15" [_thread_blocked, id=15172, stack(0x0000000808c00000,0x0000000808d00000)]
  0x0000014edb904470 JavaThread "jar transforms Thread 16" [_thread_blocked, id=10152, stack(0x0000000808d00000,0x0000000808e00000)]
  0x0000014edb9062d0 JavaThread "Memory manager" [_thread_blocked, id=7980, stack(0x0000000808e00000,0x0000000808f00000)]

Other Threads:
  0x0000014eb8b6bd40 VMThread "VM Thread" [stack: 0x0000000803500000,0x0000000803600000] [id=18440]
  0x0000014eb8dffa10 WatcherThread [stack: 0x0000000804500000,0x0000000804600000] [id=9324]
  0x0000014e99c63d90 GCTaskThread "GC Thread#0" [stack: 0x0000000803000000,0x0000000803100000] [id=15056]
  0x0000014ed9b16fe0 GCTaskThread "GC Thread#1" [stack: 0x0000000804900000,0x0000000804a00000] [id=17808]
  0x0000014ed970c780 GCTaskThread "GC Thread#2" [stack: 0x0000000804a00000,0x0000000804b00000] [id=19392]
  0x0000014ed9644580 GCTaskThread "GC Thread#3" [stack: 0x0000000804b00000,0x0000000804c00000] [id=11052]
  0x0000014ed90be760 GCTaskThread "GC Thread#4" [stack: 0x0000000804c00000,0x0000000804d00000] [id=17248]
  0x0000014ed90bea20 GCTaskThread "GC Thread#5" [stack: 0x0000000804d00000,0x0000000804e00000] [id=11972]
  0x0000014eda16dd10 GCTaskThread "GC Thread#6" [stack: 0x0000000805c00000,0x0000000805d00000] [id=18696]
  0x0000014eda7b4500 GCTaskThread "GC Thread#7" [stack: 0x0000000805d00000,0x0000000805e00000] [id=5032]
  0x0000014eda5d2e90 GCTaskThread "GC Thread#8" [stack: 0x0000000805e00000,0x0000000805f00000] [id=15812]
  0x0000014edcc22920 GCTaskThread "GC Thread#9" [stack: 0x0000000805f00000,0x0000000806000000] [id=18448]
  0x0000014edcc21b60 GCTaskThread "GC Thread#10" [stack: 0x0000000806000000,0x0000000806100000] [id=2624]
  0x0000014edcc22660 GCTaskThread "GC Thread#11" [stack: 0x0000000806100000,0x0000000806200000] [id=17288]
  0x0000014edcc220e0 GCTaskThread "GC Thread#12" [stack: 0x0000000806200000,0x0000000806300000] [id=18080]
  0x0000014e979edfe0 ConcurrentGCThread "G1 Main Marker" [stack: 0x0000000803100000,0x0000000803200000] [id=17116]
  0x0000014e979ee9f0 ConcurrentGCThread "G1 Conc#0" [stack: 0x0000000803200000,0x0000000803300000] [id=9460]
  0x0000014edcc22be0 ConcurrentGCThread "G1 Conc#1" [stack: 0x0000000806700000,0x0000000806800000] [id=18056]
  0x0000014edcc218a0 ConcurrentGCThread "G1 Conc#2" [stack: 0x0000000806800000,0x0000000806900000] [id=16944]
  0x0000014e99cbd330 ConcurrentGCThread "G1 Refine#0" [stack: 0x0000000803300000,0x0000000803400000] [id=10848]
  0x0000014e99cbeb20 ConcurrentGCThread "G1 Service" [stack: 0x0000000803400000,0x0000000803500000] [id=1208]

Threads with active compile tasks:
C2 CompilerThread0     5557 6348       4       org.objectweb.asm.Frame::execute (2318 bytes)
C2 CompilerThread1     5557 6403       4       sun.invoke.util.VerifyAccess::isClassAccessible (230 bytes)
C2 CompilerThread2     5557 6328   !   4       com.google.common.reflect.TypeVisitor::visit (244 bytes)

VM state: not at safepoint (normal execution)

VM Mutex/Monitor currently owned by a thread: None

Heap address: 0x0000000080000000, size: 2048 MB, Compressed Oops mode: 32-bit

CDS archive(s) mapped at: [0x0000014eb9000000-0x0000014eb9bd0000-0x0000014eb9bd0000), size 12386304, SharedBaseAddress: 0x0000014eb9000000, ArchiveRelocationMode: 1.
Compressed class space mapped at: 0x0000014eba000000-0x0000014ed4000000, reserved size: 436207616
Narrow klass base: 0x0000014eb9000000, Narrow klass shift: 0, Narrow klass range: 0x100000000

GC Precious Log:
 CPUs: 16 total, 16 available
 Memory: 16222M
 Large Page Support: Disabled
 NUMA Support: Disabled
 Compressed Oops: Enabled (32-bit)
 Heap Region Size: 1M
 Heap Min Capacity: 8M
 Heap Initial Capacity: 254M
 Heap Max Capacity: 2G
 Pre-touch: Disabled
 Parallel Workers: 13
 Concurrent Workers: 3
 Concurrent Refinement Workers: 13
 Periodic GC: Disabled

Heap:
 garbage-first heap   total 86016K, used 63323K [0x0000000080000000, 0x0000000100000000)
  region size 1024K, 18 young (18432K), 4 survivors (4096K)
 Metaspace       used 50775K, committed 51456K, reserved 491520K
  class space    used 7149K, committed 7488K, reserved 425984K

Heap Regions: E=young(eden), S=young(survivor), O=old, HS=humongous(starts), HC=humongous(continues), CS=collection set, F=free, OA=open archive, CA=closed archive, TAMS=top-at-mark-start (previous, next)
|   0|0x0000000080000000, 0x0000000080100000, 0x0000000080100000|100%|HS|  |TAMS 0x0000000080100000, 0x0000000080000000| Complete 
|   1|0x0000000080100000, 0x0000000080200000, 0x0000000080200000|100%|HC|  |TAMS 0x0000000080200000, 0x0000000080100000| Complete 
|   2|0x0000000080200000, 0x0000000080300000, 0x0000000080300000|100%|HC|  |TAMS 0x0000000080300000, 0x0000000080200000| Complete 
|   3|0x0000000080300000, 0x0000000080400000, 0x0000000080400000|100%|HC|  |TAMS 0x0000000080400000, 0x0000000080300000| Complete 
|   4|0x0000000080400000, 0x0000000080500000, 0x0000000080500000|100%| O|  |TAMS 0x0000000080500000, 0x0000000080400000| Untracked 
|   5|0x0000000080500000, 0x0000000080600000, 0x0000000080600000|100%| O|  |TAMS 0x0000000080600000, 0x0000000080500000| Untracked 
|   6|0x0000000080600000, 0x0000000080700000, 0x0000000080700000|100%| O|  |TAMS 0x0000000080700000, 0x0000000080600000| Untracked 
|   7|0x0000000080700000, 0x0000000080800000, 0x0000000080800000|100%| O|  |TAMS 0x0000000080800000, 0x0000000080700000| Untracked 
|   8|0x0000000080800000, 0x0000000080900000, 0x0000000080900000|100%| O|  |TAMS 0x0000000080900000, 0x0000000080800000| Untracked 
|   9|0x0000000080900000, 0x0000000080a00000, 0x0000000080a00000|100%| O|  |TAMS 0x0000000080a00000, 0x0000000080900000| Untracked 
|  10|0x0000000080a00000, 0x0000000080b00000, 0x0000000080b00000|100%| O|  |TAMS 0x0000000080b00000, 0x0000000080a00000| Untracked 
|  11|0x0000000080b00000, 0x0000000080c00000, 0x0000000080c00000|100%| O|  |TAMS 0x0000000080c00000, 0x0000000080b00000| Untracked 
|  12|0x0000000080c00000, 0x0000000080d00000, 0x0000000080d00000|100%| O|  |TAMS 0x0000000080d00000, 0x0000000080c00000| Untracked 
|  13|0x0000000080d00000, 0x0000000080e00000, 0x0000000080e00000|100%| O|  |TAMS 0x0000000080e00000, 0x0000000080d00000| Untracked 
|  14|0x0000000080e00000, 0x0000000080f00000, 0x0000000080f00000|100%| O|  |TAMS 0x0000000080f00000, 0x0000000080e00000| Untracked 
|  15|0x0000000080f00000, 0x0000000081000000, 0x0000000081000000|100%| O|  |TAMS 0x0000000081000000, 0x0000000080f00000| Untracked 
|  16|0x0000000081000000, 0x0000000081100000, 0x0000000081100000|100%| O|  |TAMS 0x0000000081100000, 0x0000000081000000| Untracked 
|  17|0x0000000081100000, 0x0000000081200000, 0x0000000081200000|100%| O|  |TAMS 0x0000000081200000, 0x0000000081100000| Untracked 
|  18|0x0000000081200000, 0x0000000081300000, 0x0000000081300000|100%| O|  |TAMS 0x0000000081300000, 0x0000000081200000| Untracked 
|  19|0x0000000081300000, 0x0000000081400000, 0x0000000081400000|100%| O|  |TAMS 0x0000000081400000, 0x0000000081300000| Untracked 
|  20|0x0000000081400000, 0x0000000081500000, 0x0000000081500000|100%| O|  |TAMS 0x0000000081500000, 0x0000000081400000| Untracked 
|  21|0x0000000081500000, 0x0000000081581e00, 0x0000000081600000| 50%| O|  |TAMS 0x0000000081581e00, 0x0000000081500000| Untracked 
|  22|0x0000000081600000, 0x0000000081700000, 0x0000000081700000|100%| O|  |TAMS 0x0000000081700000, 0x0000000081600000| Untracked 
|  23|0x0000000081700000, 0x0000000081800000, 0x0000000081800000|100%| O|  |TAMS 0x0000000081800000, 0x0000000081700000| Untracked 
|  24|0x0000000081800000, 0x0000000081900000, 0x0000000081900000|100%| O|  |TAMS 0x0000000081900000, 0x0000000081800000| Untracked 
|  25|0x0000000081900000, 0x0000000081a00000, 0x0000000081a00000|100%| O|  |TAMS 0x0000000081a00000, 0x0000000081900000| Untracked 
|  26|0x0000000081a00000, 0x0000000081b00000, 0x0000000081b00000|100%| O|  |TAMS 0x0000000081b00000, 0x0000000081a00000| Untracked 
|  27|0x0000000081b00000, 0x0000000081c00000, 0x0000000081c00000|100%| O|  |TAMS 0x0000000081c00000, 0x0000000081b00000| Untracked 
|  28|0x0000000081c00000, 0x0000000081d00000, 0x0000000081d00000|100%| O|  |TAMS 0x0000000081d00000, 0x0000000081c00000| Untracked 
|  29|0x0000000081d00000, 0x0000000081e00000, 0x0000000081e00000|100%| O|  |TAMS 0x0000000081e00000, 0x0000000081d00000| Untracked 
|  30|0x0000000081e00000, 0x0000000081f00000, 0x0000000081f00000|100%| O|  |TAMS 0x0000000081f00000, 0x0000000081e00000| Untracked 
|  31|0x0000000081f00000, 0x0000000082000000, 0x0000000082000000|100%| O|  |TAMS 0x0000000081fbec00, 0x0000000081f00000| Untracked 
|  32|0x0000000082000000, 0x0000000082100000, 0x0000000082100000|100%|HS|  |TAMS 0x0000000082100000, 0x0000000082000000| Complete 
|  33|0x0000000082100000, 0x0000000082200000, 0x0000000082200000|100%|HC|  |TAMS 0x0000000082200000, 0x0000000082100000| Complete 
|  34|0x0000000082200000, 0x0000000082300000, 0x0000000082300000|100%| O|  |TAMS 0x0000000082300000, 0x0000000082200000| Untracked 
|  35|0x0000000082300000, 0x0000000082400000, 0x0000000082400000|100%| O|  |TAMS 0x0000000082400000, 0x0000000082300000| Untracked 
|  36|0x0000000082400000, 0x0000000082500000, 0x0000000082500000|100%|HS|  |TAMS 0x0000000082500000, 0x0000000082400000| Complete 
|  37|0x0000000082500000, 0x0000000082600000, 0x0000000082600000|100%|HC|  |TAMS 0x0000000082600000, 0x0000000082500000| Complete 
|  38|0x0000000082600000, 0x0000000082700000, 0x0000000082700000|100%| O|  |TAMS 0x0000000082600000, 0x0000000082600000| Untracked 
|  39|0x0000000082700000, 0x0000000082800000, 0x0000000082800000|100%| O|  |TAMS 0x0000000082700000, 0x0000000082700000| Untracked 
|  40|0x0000000082800000, 0x0000000082900000, 0x0000000082900000|100%|HS|  |TAMS 0x0000000082800000, 0x0000000082800000| Complete 
|  41|0x0000000082900000, 0x0000000082a00000, 0x0000000082a00000|100%|HC|  |TAMS 0x0000000082900000, 0x0000000082900000| Complete 
|  42|0x0000000082a00000, 0x0000000082b00000, 0x0000000082b00000|100%|HC|  |TAMS 0x0000000082a00000, 0x0000000082a00000| Complete 
|  43|0x0000000082b00000, 0x0000000082c00000, 0x0000000082c00000|100%|HC|  |TAMS 0x0000000082b00000, 0x0000000082b00000| Complete 
|  44|0x0000000082c00000, 0x0000000082d00000, 0x0000000082d00000|100%| O|  |TAMS 0x0000000082c00000, 0x0000000082c00000| Untracked 
|  45|0x0000000082d00000, 0x0000000082d7f200, 0x0000000082e00000| 49%| O|  |TAMS 0x0000000082d00000, 0x0000000082d00000| Untracked 
|  46|0x0000000082e00000, 0x0000000082e00000, 0x0000000082f00000|  0%| F|  |TAMS 0x0000000082e00000, 0x0000000082e00000| Untracked 
|  47|0x0000000082f00000, 0x0000000082f00000, 0x0000000083000000|  0%| F|  |TAMS 0x0000000082f00000, 0x0000000082f00000| Untracked 
|  48|0x0000000083000000, 0x0000000083000000, 0x0000000083100000|  0%| F|  |TAMS 0x0000000083000000, 0x0000000083000000| Untracked 
|  49|0x0000000083100000, 0x0000000083100000, 0x0000000083200000|  0%| F|  |TAMS 0x0000000083100000, 0x0000000083100000| Untracked 
|  50|0x0000000083200000, 0x0000000083200000, 0x0000000083300000|  0%| F|  |TAMS 0x0000000083200000, 0x0000000083200000| Untracked 
|  51|0x0000000083300000, 0x0000000083300000, 0x0000000083400000|  0%| F|  |TAMS 0x0000000083300000, 0x0000000083300000| Untracked 
|  52|0x0000000083400000, 0x00000000834d5eb8, 0x0000000083500000| 83%| S|CS|TAMS 0x0000000083400000, 0x0000000083400000| Complete 
|  53|0x0000000083500000, 0x0000000083600000, 0x0000000083600000|100%| S|CS|TAMS 0x0000000083500000, 0x0000000083500000| Complete 
|  54|0x0000000083600000, 0x0000000083700000, 0x0000000083700000|100%| S|CS|TAMS 0x0000000083600000, 0x0000000083600000| Complete 
|  55|0x0000000083700000, 0x0000000083800000, 0x0000000083800000|100%| S|CS|TAMS 0x0000000083700000, 0x0000000083700000| Complete 
|  56|0x0000000083800000, 0x0000000083800000, 0x0000000083900000|  0%| F|  |TAMS 0x0000000083800000, 0x0000000083800000| Untracked 
|  57|0x0000000083900000, 0x0000000083900000, 0x0000000083a00000|  0%| F|  |TAMS 0x0000000083900000, 0x0000000083900000| Untracked 
|  58|0x0000000083a00000, 0x0000000083a00000, 0x0000000083b00000|  0%| F|  |TAMS 0x0000000083a00000, 0x0000000083a00000| Untracked 
|  59|0x0000000083b00000, 0x0000000083b00000, 0x0000000083c00000|  0%| F|  |TAMS 0x0000000083b00000, 0x0000000083b00000| Untracked 
|  60|0x0000000083c00000, 0x0000000083c00000, 0x0000000083d00000|  0%| F|  |TAMS 0x0000000083c00000, 0x0000000083c00000| Untracked 
|  61|0x0000000083d00000, 0x0000000083d00000, 0x0000000083e00000|  0%| F|  |TAMS 0x0000000083d00000, 0x0000000083d00000| Untracked 
|  62|0x0000000083e00000, 0x0000000083e00000, 0x0000000083f00000|  0%| F|  |TAMS 0x0000000083e00000, 0x0000000083e00000| Untracked 
|  63|0x0000000083f00000, 0x0000000083f00000, 0x0000000084000000|  0%| F|  |TAMS 0x0000000083f00000, 0x0000000083f00000| Untracked 
|  64|0x0000000084000000, 0x0000000084000000, 0x0000000084100000|  0%| F|  |TAMS 0x0000000084000000, 0x0000000084000000| Untracked 
|  65|0x0000000084100000, 0x0000000084100000, 0x0000000084200000|  0%| F|  |TAMS 0x0000000084100000, 0x0000000084100000| Untracked 
|  66|0x0000000084200000, 0x0000000084200000, 0x0000000084300000|  0%| F|  |TAMS 0x0000000084200000, 0x0000000084200000| Untracked 
|  67|0x0000000084300000, 0x0000000084300000, 0x0000000084400000|  0%| F|  |TAMS 0x0000000084300000, 0x0000000084300000| Untracked 
|  68|0x0000000084400000, 0x0000000084400000, 0x0000000084500000|  0%| F|  |TAMS 0x0000000084400000, 0x0000000084400000| Untracked 
|  69|0x0000000084500000, 0x0000000084500000, 0x0000000084600000|  0%| F|  |TAMS 0x0000000084500000, 0x0000000084500000| Untracked 
|  70|0x0000000084600000, 0x0000000084662a68, 0x0000000084700000| 38%| E|  |TAMS 0x0000000084600000, 0x0000000084600000| Complete 
|  71|0x0000000084700000, 0x0000000084800000, 0x0000000084800000|100%| E|CS|TAMS 0x0000000084700000, 0x0000000084700000| Complete 
|  72|0x0000000084800000, 0x0000000084900000, 0x0000000084900000|100%| E|CS|TAMS 0x0000000084800000, 0x0000000084800000| Complete 
|  73|0x0000000084900000, 0x0000000084a00000, 0x0000000084a00000|100%| E|CS|TAMS 0x0000000084900000, 0x0000000084900000| Complete 
|  74|0x0000000084a00000, 0x0000000084b00000, 0x0000000084b00000|100%| E|CS|TAMS 0x0000000084a00000, 0x0000000084a00000| Complete 
|  75|0x0000000084b00000, 0x0000000084c00000, 0x0000000084c00000|100%| E|CS|TAMS 0x0000000084b00000, 0x0000000084b00000| Complete 
|  76|0x0000000084c00000, 0x0000000084d00000, 0x0000000084d00000|100%| E|CS|TAMS 0x0000000084c00000, 0x0000000084c00000| Complete 
|  77|0x0000000084d00000, 0x0000000084e00000, 0x0000000084e00000|100%| E|CS|TAMS 0x0000000084d00000, 0x0000000084d00000| Complete 
|  78|0x0000000084e00000, 0x0000000084f00000, 0x0000000084f00000|100%| E|CS|TAMS 0x0000000084e00000, 0x0000000084e00000| Complete 
|  79|0x0000000084f00000, 0x0000000085000000, 0x0000000085000000|100%| E|CS|TAMS 0x0000000084f00000, 0x0000000084f00000| Complete 
|  80|0x0000000085000000, 0x0000000085100000, 0x0000000085100000|100%| E|CS|TAMS 0x0000000085000000, 0x0000000085000000| Complete 
| 238|0x000000008ee00000, 0x000000008ef00000, 0x000000008ef00000|100%| E|CS|TAMS 0x000000008ee00000, 0x000000008ee00000| Complete 
| 239|0x000000008ef00000, 0x000000008f000000, 0x000000008f000000|100%| E|CS|TAMS 0x000000008ef00000, 0x000000008ef00000| Complete 
| 253|0x000000008fd00000, 0x000000008fe00000, 0x000000008fe00000|100%| E|CS|TAMS 0x000000008fd00000, 0x000000008fd00000| Complete 

Card table byte_map: [0x0000014eb1380000,0x0000014eb1780000] _byte_map_base: 0x0000014eb0f80000

Marking Bits (Prev, Next): (CMBitMap*) 0x0000014e99c643f0, (CMBitMap*) 0x0000014e99c643b0
 Prev Bits: [0x0000014eb3b80000, 0x0000014eb5b80000)
 Next Bits: [0x0000014eb1b80000, 0x0000014eb3b80000)

Polling page: 0x0000014e978c0000

Metaspace:

Usage:
  Non-class:     42.62 MB used.
      Class:      6.98 MB used.
       Both:     49.60 MB used.

Virtual space:
  Non-class space:       64.00 MB reserved,      42.94 MB ( 67%) committed,  1 nodes.
      Class space:      416.00 MB reserved,       7.31 MB (  2%) committed,  1 nodes.
             Both:      480.00 MB reserved,      50.25 MB ( 10%) committed. 

Chunk freelists:
   Non-Class:  4.58 MB
       Class:  8.72 MB
        Both:  13.30 MB

MaxMetaspaceSize: 512.00 MB
CompressedClassSpaceSize: 416.00 MB
Initial GC threshold: 21.00 MB
Current GC threshold: 77.00 MB
CDS: on
MetaspaceReclaimPolicy: balanced
 - commit_granule_bytes: 65536.
 - commit_granule_words: 8192.
 - virtual_space_node_default_size: 8388608.
 - enlarge_chunks_in_place: 1.
 - new_chunks_are_fully_committed: 0.
 - uncommit_free_chunks: 1.
 - use_allocation_guard: 0.
 - handle_deallocations: 1.


Internal statistics:

num_allocs_failed_limit: 8.
num_arena_births: 702.
num_arena_deaths: 0.
num_vsnodes_births: 2.
num_vsnodes_deaths: 0.
num_space_committed: 804.
num_space_uncommitted: 0.
num_chunks_returned_to_freelist: 8.
num_chunks_taken_from_freelist: 2687.
num_chunk_merges: 8.
num_chunk_splits: 1772.
num_chunks_enlarged: 1183.
num_inconsistent_stats: 0.

CodeHeap 'non-profiled nmethods': size=119168Kb used=3235Kb max_used=3235Kb free=115932Kb
 bounds [0x0000014ea9290000, 0x0000014ea95c0000, 0x0000014eb06f0000]
CodeHeap 'profiled nmethods': size=119104Kb used=11203Kb max_used=11203Kb free=107900Kb
 bounds [0x0000014ea16f0000, 0x0000014ea21f0000, 0x0000014ea8b40000]
CodeHeap 'non-nmethods': size=7488Kb used=4034Kb max_used=4084Kb free=3453Kb
 bounds [0x0000014ea8b40000, 0x0000014ea8f40000, 0x0000014ea9290000]
 total_blobs=6567 nmethods=5703 adapters=772
 compilation: enabled
              stopped_count=0, restarted_count=0
 full_count=0

Compilation events (20 events):
Event: 5.527 Thread 0x0000014ed980a5a0 nmethod 6401 0x0000014ea95b7a10 code [0x0000014ea95b7be0, 0x0000014ea95b80d8]
Event: 5.527 Thread 0x0000014ed980a5a0 6403       4       sun.invoke.util.VerifyAccess::isClassAccessible (230 bytes)
Event: 5.527 Thread 0x0000014eb8ca9ec0 6404       3       com.google.common.collect.ImmutableSet$Builder::<init> (31 bytes)
Event: 5.527 Thread 0x0000014eb8ba4e00 6405       3       com.google.common.collect.ImmutableSet$Builder::<init> (6 bytes)
Event: 5.527 Thread 0x0000014eb8ca9480 6406       3       com.google.common.collect.ImmutableSet$Builder::build (32 bytes)
Event: 5.527 Thread 0x0000014eb8ca9ec0 nmethod 6404 0x0000014ea21db610 code [0x0000014ea21db800, 0x0000014ea21dbdd8]
Event: 5.527 Thread 0x0000014eb8ca9ec0 6407       3       com.google.common.base.Preconditions::checkArgument (29 bytes)
Event: 5.527 Thread 0x0000014eb8ba4e00 nmethod 6405 0x0000014ea21dbf90 code [0x0000014ea21dc140, 0x0000014ea21dc438]
Event: 5.527 Thread 0x0000014eb8ca9ec0 nmethod 6407 0x0000014ea21dc590 code [0x0000014ea21dc760, 0x0000014ea21dcd38]
Event: 5.527 Thread 0x0000014eb8ca9480 nmethod 6406 0x0000014ea21dcf10 code [0x0000014ea21dd0e0, 0x0000014ea21dd548]
Event: 5.528 Thread 0x0000014eb8ca99a0 6408       3       com.google.common.collect.ImmutableCollection::toArray (67 bytes)
Event: 5.529 Thread 0x0000014eb8ca99a0 nmethod 6408 0x0000014ea21dd690 code [0x0000014ea21dd920, 0x0000014ea21de688]
Event: 5.535 Thread 0x0000014eb8ca9ec0 6410       3       org.gradle.api.internal.provider.AbstractMinimalProvider::<init> (5 bytes)
Event: 5.535 Thread 0x0000014eb8ca9ec0 nmethod 6410 0x0000014ea21dea10 code [0x0000014ea21deba0, 0x0000014ea21decf8]
Event: 5.536 Thread 0x0000014eb8ca99a0 6411       1       org.gradle.internal.instantiation.generator.AbstractClassGenerator::getRoleHandler (5 bytes)
Event: 5.536 Thread 0x0000014eb8ca99a0 nmethod 6411 0x0000014ea95b8490 code [0x0000014ea95b8620, 0x0000014ea95b86f8]
Event: 5.540 Thread 0x0000014eb8ca99a0 6412       3       org.gradle.internal.instantiation.generator.AsmBackedClassGenerator$ClassBuilderImpl::access$5500 (4 bytes)
Event: 5.541 Thread 0x0000014eb8ca99a0 nmethod 6412 0x0000014ea21ded90 code [0x0000014ea21def20, 0x0000014ea21df018]
Event: 5.542 Thread 0x0000014eb8ba4e00 6414       3       java.util.regex.Pattern$TreeInfo::reset (21 bytes)
Event: 5.542 Thread 0x0000014eb8ba4e00 nmethod 6414 0x0000014ea21df090 code [0x0000014ea21df220, 0x0000014ea21df338]

GC Heap History (20 events):
Event: 1.629 GC heap before
{Heap before GC invocations=3 (full 0):
 garbage-first heap   total 260096K, used 35371K [0x0000000080000000, 0x0000000100000000)
  region size 1024K, 26 young (26624K), 12 survivors (12288K)
 Metaspace       used 21195K, committed 21504K, reserved 491520K
  class space    used 3116K, committed 3264K, reserved 425984K
}
Event: 1.632 GC heap after
{Heap after GC invocations=4 (full 0):
 garbage-first heap   total 260096K, used 23155K [0x0000000080000000, 0x0000000100000000)
  region size 1024K, 2 young (2048K), 2 survivors (2048K)
 Metaspace       used 21195K, committed 21504K, reserved 491520K
  class space    used 3116K, committed 3264K, reserved 425984K
}
Event: 2.067 GC heap before
{Heap before GC invocations=5 (full 0):
 garbage-first heap   total 86016K, used 71283K [0x0000000080000000, 0x0000000100000000)
  region size 1024K, 50 young (51200K), 2 survivors (2048K)
 Metaspace       used 29721K, committed 30080K, reserved 491520K
  class space    used 4156K, committed 4288K, reserved 425984K
}
Event: 2.069 GC heap after
{Heap after GC invocations=6 (full 0):
 garbage-first heap   total 86016K, used 26767K [0x0000000080000000, 0x0000000100000000)
  region size 1024K, 5 young (5120K), 5 survivors (5120K)
 Metaspace       used 29721K, committed 30080K, reserved 491520K
  class space    used 4156K, committed 4288K, reserved 425984K
}
Event: 2.384 GC heap before
{Heap before GC invocations=6 (full 0):
 garbage-first heap   total 86016K, used 67727K [0x0000000080000000, 0x0000000100000000)
  region size 1024K, 41 young (41984K), 5 survivors (5120K)
 Metaspace       used 32709K, committed 33088K, reserved 491520K
  class space    used 4504K, committed 4672K, reserved 425984K
}
Event: 2.387 GC heap after
{Heap after GC invocations=7 (full 0):
 garbage-first heap   total 86016K, used 29657K [0x0000000080000000, 0x0000000100000000)
  region size 1024K, 4 young (4096K), 4 survivors (4096K)
 Metaspace       used 32709K, committed 33088K, reserved 491520K
  class space    used 4504K, committed 4672K, reserved 425984K
}
Event: 3.906 GC heap before
{Heap before GC invocations=7 (full 0):
 garbage-first heap   total 86016K, used 64473K [0x0000000080000000, 0x0000000100000000)
  region size 1024K, 38 young (38912K), 4 survivors (4096K)
 Metaspace       used 34434K, committed 34816K, reserved 491520K
  class space    used 4753K, committed 4928K, reserved 425984K
}
Event: 3.908 GC heap after
{Heap after GC invocations=8 (full 0):
 garbage-first heap   total 86016K, used 32172K [0x0000000080000000, 0x0000000100000000)
  region size 1024K, 3 young (3072K), 3 survivors (3072K)
 Metaspace       used 34434K, committed 34816K, reserved 491520K
  class space    used 4753K, committed 4928K, reserved 425984K
}
Event: 4.020 GC heap before
{Heap before GC invocations=8 (full 0):
 garbage-first heap   total 86016K, used 51628K [0x0000000080000000, 0x0000000100000000)
  region size 1024K, 22 young (22528K), 3 survivors (3072K)
 Metaspace       used 35492K, committed 35968K, reserved 491520K
  class space    used 4851K, committed 5056K, reserved 425984K
}
Event: 4.021 GC heap after
{Heap after GC invocations=9 (full 0):
 garbage-first heap   total 86016K, used 33616K [0x0000000080000000, 0x0000000100000000)
  region size 1024K, 4 young (4096K), 4 survivors (4096K)
 Metaspace       used 35492K, committed 35968K, reserved 491520K
  class space    used 4851K, committed 5056K, reserved 425984K
}
Event: 4.373 GC heap before
{Heap before GC invocations=10 (full 0):
 garbage-first heap   total 86016K, used 65360K [0x0000000080000000, 0x0000000100000000)
  region size 1024K, 35 young (35840K), 4 survivors (4096K)
 Metaspace       used 39076K, committed 39488K, reserved 491520K
  class space    used 5396K, committed 5568K, reserved 425984K
}
Event: 4.375 GC heap after
{Heap after GC invocations=11 (full 0):
 garbage-first heap   total 86016K, used 34313K [0x0000000080000000, 0x0000000100000000)
  region size 1024K, 3 young (3072K), 3 survivors (3072K)
 Metaspace       used 39076K, committed 39488K, reserved 491520K
  class space    used 5396K, committed 5568K, reserved 425984K
}
Event: 4.815 GC heap before
{Heap before GC invocations=11 (full 0):
 garbage-first heap   total 86016K, used 67081K [0x0000000080000000, 0x0000000100000000)
  region size 1024K, 35 young (35840K), 3 survivors (3072K)
 Metaspace       used 42524K, committed 43072K, reserved 491520K
  class space    used 5941K, committed 6144K, reserved 425984K
}
Event: 4.817 GC heap after
{Heap after GC invocations=12 (full 0):
 garbage-first heap   total 86016K, used 35985K [0x0000000080000000, 0x0000000100000000)
  region size 1024K, 4 young (4096K), 4 survivors (4096K)
 Metaspace       used 42524K, committed 43072K, reserved 491520K
  class space    used 5941K, committed 6144K, reserved 425984K
}
Event: 5.182 GC heap before
{Heap before GC invocations=12 (full 0):
 garbage-first heap   total 86016K, used 68753K [0x0000000080000000, 0x0000000100000000)
  region size 1024K, 36 young (36864K), 4 survivors (4096K)
 Metaspace       used 46361K, committed 46912K, reserved 491520K
  class space    used 6531K, committed 6784K, reserved 425984K
}
Event: 5.184 GC heap after
{Heap after GC invocations=13 (full 0):
 garbage-first heap   total 86016K, used 38127K [0x0000000080000000, 0x0000000100000000)
  region size 1024K, 4 young (4096K), 4 survivors (4096K)
 Metaspace       used 46361K, committed 46912K, reserved 491520K
  class space    used 6531K, committed 6784K, reserved 425984K
}
Event: 5.265 GC heap before
{Heap before GC invocations=13 (full 0):
 garbage-first heap   total 86016K, used 50415K [0x0000000080000000, 0x0000000100000000)
  region size 1024K, 13 young (13312K), 4 survivors (4096K)
 Metaspace       used 46701K, committed 47296K, reserved 491520K
  class space    used 6568K, committed 6848K, reserved 425984K
}
Event: 5.267 GC heap after
{Heap after GC invocations=14 (full 0):
 garbage-first heap   total 86016K, used 43574K [0x0000000080000000, 0x0000000100000000)
  region size 1024K, 4 young (4096K), 4 survivors (4096K)
 Metaspace       used 46701K, committed 47296K, reserved 491520K
  class space    used 6568K, committed 6848K, reserved 425984K
}
Event: 5.451 GC heap before
{Heap before GC invocations=15 (full 0):
 garbage-first heap   total 86016K, used 72246K [0x0000000080000000, 0x0000000100000000)
  region size 1024K, 28 young (28672K), 4 survivors (4096K)
 Metaspace       used 49457K, committed 50112K, reserved 491520K
  class space    used 6920K, committed 7232K, reserved 425984K
}
Event: 5.452 GC heap after
{Heap after GC invocations=16 (full 0):
 garbage-first heap   total 86016K, used 50011K [0x0000000080000000, 0x0000000100000000)
  region size 1024K, 4 young (4096K), 4 survivors (4096K)
 Metaspace       used 49457K, committed 50112K, reserved 491520K
  class space    used 6920K, committed 7232K, reserved 425984K
}

Dll operation events (14 events):
Event: 0.003 Loaded shared library C:\Users\Sayan Ghosh\AppData\Local\Programs\Eclipse Adoptium\jdk-17.0.8.7-hotspot\bin\java.dll
Event: 0.014 Loaded shared library C:\Users\Sayan Ghosh\AppData\Local\Programs\Eclipse Adoptium\jdk-17.0.8.7-hotspot\bin\jsvml.dll
Event: 0.036 Loaded shared library C:\Users\Sayan Ghosh\AppData\Local\Programs\Eclipse Adoptium\jdk-17.0.8.7-hotspot\bin\zip.dll
Event: 0.038 Loaded shared library C:\Users\Sayan Ghosh\AppData\Local\Programs\Eclipse Adoptium\jdk-17.0.8.7-hotspot\bin\instrument.dll
Event: 0.040 Loaded shared library C:\Users\Sayan Ghosh\AppData\Local\Programs\Eclipse Adoptium\jdk-17.0.8.7-hotspot\bin\net.dll
Event: 0.041 Loaded shared library C:\Users\Sayan Ghosh\AppData\Local\Programs\Eclipse Adoptium\jdk-17.0.8.7-hotspot\bin\nio.dll
Event: 0.042 Loaded shared library C:\Users\Sayan Ghosh\AppData\Local\Programs\Eclipse Adoptium\jdk-17.0.8.7-hotspot\bin\zip.dll
Event: 0.128 Loaded shared library C:\Users\Sayan Ghosh\AppData\Local\Programs\Eclipse Adoptium\jdk-17.0.8.7-hotspot\bin\jimage.dll
Event: 0.160 Loaded shared library C:\Users\Sayan Ghosh\AppData\Local\Programs\Eclipse Adoptium\jdk-17.0.8.7-hotspot\bin\verify.dll
Event: 0.249 Loaded shared library C:\Users\Sayan Ghosh\.gradle\native\68d5fa5c4cc2d200863cafc0d521ce42e7d3e7ee720ec0a83991735586a16f82\windows-amd64\native-platform.dll
Event: 0.251 Loaded shared library C:\Users\Sayan Ghosh\.gradle\native\e376f236ea51e6404a007f0833ffe2c6e607c4080706a723a18a27aeea778392\windows-amd64\native-platform-file-events.dll
Event: 0.632 Loaded shared library C:\Users\Sayan Ghosh\AppData\Local\Programs\Eclipse Adoptium\jdk-17.0.8.7-hotspot\bin\management.dll
Event: 0.633 Loaded shared library C:\Users\Sayan Ghosh\AppData\Local\Programs\Eclipse Adoptium\jdk-17.0.8.7-hotspot\bin\management_ext.dll
Event: 0.869 Loaded shared library C:\Users\Sayan Ghosh\AppData\Local\Programs\Eclipse Adoptium\jdk-17.0.8.7-hotspot\bin\sunmscapi.dll

Deoptimization events (20 events):
Event: 5.312 Thread 0x0000014eda254490 Uncommon trap: trap_request=0xffffff45 fr.pc=0x0000014ea953ef60 relative=0x00000000000009c0
Event: 5.312 Thread 0x0000014eda254490 Uncommon trap: reason=unstable_if action=reinterpret pc=0x0000014ea953ef60 method=groovy.lang.MetaClassImpl.checkIfStdMethod(Lgroovy/lang/MetaMethod;)V @ 55 c2
Event: 5.312 Thread 0x0000014eda254490 DEOPT PACKING pc=0x0000014ea953ef60 sp=0x00000008053f5ea0
Event: 5.312 Thread 0x0000014eda254490 DEOPT UNPACKING pc=0x0000014ea8b969a3 sp=0x00000008053f5e68 mode 2
Event: 5.331 Thread 0x0000014eda254490 Uncommon trap: trap_request=0xffffffc6 fr.pc=0x0000014ea9526600 relative=0x0000000000002ea0
Event: 5.331 Thread 0x0000014eda254490 Uncommon trap: reason=bimorphic_or_optimized_type_check action=maybe_recompile pc=0x0000014ea9526600 method=java.util.AbstractCollection.addAll(Ljava/util/Collection;)Z @ 29 c2
Event: 5.331 Thread 0x0000014eda254490 DEOPT PACKING pc=0x0000014ea9526600 sp=0x00000008053f65e0
Event: 5.331 Thread 0x0000014eda254490 DEOPT UNPACKING pc=0x0000014ea8b969a3 sp=0x00000008053f65d0 mode 2
Event: 5.357 Thread 0x0000014eda254490 Uncommon trap: trap_request=0xffffff45 fr.pc=0x0000014ea953541c relative=0x000000000000007c
Event: 5.357 Thread 0x0000014eda254490 Uncommon trap: reason=unstable_if action=reinterpret pc=0x0000014ea953541c method=java.util.Spliterator.getExactSizeIfKnown()J @ 9 c2
Event: 5.357 Thread 0x0000014eda254490 DEOPT PACKING pc=0x0000014ea953541c sp=0x00000008053f5da0
Event: 5.357 Thread 0x0000014eda254490 DEOPT UNPACKING pc=0x0000014ea8b969a3 sp=0x00000008053f5d38 mode 2
Event: 5.411 Thread 0x0000014eda254490 Uncommon trap: trap_request=0xffffff45 fr.pc=0x0000014ea9545bc0 relative=0x0000000000000440
Event: 5.411 Thread 0x0000014eda254490 Uncommon trap: reason=unstable_if action=reinterpret pc=0x0000014ea9545bc0 method=org.gradle.internal.service.DefaultServiceRegistry$OwnServices.getService(Ljava/lang/reflect/Type;)Lorg/gradle/internal/service/Service; @ 27 c2
Event: 5.411 Thread 0x0000014eda254490 DEOPT PACKING pc=0x0000014ea9545bc0 sp=0x00000008053f6fd0
Event: 5.411 Thread 0x0000014eda254490 DEOPT UNPACKING pc=0x0000014ea8b969a3 sp=0x00000008053f6f48 mode 2
Event: 5.481 Thread 0x0000014eda254490 Uncommon trap: trap_request=0xffffffd6 fr.pc=0x0000014ea95acb8c relative=0x000000000000036c
Event: 5.481 Thread 0x0000014eda254490 Uncommon trap: reason=array_check action=maybe_recompile pc=0x0000014ea95acb8c method=java.util.LinkedHashMap.keysToArray([Ljava/lang/Object;)[Ljava/lang/Object; @ 25 c2
Event: 5.481 Thread 0x0000014eda254490 DEOPT PACKING pc=0x0000014ea95acb8c sp=0x00000008053f3f40
Event: 5.481 Thread 0x0000014eda254490 DEOPT UNPACKING pc=0x0000014ea8b969a3 sp=0x00000008053f3ee8 mode 2

Classes unloaded (0 events):
No events

Classes redefined (0 events):
No events

Internal exceptions (20 events):
Event: 5.132 Thread 0x0000014eda254490 Exception <a 'java/lang/NoSuchMethodError'{0x00000000837485e8}: static Lorg/gradle/api/internal/artifacts/dependencies/AbstractVersionConstraint;.<clinit>()V> (0x00000000837485e8) 
thrown [s\src\hotspot\share\prims\jni.cpp, line 1107]
Event: 5.138 Thread 0x0000014eda254490 Exception <a 'java/lang/NoSuchMethodError'{0x0000000083604240}: static Lorg/gradle/api/internal/catalog/PluginModel;.<clinit>()V> (0x0000000083604240) 
thrown [s\src\hotspot\share\prims\jni.cpp, line 1107]
Event: 5.138 Thread 0x0000014eda254490 Exception <a 'java/lang/NoSuchMethodError'{0x000000008361afd8}: static Lorg/gradle/api/internal/catalog/VersionModel;.<clinit>()V> (0x000000008361afd8) 
thrown [s\src\hotspot\share\prims\jni.cpp, line 1107]
Event: 5.140 Thread 0x0000014eda254490 Exception <a 'java/lang/NoSuchMethodError'{0x0000000083640ab8}: 'void java.lang.invoke.DirectMethodHandle$Holder.invokeSpecial(java.lang.Object, java.lang.Object, java.lang.Object, int)'> (0x0000000083640ab8) 
thrown [s\src\hotspot\share\interpreter\linkResolver.cpp, line 759]
Event: 5.276 Thread 0x0000014eda254490 Exception <a 'java/lang/ClassNotFoundException'{0x000000008fddbf00}: org/gradle/api/internal/project/DefaultProject_DecoratedBeanInfo> (0x000000008fddbf00) 
thrown [s\src\hotspot\share\classfile\systemDictionary.cpp, line 256]
Event: 5.277 Thread 0x0000014eda254490 Exception <a 'java/lang/ClassNotFoundException'{0x000000008fdf5638}: org/gradle/api/internal/project/DefaultProjectBeanInfo> (0x000000008fdf5638) 
thrown [s\src\hotspot\share\classfile\systemDictionary.cpp, line 256]
Event: 5.279 Thread 0x0000014eda254490 Exception <a 'java/lang/ClassNotFoundException'{0x000000008ef18a08}: org/gradle/api/internal/project/DefaultProjectCustomizer> (0x000000008ef18a08) 
thrown [s\src\hotspot\share\classfile\systemDictionary.cpp, line 256]
Event: 5.284 Thread 0x0000014eda254490 Exception <a 'java/lang/ClassNotFoundException'{0x000000008efceff0}: org/gradle/api/internal/project/DefaultProject_DecoratedCustomizer> (0x000000008efceff0) 
thrown [s\src\hotspot\share\classfile\systemDictionary.cpp, line 256]
Event: 5.299 Thread 0x0000014eda254490 Exception <a 'java/lang/IncompatibleClassChangeError'{0x0000000085055830}: Found class java.lang.Object, but interface was expected> (0x0000000085055830) 
thrown [s\src\hotspot\share\interpreter\linkResolver.cpp, line 826]
Event: 5.313 Thread 0x0000014eda254490 Exception <a 'java/lang/ClassNotFoundException'{0x0000000084e260a0}: org/gradle/api/internal/project/DefaultAntBuilderBeanInfo> (0x0000000084e260a0) 
thrown [s\src\hotspot\share\classfile\systemDictionary.cpp, line 256]
Event: 5.314 Thread 0x0000014eda254490 Exception <a 'java/lang/ClassNotFoundException'{0x0000000084e41de8}: org/gradle/api/internal/project/ant/BasicAntBuilderBeanInfo> (0x0000000084e41de8) 
thrown [s\src\hotspot\share\classfile\systemDictionary.cpp, line 256]
Event: 5.314 Thread 0x0000014eda254490 Exception <a 'java/lang/ClassNotFoundException'{0x0000000084e5cf78}: org/gradle/api/AntBuilderBeanInfo> (0x0000000084e5cf78) 
thrown [s\src\hotspot\share\classfile\systemDictionary.cpp, line 256]
Event: 5.314 Thread 0x0000014eda254490 Exception <a 'java/lang/ClassNotFoundException'{0x0000000084e7a688}: groovy/ant/AntBuilderBeanInfo> (0x0000000084e7a688) 
thrown [s\src\hotspot\share\classfile\systemDictionary.cpp, line 256]
Event: 5.315 Thread 0x0000014eda254490 Exception <a 'java/lang/ClassNotFoundException'{0x0000000084ee6de8}: groovy/util/BuilderSupportBeanInfo> (0x0000000084ee6de8) 
thrown [s\src\hotspot\share\classfile\systemDictionary.cpp, line 256]
Event: 5.315 Thread 0x0000014eda254490 Exception <a 'java/lang/ClassNotFoundException'{0x0000000084d53770}: groovy/util/BuilderSupportCustomizer> (0x0000000084d53770) 
thrown [s\src\hotspot\share\classfile\systemDictionary.cpp, line 256]
Event: 5.316 Thread 0x0000014eda254490 Exception <a 'java/lang/ClassNotFoundException'{0x0000000084d72fb0}: groovy/ant/AntBuilderCustomizer> (0x0000000084d72fb0) 
thrown [s\src\hotspot\share\classfile\systemDictionary.cpp, line 256]
Event: 5.316 Thread 0x0000014eda254490 Exception <a 'java/lang/ClassNotFoundException'{0x0000000084d93350}: org/gradle/api/AntBuilderCustomizer> (0x0000000084d93350) 
thrown [s\src\hotspot\share\classfile\systemDictionary.cpp, line 256]
Event: 5.317 Thread 0x0000014eda254490 Exception <a 'java/lang/ClassNotFoundException'{0x0000000084dba2a8}: org/gradle/api/internal/project/ant/BasicAntBuilderCustomizer> (0x0000000084dba2a8) 
thrown [s\src\hotspot\share\classfile\systemDictionary.cpp, line 256]
Event: 5.318 Thread 0x0000014eda254490 Exception <a 'java/lang/ClassNotFoundException'{0x0000000084de7f38}: org/gradle/api/internal/project/DefaultAntBuilderCustomizer> (0x0000000084de7f38) 
thrown [s\src\hotspot\share\classfile\systemDictionary.cpp, line 256]
Event: 5.339 Thread 0x0000014eda254490 Exception <a 'java/lang/IncompatibleClassChangeError'{0x0000000084601d70}: Found class java.lang.Object, but interface was expected> (0x0000000084601d70) 
thrown [s\src\hotspot\share\interpreter\linkResolver.cpp, line 826]

VM Operations (20 events):
Event: 4.815 Executing VM operation: G1CollectForAllocation
Event: 4.817 Executing VM operation: G1CollectForAllocation done
Event: 4.993 Executing VM operation: ICBufferFull
Event: 4.993 Executing VM operation: ICBufferFull done
Event: 5.126 Executing VM operation: HandshakeAllThreads
Event: 5.126 Executing VM operation: HandshakeAllThreads done
Event: 5.147 Executing VM operation: HandshakeAllThreads
Event: 5.147 Executing VM operation: HandshakeAllThreads done
Event: 5.182 Executing VM operation: G1CollectForAllocation
Event: 5.184 Executing VM operation: G1CollectForAllocation done
Event: 5.256 Executing VM operation: HandshakeAllThreads
Event: 5.256 Executing VM operation: HandshakeAllThreads done
Event: 5.265 Executing VM operation: G1TryInitiateConcMark
Event: 5.267 Executing VM operation: G1TryInitiateConcMark done
Event: 5.278 Executing VM operation: G1PauseRemark
Event: 5.279 Executing VM operation: G1PauseRemark done
Event: 5.284 Executing VM operation: G1PauseCleanup
Event: 5.284 Executing VM operation: G1PauseCleanup done
Event: 5.450 Executing VM operation: G1CollectForAllocation
Event: 5.452 Executing VM operation: G1CollectForAllocation done

Events (20 events):
Event: 5.533 loading class javax/xml/parsers/FactoryFinder
Event: 5.533 loading class javax/xml/parsers/FactoryFinder done
Event: 5.533 loading class javax/xml/parsers/FactoryFinder$1
Event: 5.533 loading class javax/xml/parsers/FactoryFinder$1 done
Event: 5.533 loading class com/sun/org/apache/xerces/internal/jaxp/DocumentBuilderFactoryImpl
Event: 5.533 loading class com/sun/org/apache/xerces/internal/jaxp/DocumentBuilderFactoryImpl done
Event: 5.533 loading class com/sun/org/apache/xerces/internal/utils/XMLSecurityManager
Event: 5.534 loading class com/sun/org/apache/xerces/internal/utils/XMLSecurityManager done
Event: 5.534 loading class com/sun/org/apache/xerces/internal/utils/XMLSecurityManager$Limit
Event: 5.534 loading class com/sun/org/apache/xerces/internal/utils/XMLSecurityManager$Limit done
Event: 5.534 loading class com/sun/org/apache/xerces/internal/utils/XMLSecurityManager$NameMap
Event: 5.534 loading class com/sun/org/apache/xerces/internal/utils/XMLSecurityManager$NameMap done
Event: 5.534 loading class com/sun/org/apache/xerces/internal/utils/XMLSecurityPropertyManager
Event: 5.534 loading class com/sun/org/apache/xerces/internal/utils/XMLSecurityPropertyManager done
Event: 5.534 loading class com/sun/org/apache/xerces/internal/utils/XMLSecurityPropertyManager$State
Event: 5.534 loading class com/sun/org/apache/xerces/internal/utils/XMLSecurityPropertyManager$State done
Event: 5.534 loading class com/sun/org/apache/xerces/internal/utils/XMLSecurityPropertyManager$Property
Event: 5.534 loading class com/sun/org/apache/xerces/internal/utils/XMLSecurityPropertyManager$Property done
Event: 5.542 loading class java/util/regex/Pattern$SliceI
Event: 5.542 loading class java/util/regex/Pattern$SliceI done


Dynamic libraries:
0x00007ff7c4960000 - 0x00007ff7c496e000 	C:\Users\Sayan Ghosh\AppData\Local\Programs\Eclipse Adoptium\jdk-17.0.8.7-hotspot\bin\java.exe
0x00007ffae0c90000 - 0x00007ffae0e88000 	C:\Windows\SYSTEM32\ntdll.dll
0x00007ffadfc10000 - 0x00007ffadfccf000 	C:\Windows\System32\KERNEL32.DLL
0x00007ffade8a0000 - 0x00007ffadeb72000 	C:\Windows\System32\KERNELBASE.dll
0x00007ffade7a0000 - 0x00007ffade8a0000 	C:\Windows\System32\ucrtbase.dll
0x00007ffab49b0000 - 0x00007ffab49c7000 	C:\Users\Sayan Ghosh\AppData\Local\Programs\Eclipse Adoptium\jdk-17.0.8.7-hotspot\bin\jli.dll
0x00007ffaa0f00000 - 0x00007ffaa0f19000 	C:\Users\Sayan Ghosh\AppData\Local\Programs\Eclipse Adoptium\jdk-17.0.8.7-hotspot\bin\VCRUNTIME140.dll
0x00007ffae0530000 - 0x00007ffae06d1000 	C:\Windows\System32\USER32.dll
0x00007ffade770000 - 0x00007ffade792000 	C:\Windows\System32\win32u.dll
0x00007ffac8b00000 - 0x00007ffac8d9a000 	C:\Windows\WinSxS\amd64_microsoft.windows.common-controls_6595b64144ccf1df_6.0.19041.1110_none_60b5254171f9507e\COMCTL32.dll
0x00007ffae06e0000 - 0x00007ffae070b000 	C:\Windows\System32\GDI32.dll
0x00007ffadfb60000 - 0x00007ffadfbfe000 	C:\Windows\System32\msvcrt.dll
0x00007ffadebd0000 - 0x00007ffadecdf000 	C:\Windows\System32\gdi32full.dll
0x00007ffade6d0000 - 0x00007ffade76d000 	C:\Windows\System32\msvcp_win.dll
0x00007ffadf970000 - 0x00007ffadf9a0000 	C:\Windows\System32\IMM32.DLL
0x00007ffabfff0000 - 0x00007ffabfffc000 	C:\Users\Sayan Ghosh\AppData\Local\Programs\Eclipse Adoptium\jdk-17.0.8.7-hotspot\bin\vcruntime140_1.dll
0x00007ffa5fdf0000 - 0x00007ffa5fe81000 	C:\Users\Sayan Ghosh\AppData\Local\Programs\Eclipse Adoptium\jdk-17.0.8.7-hotspot\bin\msvcp140.dll
0x00007ffa5f1a0000 - 0x00007ffa5fdec000 	C:\Users\Sayan Ghosh\AppData\Local\Programs\Eclipse Adoptium\jdk-17.0.8.7-hotspot\bin\server\jvm.dll
0x00007ffae0400000 - 0x00007ffae04ae000 	C:\Windows\System32\ADVAPI32.dll
0x00007ffae0bb0000 - 0x00007ffae0c4c000 	C:\Windows\System32\sechost.dll
0x00007ffadfd30000 - 0x00007ffadfe54000 	C:\Windows\System32\RPCRT4.dll
0x00007ffadd8d0000 - 0x00007ffadd91b000 	C:\Windows\SYSTEM32\POWRPROF.dll
0x00007ffab7200000 - 0x00007ffab7209000 	C:\Windows\SYSTEM32\WSOCK32.dll
0x00007ffad41a0000 - 0x00007ffad41c7000 	C:\Windows\SYSTEM32\WINMM.dll
0x00007ffae02e0000 - 0x00007ffae034b000 	C:\Windows\System32\WS2_32.dll
0x00007ffad47e0000 - 0x00007ffad47ea000 	C:\Windows\SYSTEM32\VERSION.dll
0x00007ffadd790000 - 0x00007ffadd7a2000 	C:\Windows\SYSTEM32\UMPDC.dll
0x00007ffadc230000 - 0x00007ffadc242000 	C:\Windows\SYSTEM32\kernel.appcore.dll
0x00007ffab71f0000 - 0x00007ffab71fa000 	C:\Users\Sayan Ghosh\AppData\Local\Programs\Eclipse Adoptium\jdk-17.0.8.7-hotspot\bin\jimage.dll
0x00007ffacf050000 - 0x00007ffacf234000 	C:\Windows\SYSTEM32\DBGHELP.DLL
0x00007ffac5200000 - 0x00007ffac5235000 	C:\Windows\SYSTEM32\dbgcore.DLL
0x00007ffade3c0000 - 0x00007ffade442000 	C:\Windows\System32\bcryptPrimitives.dll
0x00007ffad8c70000 - 0x00007ffad8c7e000 	C:\Users\Sayan Ghosh\AppData\Local\Programs\Eclipse Adoptium\jdk-17.0.8.7-hotspot\bin\instrument.dll
0x00007ffab49f0000 - 0x00007ffab4a15000 	C:\Users\Sayan Ghosh\AppData\Local\Programs\Eclipse Adoptium\jdk-17.0.8.7-hotspot\bin\java.dll
0x00007ffa5ee90000 - 0x00007ffa5ef66000 	C:\Users\Sayan Ghosh\AppData\Local\Programs\Eclipse Adoptium\jdk-17.0.8.7-hotspot\bin\jsvml.dll
0x00007ffadedb0000 - 0x00007ffadf4f5000 	C:\Windows\System32\SHELL32.dll
0x00007ffadc430000 - 0x00007ffadcbc2000 	C:\Windows\SYSTEM32\windows.storage.dll
0x00007ffae07f0000 - 0x00007ffae0b45000 	C:\Windows\System32\combase.dll
0x00007ffaddd10000 - 0x00007ffaddd40000 	C:\Windows\SYSTEM32\Wldp.dll
0x00007ffae0350000 - 0x00007ffae03fd000 	C:\Windows\System32\SHCORE.dll
0x00007ffae0010000 - 0x00007ffae0065000 	C:\Windows\System32\shlwapi.dll
0x00007ffade2d0000 - 0x00007ffade2ef000 	C:\Windows\SYSTEM32\profapi.dll
0x00007ffa5ee50000 - 0x00007ffa5ee68000 	C:\Users\Sayan Ghosh\AppData\Local\Programs\Eclipse Adoptium\jdk-17.0.8.7-hotspot\bin\zip.dll
0x00007ffab49d0000 - 0x00007ffab49e9000 	C:\Users\Sayan Ghosh\AppData\Local\Programs\Eclipse Adoptium\jdk-17.0.8.7-hotspot\bin\net.dll
0x00007ffad7d00000 - 0x00007ffad7e0a000 	C:\Windows\SYSTEM32\WINHTTP.dll
0x00007ffaddaf0000 - 0x00007ffaddb5a000 	C:\Windows\system32\mswsock.dll
0x00007ffa5ee70000 - 0x00007ffa5ee85000 	C:\Users\Sayan Ghosh\AppData\Local\Programs\Eclipse Adoptium\jdk-17.0.8.7-hotspot\bin\nio.dll
0x00007ffad8c60000 - 0x00007ffad8c70000 	C:\Users\Sayan Ghosh\AppData\Local\Programs\Eclipse Adoptium\jdk-17.0.8.7-hotspot\bin\verify.dll
0x00007ffad8c80000 - 0x00007ffad8ca7000 	C:\Users\Sayan Ghosh\.gradle\native\68d5fa5c4cc2d200863cafc0d521ce42e7d3e7ee720ec0a83991735586a16f82\windows-amd64\native-platform.dll
0x00007ffa5d830000 - 0x00007ffa5d974000 	C:\Users\Sayan Ghosh\.gradle\native\e376f236ea51e6404a007f0833ffe2c6e607c4080706a723a18a27aeea778392\windows-amd64\native-platform-file-events.dll
0x00007ffad8c50000 - 0x00007ffad8c59000 	C:\Users\Sayan Ghosh\AppData\Local\Programs\Eclipse Adoptium\jdk-17.0.8.7-hotspot\bin\management.dll
0x00007ffad8c40000 - 0x00007ffad8c4b000 	C:\Users\Sayan Ghosh\AppData\Local\Programs\Eclipse Adoptium\jdk-17.0.8.7-hotspot\bin\management_ext.dll
0x00007ffae0710000 - 0x00007ffae0718000 	C:\Windows\System32\PSAPI.DLL
0x00007ffaddd50000 - 0x00007ffaddd68000 	C:\Windows\SYSTEM32\CRYPTSP.dll
0x00007ffadd3c0000 - 0x00007ffadd3f4000 	C:\Windows\system32\rsaenh.dll
0x00007ffade390000 - 0x00007ffade3b7000 	C:\Windows\System32\bcrypt.dll
0x00007ffade290000 - 0x00007ffade2be000 	C:\Windows\SYSTEM32\USERENV.dll
0x00007ffaddc80000 - 0x00007ffaddc8c000 	C:\Windows\SYSTEM32\CRYPTBASE.dll
0x00007ffadd7b0000 - 0x00007ffadd7eb000 	C:\Windows\SYSTEM32\IPHLPAPI.DLL
0x00007ffadfc00000 - 0x00007ffadfc08000 	C:\Windows\System32\NSI.dll
0x00007ffad88f0000 - 0x00007ffad8907000 	C:\Windows\SYSTEM32\dhcpcsvc6.DLL
0x00007ffad88d0000 - 0x00007ffad88ed000 	C:\Windows\SYSTEM32\dhcpcsvc.DLL
0x00007ffadd7f0000 - 0x00007ffadd8bb000 	C:\Windows\SYSTEM32\DNSAPI.dll
0x00007ffad8c20000 - 0x00007ffad8c2e000 	C:\Users\Sayan Ghosh\AppData\Local\Programs\Eclipse Adoptium\jdk-17.0.8.7-hotspot\bin\sunmscapi.dll
0x00007ffade4c0000 - 0x00007ffade616000 	C:\Windows\System32\CRYPT32.dll
0x00007ffadde60000 - 0x00007ffadde87000 	C:\Windows\SYSTEM32\ncrypt.dll
0x00007ffadde20000 - 0x00007ffadde5b000 	C:\Windows\SYSTEM32\NTASN1.dll
0x00007ffad8c10000 - 0x00007ffad8c17000 	C:\Windows\system32\wshunix.dll

dbghelp: loaded successfully - version: 4.0.5 - missing functions: none
symbol engine: initialized successfully - sym options: 0x614 - pdb path: .;C:\Users\Sayan Ghosh\AppData\Local\Programs\Eclipse Adoptium\jdk-17.0.8.7-hotspot\bin;C:\Windows\SYSTEM32;C:\Windows\WinSxS\amd64_microsoft.windows.common-controls_6595b64144ccf1df_6.0.19041.1110_none_60b5254171f9507e;C:\Users\Sayan Ghosh\AppData\Local\Programs\Eclipse Adoptium\jdk-17.0.8.7-hotspot\bin\server;C:\Users\Sayan Ghosh\.gradle\native\68d5fa5c4cc2d200863cafc0d521ce42e7d3e7ee720ec0a83991735586a16f82\windows-amd64;C:\Users\Sayan Ghosh\.gradle\native\e376f236ea51e6404a007f0833ffe2c6e607c4080706a723a18a27aeea778392\windows-amd64

VM Arguments:
jvm_args: -XX:MaxMetaspaceSize=512m --add-opens=java.base/java.util=ALL-UNNAMED --add-opens=java.base/java.lang=ALL-UNNAMED --add-opens=java.base/java.lang.invoke=ALL-UNNAMED --add-opens=java.prefs/java.util.prefs=ALL-UNNAMED --add-opens=java.base/java.nio.charset=ALL-UNNAMED --add-opens=java.base/java.net=ALL-UNNAMED --add-opens=java.base/java.util.concurrent.atomic=ALL-UNNAMED -Xmx2048m -Dfile.encoding=windows-1252 -Duser.country=US -Duser.language=en -Duser.variant -javaagent:C:\Users\Sayan Ghosh\.gradle\wrapper\dists\gradle-8.3-all\6en3ugtfdg5xnpx44z4qbwgas\gradle-8.3\lib\agents\gradle-instrumentation-agent-8.3.jar 
java_command: org.gradle.launcher.daemon.bootstrap.GradleDaemon 8.3
java_class_path (initial): C:\Users\Sayan Ghosh\.gradle\wrapper\dists\gradle-8.3-all\6en3ugtfdg5xnpx44z4qbwgas\gradle-8.3\lib\gradle-launcher-8.3.jar
Launcher Type: SUN_STANDARD

[Global flags]
     intx CICompilerCount                          = 12                                        {product} {ergonomic}
   size_t CompressedClassSpaceSize                 = 436207616                                 {product} {ergonomic}
     uint ConcGCThreads                            = 3                                         {product} {ergonomic}
     uint G1ConcRefinementThreads                  = 13                                        {product} {ergonomic}
   size_t G1HeapRegionSize                         = 1048576                                   {product} {ergonomic}
    uintx GCDrainStackTargetSize                   = 64                                        {product} {ergonomic}
   size_t InitialHeapSize                          = 266338304                                 {product} {ergonomic}
   size_t MarkStackSize                            = 4194304                                   {product} {ergonomic}
   size_t MaxHeapSize                              = 2147483648                                {product} {command line}
   size_t MaxMetaspaceSize                         = 536870912                                 {product} {command line}
   size_t MaxNewSize                               = 1287651328                                {product} {ergonomic}
   size_t MinHeapDeltaBytes                        = 1048576                                   {product} {ergonomic}
   size_t MinHeapSize                              = 8388608                                   {product} {ergonomic}
    uintx NonNMethodCodeHeapSize                   = 7602480                                {pd product} {ergonomic}
    uintx NonProfiledCodeHeapSize                  = 122027880                              {pd product} {ergonomic}
    uintx ProfiledCodeHeapSize                     = 122027880                              {pd product} {ergonomic}
    uintx ReservedCodeCacheSize                    = 251658240                              {pd product} {ergonomic}
     bool SegmentedCodeCache                       = true                                      {product} {ergonomic}
   size_t SoftMaxHeapSize                          = 2147483648                             {manageable} {ergonomic}
     bool UseCompressedClassPointers               = true                           {product lp64_product} {ergonomic}
     bool UseCompressedOops                        = true                           {product lp64_product} {ergonomic}
     bool UseG1GC                                  = true                                      {product} {ergonomic}
     bool UseLargePagesIndividualAllocation        = false                                  {pd product} {ergonomic}

Logging:
Log output configuration:
 #0: stdout all=warning uptime,level,tags
 #1: stderr all=off uptime,level,tags

Environment Variables:
JAVA_HOME=C:\Users\Sayan Ghosh\AppData\Local\Programs\Eclipse Adoptium\jdk-17.0.8.7-hotspot\
CLASSPATH=F:\Programs\Internships Assignments\Celebrare Assignments\TextEditor\android\\gradle\wrapper\gradle-wrapper.jar
PATH=F:\Programs\Internships Assignments\Celebrare Assignments\TextEditor\node_modules\.bin;F:\Programs\Internships Assignments\Celebrare Assignments\TextEditor\node_modules\.bin;F:\Programs\Internships Assignments\Celebrare Assignments\node_modules\.bin;F:\Programs\Internships Assignments\node_modules\.bin;F:\Programs\node_modules\.bin;F:\node_modules\.bin;C:\Users\Sayan Ghosh\AppData\Roaming\npm\node_modules\npm\node_modules\@npmcli\run-script\lib\node-gyp-bin;F:\Programs\Internships Assignments\Celebrare Assignments\TextEditor\node_modules\.bin;F:\Programs\Internships Assignments\Celebrare Assignments\node_modules\.bin;F:\Programs\Internships Assignments\node_modules\.bin;F:\Programs\node_modules\.bin;F:\node_modules\.bin;C:\Users\Sayan Ghosh\AppData\Roaming\npm\node_modules\npm\node_modules\@npmcli\run-script\lib\node-gyp-bin;C:\Python311\Scripts\;C:\Python311\;C:\Windows\system32;C:\Windows;C:\Windows\System32\Wbem;C:\Windows\System32\WindowsPowerShell\v1.0\;C:\Windows\System32\OpenSSH\;C:\Program Files (x86)\NVIDIA Corporation\PhysX\Common;C:\Program Files\NVIDIA Corporation\NVIDIA NvDLISR;C:\MinGW\bin;C:\Program Files\Git\cmd;C:\Program Files\nodejs\;C:\ProgramData\chocolatey\bin;C:\Users\Sayan Ghosh\AppData\Local\Android\Sdk;C:\Users\Sayan Ghosh\AppData\Local\Android\Sdk\platform-tools;C:\Users\Sayan Ghosh\AppData\Local\Android\Sdk\emulator;C:\Users\Sayan Ghosh\AppData\Local\Android\Sdk\tools;C:\Users\Sayan Ghosh\AppData\Local\Android\Sdk\tools\bin;C:\Users\Sayan Ghosh\AppData\Local\Programs\Eclipse Adoptium\jdk-17.0.8.7-hotspot\bin;C:\Users\Sayan Ghosh\AppData\Local\Microsoft\WindowsApps;C:\Microsoft VS Code\bin;C:\Users\Sayan Ghosh\AppData\Local\GitHubDesktop\bin;C:\Users\Sayan Ghosh\AppData\Roaming\npm;C:\flutter\bin;C:\tools\dart-sdk\bin;C:\Users\Sayan Ghosh\AppData\Local\Pub\Cache\bin;C:\flutter\bin;C:\Users\Sayan Ghosh\AppData\Local\Android\Sdk;C:\Users\Sayan Ghosh\AppData\Local\Android\Sdk\platform-tools;C:\Users\Sayan Ghosh\AppData\Local\Android\Sdk\emu
USERNAME=Sayan Ghosh
LANG=en_US.UTF-8
OS=Windows_NT
PROCESSOR_IDENTIFIER=Intel64 Family 6 Model 191 Stepping 2, GenuineIntel
TMP=C:\Users\SAYANG~1\AppData\Local\Temp
TEMP=C:\Users\SAYANG~1\AppData\Local\Temp



---------------  S Y S T E M  ---------------

OS:
 Windows 10 , 64 bit Build 19041 (10.0.19041.2546)
OS uptime: 0 days 0:35 hours
Hyper-V role detected

CPU: total 16 (initial active 16) (8 cores per cpu, 2 threads per core) family 6 model 191 stepping 2 microcode 0x26, cx8, cmov, fxsr, ht, mmx, 3dnowpref, sse, sse2, sse3, ssse3, sse4.1, sse4.2, popcnt, lzcnt, tsc, tscinvbit, avx, avx2, aes, erms, clmul, bmi1, bmi2, adx, sha, fma, vzeroupper, clflush, clflushopt, clwb, hv
Processor Information for all 16 processors :
  Max Mhz: 2500, Current Mhz: 2500, Mhz Limit: 2500

Memory: 4k page, system-wide physical 16222M (4006M free)
TotalPageFile size 16222M (AvailPageFile size 6M)
current process WorkingSet (physical memory assigned to process): 274M, peak: 286M
current process commit charge ("private bytes"): 327M, peak: 477M

vm_info: OpenJDK 64-Bit Server VM (17.0.8+7) for windows-amd64 JRE (17.0.8+7), built on Jul 18 2023 21:02:32 by "admin" with MS VC++ 16.7 (VS2019)

END.
