#
# There is insufficient memory for the Java Runtime Environment to continue.
# Native memory allocation (malloc) failed to allocate 1004976 bytes for Chunk::new
# Possible reasons:
#   The system is out of physical RAM or swap space
#   The process is running with CompressedOops enabled, and the Java Heap may be blocking the growth of the native heap
# Possible solutions:
#   Reduce memory load on the system
#   Increase physical memory or swap space
#   Check if swap backing store is full
#   Decrease Java heap size (-Xmx/-Xms)
#   Decrease number of Java threads
#   Decrease Java thread stack sizes (-Xss)
#   Set larger code cache with -XX:ReservedCodeCacheSize=
#   JVM is running with Unscaled Compressed Oops mode in which the Java heap is
#     placed in the first 4GB address space. The Java Heap base address is the
#     maximum limit for the native heap growth. Please use -XX:HeapBaseMinAddress
#     to set the Java Heap base and to place the Java Heap above 4GB virtual address.
# This output file may be truncated or incomplete.
#
#  Out of Memory Error (arena.cpp:189), pid=15332, tid=4508
#
# JRE version: OpenJDK Runtime Environment Temurin-17.0.8+7 (17.0.8+7) (build 17.0.8+7)
# Java VM: OpenJDK 64-Bit Server VM Temurin-17.0.8+7 (17.0.8+7, mixed mode, sharing, tiered, compressed oops, compressed class ptrs, g1 gc, windows-amd64)
# No core dump will be written. Minidumps are not enabled by default on client versions of Windows
#

---------------  S U M M A R Y ------------

Command Line: -Xmx64m -Xms64m -Dorg.gradle.appname=gradlew org.gradle.wrapper.GradleWrapperMain app:installDebug -PreactNativeDevServerPort=8081

Host: 13th Gen Intel(R) Core(TM) i5-13400F, 16 cores, 15G,  Windows 10 , 64 bit Build 19041 (10.0.19041.2546)
Time: Sun Jan 28 21:10:30 2024 India Standard Time elapsed time: 0.304779 seconds (0d 0h 0m 0s)

---------------  T H R E A D  ---------------

Current thread (0x00000173fd08ebb0):  JavaThread "C2 CompilerThread3" daemon [_thread_in_native, id=4508, stack(0x0000000d4e500000,0x0000000d4e600000)]


Current CompileTask:
C2:    304  834       4       java.util.jar.JarFile::getEntry (35 bytes)

Stack: [0x0000000d4e500000,0x0000000d4e600000]
Native frames: (J=compiled Java code, j=interpreted, Vv=VM code, C=native code)
V  [jvm.dll+0x678b0a]
V  [jvm.dll+0x835e84]
V  [jvm.dll+0x83762e]
V  [jvm.dll+0x837c93]
V  [jvm.dll+0x24746f]
V  [jvm.dll+0xac20c]
V  [jvm.dll+0xac7dc]
V  [jvm.dll+0x365c52]
V  [jvm.dll+0x3301a1]
V  [jvm.dll+0x32f64a]
V  [jvm.dll+0x219bf1]
V  [jvm.dll+0x219011]
V  [jvm.dll+0x1a534d]
V  [jvm.dll+0x228d8a]
V  [jvm.dll+0x226dcc]
V  [jvm.dll+0x7ec09b]
V  [jvm.dll+0x7e64ca]
V  [jvm.dll+0x677955]
C  [ucrtbase.dll+0x21bb2]
C  [KERNEL32.DLL+0x17614]
C  [ntdll.dll+0x526a1]


---------------  P R O C E S S  ---------------

Threads class SMR info:
_java_thread_list=0x00000173fd8f28b0, length=18, elements={
0x00000173e267d560, 0x00000173fcb04d90, 0x00000173fcb05c10, 0x00000173fcb1dd80,
0x00000173fcb1f750, 0x00000173fcb20110, 0x00000173fcb20ad0, 0x00000173fcb21e80,
0x00000173fcb23150, 0x00000173fcb25b60, 0x00000173fcce75e0, 0x00000173fcdcda40,
0x00000173fcdd1150, 0x00000173fd051db0, 0x00000173fd2a52c0, 0x00000173fd08ebb0,
0x00000173fdc73d90, 0x00000173fd8a0da0
}

Java Threads: ( => current thread )
  0x00000173e267d560 JavaThread "main" [_thread_in_vm, id=10012, stack(0x0000000d4cf00000,0x0000000d4d000000)]
  0x00000173fcb04d90 JavaThread "Reference Handler" daemon [_thread_blocked, id=11052, stack(0x0000000d4d600000,0x0000000d4d700000)]
  0x00000173fcb05c10 JavaThread "Finalizer" daemon [_thread_blocked, id=8228, stack(0x0000000d4d700000,0x0000000d4d800000)]
  0x00000173fcb1dd80 JavaThread "Signal Dispatcher" daemon [_thread_blocked, id=8360, stack(0x0000000d4d800000,0x0000000d4d900000)]
  0x00000173fcb1f750 JavaThread "Attach Listener" daemon [_thread_blocked, id=15852, stack(0x0000000d4d900000,0x0000000d4da00000)]
  0x00000173fcb20110 JavaThread "Service Thread" daemon [_thread_blocked, id=15052, stack(0x0000000d4da00000,0x0000000d4db00000)]
  0x00000173fcb20ad0 JavaThread "Monitor Deflation Thread" daemon [_thread_blocked, id=10788, stack(0x0000000d4db00000,0x0000000d4dc00000)]
  0x00000173fcb21e80 JavaThread "C2 CompilerThread0" daemon [_thread_in_native, id=360, stack(0x0000000d4dc00000,0x0000000d4dd00000)]
  0x00000173fcb23150 JavaThread "C1 CompilerThread0" daemon [_thread_blocked, id=17908, stack(0x0000000d4dd00000,0x0000000d4de00000)]
  0x00000173fcb25b60 JavaThread "Sweeper thread" daemon [_thread_blocked, id=3808, stack(0x0000000d4de00000,0x0000000d4df00000)]
  0x00000173fcce75e0 JavaThread "C1 CompilerThread1" daemon [_thread_blocked, id=4172, stack(0x0000000d4df00000,0x0000000d4e000000)]
  0x00000173fcdcda40 JavaThread "Notification Thread" daemon [_thread_blocked, id=3388, stack(0x0000000d4e000000,0x0000000d4e100000)]
  0x00000173fcdd1150 JavaThread "Common-Cleaner" daemon [_thread_blocked, id=7528, stack(0x0000000d4e200000,0x0000000d4e300000)]
  0x00000173fd051db0 JavaThread "C2 CompilerThread1" daemon [_thread_blocked, id=11056, stack(0x0000000d4e300000,0x0000000d4e400000)]
  0x00000173fd2a52c0 JavaThread "C2 CompilerThread2" daemon [_thread_blocked, id=3564, stack(0x0000000d4e400000,0x0000000d4e500000)]
=>0x00000173fd08ebb0 JavaThread "C2 CompilerThread3" daemon [_thread_in_native, id=4508, stack(0x0000000d4e500000,0x0000000d4e600000)]
  0x00000173fdc73d90 JavaThread "C1 CompilerThread2" daemon [_thread_blocked, id=2404, stack(0x0000000d4e600000,0x0000000d4e700000)]
  0x00000173fd8a0da0 JavaThread "C1 CompilerThread3" daemon [_thread_blocked, id=15240, stack(0x0000000d4e700000,0x0000000d4e800000)]

Other Threads:
  0x00000173fcb00260 VMThread "VM Thread" [stack: 0x0000000d4d500000,0x0000000d4d600000] [id=16092]
  0x00000173e27094f0 WatcherThread [stack: 0x0000000d4e100000,0x0000000d4e200000] [id=4228]
  0x00000173e269f700 GCTaskThread "GC Thread#0" [stack: 0x0000000d4d000000,0x0000000d4d100000] [id=7924]
  0x00000173fdc9f4e0 GCTaskThread "GC Thread#1" [stack: 0x0000000d4e800000,0x0000000d4e900000] [id=5672]
  0x00000173fd284fa0 GCTaskThread "GC Thread#2" [stack: 0x0000000d4e900000,0x0000000d4ea00000] [id=9300]
  0x00000173fe0287d0 GCTaskThread "GC Thread#3" [stack: 0x0000000d4ea00000,0x0000000d4eb00000] [id=14984]
  0x00000173fe028a90 GCTaskThread "GC Thread#4" [stack: 0x0000000d4eb00000,0x0000000d4ec00000] [id=16096]
  0x00000173e26a0e50 ConcurrentGCThread "G1 Main Marker" [stack: 0x0000000d4d100000,0x0000000d4d200000] [id=12024]
  0x00000173e26a2870 ConcurrentGCThread "G1 Conc#0" [stack: 0x0000000d4d200000,0x0000000d4d300000] [id=17364]
  0x00000173e2735110 ConcurrentGCThread "G1 Refine#0" [stack: 0x0000000d4d300000,0x0000000d4d400000] [id=8348]
  0x00000173e2735b40 ConcurrentGCThread "G1 Service" [stack: 0x0000000d4d400000,0x0000000d4d500000] [id=17792]

Threads with active compile tasks:
C2 CompilerThread0      320  851   !   4       jdk.internal.loader.URLClassPath$JarLoader::getResource (65 bytes)
C2 CompilerThread3      320  834       4       java.util.jar.JarFile::getEntry (35 bytes)

VM state: not at safepoint (normal execution)

VM Mutex/Monitor currently owned by a thread: None

Heap address: 0x00000000fc000000, size: 64 MB, Compressed Oops mode: 32-bit

CDS archive(s) mapped at: [0x0000017380000000-0x0000017380bd0000-0x0000017380bd0000), size 12386304, SharedBaseAddress: 0x0000017380000000, ArchiveRelocationMode: 1.
Compressed class space mapped at: 0x0000017381000000-0x00000173c1000000, reserved size: 1073741824
Narrow klass base: 0x0000017380000000, Narrow klass shift: 0, Narrow klass range: 0x100000000

GC Precious Log:
 CPUs: 16 total, 16 available
 Memory: 16222M
 Large Page Support: Disabled
 NUMA Support: Disabled
 Compressed Oops: Enabled (32-bit)
 Heap Region Size: 1M
 Heap Min Capacity: 64M
 Heap Initial Capacity: 64M
 Heap Max Capacity: 64M
 Pre-touch: Disabled
 Parallel Workers: 13
 Concurrent Workers: 3
 Concurrent Refinement Workers: 13
 Periodic GC: Disabled

Heap:
 garbage-first heap   total 65536K, used 11055K [0x00000000fc000000, 0x0000000100000000)
  region size 1024K, 4 young (4096K), 3 survivors (3072K)
 Metaspace       used 3754K, committed 3904K, reserved 1114112K
  class space    used 446K, committed 512K, reserved 1048576K

Heap Regions: E=young(eden), S=young(survivor), O=old, HS=humongous(starts), HC=humongous(continues), CS=collection set, F=free, OA=open archive, CA=closed archive, TAMS=top-at-mark-start (previous, next)
|   0|0x00000000fc000000, 0x00000000fc100000, 0x00000000fc100000|100%|HS|  |TAMS 0x00000000fc000000, 0x00000000fc000000| Complete 
|   1|0x00000000fc100000, 0x00000000fc200000, 0x00000000fc200000|100%|HC|  |TAMS 0x00000000fc100000, 0x00000000fc100000| Complete 
|   2|0x00000000fc200000, 0x00000000fc300000, 0x00000000fc300000|100%|HC|  |TAMS 0x00000000fc200000, 0x00000000fc200000| Complete 
|   3|0x00000000fc300000, 0x00000000fc400000, 0x00000000fc400000|100%|HC|  |TAMS 0x00000000fc300000, 0x00000000fc300000| Complete 
|   4|0x00000000fc400000, 0x00000000fc500000, 0x00000000fc500000|100%| O|  |TAMS 0x00000000fc400000, 0x00000000fc400000| Untracked 
|   5|0x00000000fc500000, 0x00000000fc600000, 0x00000000fc600000|100%| O|  |TAMS 0x00000000fc500000, 0x00000000fc500000| Untracked 
|   6|0x00000000fc600000, 0x00000000fc700000, 0x00000000fc700000|100%| O|  |TAMS 0x00000000fc600000, 0x00000000fc600000| Untracked 
|   7|0x00000000fc700000, 0x00000000fc7cbe00, 0x00000000fc800000| 79%| O|  |TAMS 0x00000000fc700000, 0x00000000fc700000| Untracked 
|   8|0x00000000fc800000, 0x00000000fc800000, 0x00000000fc900000|  0%| F|  |TAMS 0x00000000fc800000, 0x00000000fc800000| Untracked 
|   9|0x00000000fc900000, 0x00000000fc900000, 0x00000000fca00000|  0%| F|  |TAMS 0x00000000fc900000, 0x00000000fc900000| Untracked 
|  10|0x00000000fca00000, 0x00000000fca00000, 0x00000000fcb00000|  0%| F|  |TAMS 0x00000000fca00000, 0x00000000fca00000| Untracked 
|  11|0x00000000fcb00000, 0x00000000fcb00000, 0x00000000fcc00000|  0%| F|  |TAMS 0x00000000fcb00000, 0x00000000fcb00000| Untracked 
|  12|0x00000000fcc00000, 0x00000000fcc00000, 0x00000000fcd00000|  0%| F|  |TAMS 0x00000000fcc00000, 0x00000000fcc00000| Untracked 
|  13|0x00000000fcd00000, 0x00000000fcd00000, 0x00000000fce00000|  0%| F|  |TAMS 0x00000000fcd00000, 0x00000000fcd00000| Untracked 
|  14|0x00000000fce00000, 0x00000000fce00000, 0x00000000fcf00000|  0%| F|  |TAMS 0x00000000fce00000, 0x00000000fce00000| Untracked 
|  15|0x00000000fcf00000, 0x00000000fcf00000, 0x00000000fd000000|  0%| F|  |TAMS 0x00000000fcf00000, 0x00000000fcf00000| Untracked 
|  16|0x00000000fd000000, 0x00000000fd000000, 0x00000000fd100000|  0%| F|  |TAMS 0x00000000fd000000, 0x00000000fd000000| Untracked 
|  17|0x00000000fd100000, 0x00000000fd100000, 0x00000000fd200000|  0%| F|  |TAMS 0x00000000fd100000, 0x00000000fd100000| Untracked 
|  18|0x00000000fd200000, 0x00000000fd200000, 0x00000000fd300000|  0%| F|  |TAMS 0x00000000fd200000, 0x00000000fd200000| Untracked 
|  19|0x00000000fd300000, 0x00000000fd300000, 0x00000000fd400000|  0%| F|  |TAMS 0x00000000fd300000, 0x00000000fd300000| Untracked 
|  20|0x00000000fd400000, 0x00000000fd400000, 0x00000000fd500000|  0%| F|  |TAMS 0x00000000fd400000, 0x00000000fd400000| Untracked 
|  21|0x00000000fd500000, 0x00000000fd500000, 0x00000000fd600000|  0%| F|  |TAMS 0x00000000fd500000, 0x00000000fd500000| Untracked 
|  22|0x00000000fd600000, 0x00000000fd600000, 0x00000000fd700000|  0%| F|  |TAMS 0x00000000fd600000, 0x00000000fd600000| Untracked 
|  23|0x00000000fd700000, 0x00000000fd700000, 0x00000000fd800000|  0%| F|  |TAMS 0x00000000fd700000, 0x00000000fd700000| Untracked 
|  24|0x00000000fd800000, 0x00000000fd800000, 0x00000000fd900000|  0%| F|  |TAMS 0x00000000fd800000, 0x00000000fd800000| Untracked 
|  25|0x00000000fd900000, 0x00000000fd900000, 0x00000000fda00000|  0%| F|  |TAMS 0x00000000fd900000, 0x00000000fd900000| Untracked 
|  26|0x00000000fda00000, 0x00000000fda00000, 0x00000000fdb00000|  0%| F|  |TAMS 0x00000000fda00000, 0x00000000fda00000| Untracked 
|  27|0x00000000fdb00000, 0x00000000fdb00000, 0x00000000fdc00000|  0%| F|  |TAMS 0x00000000fdb00000, 0x00000000fdb00000| Untracked 
|  28|0x00000000fdc00000, 0x00000000fdc00000, 0x00000000fdd00000|  0%| F|  |TAMS 0x00000000fdc00000, 0x00000000fdc00000| Untracked 
|  29|0x00000000fdd00000, 0x00000000fdd00000, 0x00000000fde00000|  0%| F|  |TAMS 0x00000000fdd00000, 0x00000000fdd00000| Untracked 
|  30|0x00000000fde00000, 0x00000000fde00000, 0x00000000fdf00000|  0%| F|  |TAMS 0x00000000fde00000, 0x00000000fde00000| Untracked 
|  31|0x00000000fdf00000, 0x00000000fdf00000, 0x00000000fe000000|  0%| F|  |TAMS 0x00000000fdf00000, 0x00000000fdf00000| Untracked 
|  32|0x00000000fe000000, 0x00000000fe000000, 0x00000000fe100000|  0%| F|  |TAMS 0x00000000fe000000, 0x00000000fe000000| Untracked 
|  33|0x00000000fe100000, 0x00000000fe100000, 0x00000000fe200000|  0%| F|  |TAMS 0x00000000fe100000, 0x00000000fe100000| Untracked 
|  34|0x00000000fe200000, 0x00000000fe200000, 0x00000000fe300000|  0%| F|  |TAMS 0x00000000fe200000, 0x00000000fe200000| Untracked 
|  35|0x00000000fe300000, 0x00000000fe300000, 0x00000000fe400000|  0%| F|  |TAMS 0x00000000fe300000, 0x00000000fe300000| Untracked 
|  36|0x00000000fe400000, 0x00000000fe400000, 0x00000000fe500000|  0%| F|  |TAMS 0x00000000fe400000, 0x00000000fe400000| Untracked 
|  37|0x00000000fe500000, 0x00000000fe500000, 0x00000000fe600000|  0%| F|  |TAMS 0x00000000fe500000, 0x00000000fe500000| Untracked 
|  38|0x00000000fe600000, 0x00000000fe700000, 0x00000000fe700000|100%| S|CS|TAMS 0x00000000fe600000, 0x00000000fe600000| Complete 
|  39|0x00000000fe700000, 0x00000000fe800000, 0x00000000fe800000|100%| S|CS|TAMS 0x00000000fe700000, 0x00000000fe700000| Complete 
|  40|0x00000000fe800000, 0x00000000fe900000, 0x00000000fe900000|100%| S|CS|TAMS 0x00000000fe800000, 0x00000000fe800000| Complete 
|  41|0x00000000fe900000, 0x00000000fe900000, 0x00000000fea00000|  0%| F|  |TAMS 0x00000000fe900000, 0x00000000fe900000| Untracked 
|  42|0x00000000fea00000, 0x00000000fea00000, 0x00000000feb00000|  0%| F|  |TAMS 0x00000000fea00000, 0x00000000fea00000| Untracked 
|  43|0x00000000feb00000, 0x00000000feb00000, 0x00000000fec00000|  0%| F|  |TAMS 0x00000000feb00000, 0x00000000feb00000| Untracked 
|  44|0x00000000fec00000, 0x00000000fec00000, 0x00000000fed00000|  0%| F|  |TAMS 0x00000000fec00000, 0x00000000fec00000| Untracked 
|  45|0x00000000fed00000, 0x00000000fed00000, 0x00000000fee00000|  0%| F|  |TAMS 0x00000000fed00000, 0x00000000fed00000| Untracked 
|  46|0x00000000fee00000, 0x00000000fee00000, 0x00000000fef00000|  0%| F|  |TAMS 0x00000000fee00000, 0x00000000fee00000| Untracked 
|  47|0x00000000fef00000, 0x00000000fef00000, 0x00000000ff000000|  0%| F|  |TAMS 0x00000000fef00000, 0x00000000fef00000| Untracked 
|  48|0x00000000ff000000, 0x00000000ff000000, 0x00000000ff100000|  0%| F|  |TAMS 0x00000000ff000000, 0x00000000ff000000| Untracked 
|  49|0x00000000ff100000, 0x00000000ff100000, 0x00000000ff200000|  0%| F|  |TAMS 0x00000000ff100000, 0x00000000ff100000| Untracked 
|  50|0x00000000ff200000, 0x00000000ff200000, 0x00000000ff300000|  0%| F|  |TAMS 0x00000000ff200000, 0x00000000ff200000| Untracked 
|  51|0x00000000ff300000, 0x00000000ff300000, 0x00000000ff400000|  0%| F|  |TAMS 0x00000000ff300000, 0x00000000ff300000| Untracked 
|  52|0x00000000ff400000, 0x00000000ff400000, 0x00000000ff500000|  0%| F|  |TAMS 0x00000000ff400000, 0x00000000ff400000| Untracked 
|  53|0x00000000ff500000, 0x00000000ff500000, 0x00000000ff600000|  0%| F|  |TAMS 0x00000000ff500000, 0x00000000ff500000| Untracked 
|  54|0x00000000ff600000, 0x00000000ff600000, 0x00000000ff700000|  0%| F|  |TAMS 0x00000000ff600000, 0x00000000ff600000| Untracked 
|  55|0x00000000ff700000, 0x00000000ff700000, 0x00000000ff800000|  0%| F|  |TAMS 0x00000000ff700000, 0x00000000ff700000| Untracked 
|  56|0x00000000ff800000, 0x00000000ff800000, 0x00000000ff900000|  0%| F|  |TAMS 0x00000000ff800000, 0x00000000ff800000| Untracked 
|  57|0x00000000ff900000, 0x00000000ff900000, 0x00000000ffa00000|  0%| F|  |TAMS 0x00000000ff900000, 0x00000000ff900000| Untracked 
|  58|0x00000000ffa00000, 0x00000000ffa00000, 0x00000000ffb00000|  0%| F|  |TAMS 0x00000000ffa00000, 0x00000000ffa00000| Untracked 
|  59|0x00000000ffb00000, 0x00000000ffb00000, 0x00000000ffc00000|  0%| F|  |TAMS 0x00000000ffb00000, 0x00000000ffb00000| Untracked 
|  60|0x00000000ffc00000, 0x00000000ffc00000, 0x00000000ffd00000|  0%| F|  |TAMS 0x00000000ffc00000, 0x00000000ffc00000| Untracked 
|  61|0x00000000ffd00000, 0x00000000ffd00000, 0x00000000ffe00000|  0%| F|  |TAMS 0x00000000ffd00000, 0x00000000ffd00000| Untracked 
|  62|0x00000000ffe00000, 0x00000000ffe00000, 0x00000000fff00000|  0%| F|  |TAMS 0x00000000ffe00000, 0x00000000ffe00000| Untracked 
|  63|0x00000000fff00000, 0x00000000fffe2018, 0x0000000100000000| 88%| E|  |TAMS 0x00000000fff00000, 0x00000000fff00000| Complete 

Card table byte_map: [0x00000173e25a0000,0x00000173e25c0000] _byte_map_base: 0x00000173e1dc0000

Marking Bits (Prev, Next): (CMBitMap*) 0x00000173e269fd20, (CMBitMap*) 0x00000173e269fd60
 Prev Bits: [0x00000173f99f0000, 0x00000173f9af0000)
 Next Bits: [0x00000173f9af0000, 0x00000173f9bf0000)

Polling page: 0x00000173e0600000

Metaspace:

Usage:
  Non-class:      3.26 MB used.
      Class:    450.26 KB used.
       Both:      3.70 MB used.

Virtual space:
  Non-class space:       64.00 MB reserved,       3.31 MB (  5%) committed,  1 nodes.
      Class space:        1.00 GB reserved,     512.00 KB ( <1%) committed,  1 nodes.
             Both:        1.06 GB reserved,       3.81 MB ( <1%) committed. 

Chunk freelists:
   Non-Class:  10.62 MB
       Class:  15.47 MB
        Both:  26.10 MB

MaxMetaspaceSize: unlimited
CompressedClassSpaceSize: 1.00 GB
Initial GC threshold: 21.00 MB
Current GC threshold: 21.00 MB
CDS: on
MetaspaceReclaimPolicy: balanced
 - commit_granule_bytes: 65536.
 - commit_granule_words: 8192.
 - virtual_space_node_default_size: 8388608.
 - enlarge_chunks_in_place: 1.
 - new_chunks_are_fully_committed: 0.
 - uncommit_free_chunks: 1.
 - use_allocation_guard: 0.
 - handle_deallocations: 1.


Internal statistics:

num_allocs_failed_limit: 0.
num_arena_births: 18.
num_arena_deaths: 0.
num_vsnodes_births: 2.
num_vsnodes_deaths: 0.
num_space_committed: 61.
num_space_uncommitted: 0.
num_chunks_returned_to_freelist: 0.
num_chunks_taken_from_freelist: 105.
num_chunk_merges: 0.
num_chunk_splits: 68.
num_chunks_enlarged: 60.
num_inconsistent_stats: 0.

CodeHeap 'non-profiled nmethods': size=119168Kb used=325Kb max_used=325Kb free=118842Kb
 bounds [0x00000173f1d10000, 0x00000173f1f80000, 0x00000173f9170000]
CodeHeap 'profiled nmethods': size=119104Kb used=1720Kb max_used=1720Kb free=117383Kb
 bounds [0x00000173ea170000, 0x00000173ea3e0000, 0x00000173f15c0000]
CodeHeap 'non-nmethods': size=7488Kb used=2818Kb max_used=2833Kb free=4669Kb
 bounds [0x00000173f15c0000, 0x00000173f1890000, 0x00000173f1d10000]
 total_blobs=1311 nmethods=896 adapters=325
 compilation: enabled
              stopped_count=0, restarted_count=0
 full_count=0

Compilation events (20 events):
Event: 0.293 Thread 0x00000173fdc73d90 nmethod 874 0x00000173ea30ce10 code [0x00000173ea30cfc0, 0x00000173ea30d1d8]
Event: 0.293 Thread 0x00000173fcb23150 nmethod 875 0x00000173ea30d290 code [0x00000173ea30d440, 0x00000173ea30d628]
Event: 0.293 Thread 0x00000173fdc73d90  877       3       java.lang.ClassLoader::preDefineClass (118 bytes)
Event: 0.293 Thread 0x00000173fcb23150  878       3       java.lang.ClassLoader::checkCerts (121 bytes)
Event: 0.293 Thread 0x00000173fd8a0da0 nmethod 872 0x00000173ea30d710 code [0x00000173ea30d900, 0x00000173ea30df88]
Event: 0.293 Thread 0x00000173fd8a0da0  879       3       java.lang.ClassLoader::defineClassSourceLocation (28 bytes)
Event: 0.294 Thread 0x00000173fd8a0da0 nmethod 879 0x00000173ea30e190 code [0x00000173ea30e360, 0x00000173ea30e6e8]
Event: 0.294 Thread 0x00000173fd8a0da0  880  s!   3       java.util.jar.JarFile::ensureInitialization (74 bytes)
Event: 0.294 Thread 0x00000173fcce75e0 nmethod 876 0x00000173ea30e890 code [0x00000173ea30ea80, 0x00000173ea30ef98]
Event: 0.294 Thread 0x00000173fd8a0da0 nmethod 880 0x00000173ea30f210 code [0x00000173ea30f420, 0x00000173ea30fa58]
Event: 0.294 Thread 0x00000173fdc73d90 nmethod 877 0x00000173ea30fc10 code [0x00000173ea30ff80, 0x00000173ea311278]
Event: 0.294 Thread 0x00000173fcb23150 nmethod 878 0x00000173ea311990 code [0x00000173ea311c80, 0x00000173ea312ae8]
Event: 0.295 Thread 0x00000173fdc73d90  881       3       java.nio.ByteOrder::nativeOrder (4 bytes)
Event: 0.295 Thread 0x00000173fdc73d90 nmethod 881 0x00000173ea313090 code [0x00000173ea313220, 0x00000173ea313318]
Event: 0.302 Thread 0x00000173fdc73d90  882       3       java.util.regex.ASCII::isType (15 bytes)
Event: 0.302 Thread 0x00000173fd8a0da0  883       3       java.util.regex.ASCII::getType (17 bytes)
Event: 0.302 Thread 0x00000173fcce75e0  884       3       java.util.regex.Matcher::reset (128 bytes)
Event: 0.302 Thread 0x00000173fd8a0da0 nmethod 883 0x00000173ea313390 code [0x00000173ea313540, 0x00000173ea3136d8]
Event: 0.302 Thread 0x00000173fdc73d90 nmethod 882 0x00000173ea313790 code [0x00000173ea313940, 0x00000173ea313b78]
Event: 0.302 Thread 0x00000173fcce75e0 nmethod 884 0x00000173ea313c90 code [0x00000173ea313e80, 0x00000173ea314438]

GC Heap History (1 events):
Event: 0.303 GC heap before
{Heap before GC invocations=0 (full 0):
 garbage-first heap   total 65536K, used 26624K [0x00000000fc000000, 0x0000000100000000)
  region size 1024K, 23 young (23552K), 0 survivors (0K)
 Metaspace       used 3456K, committed 3648K, reserved 1114112K
  class space    used 395K, committed 512K, reserved 1048576K
}

Dll operation events (7 events):
Event: 0.004 Loaded shared library C:\Users\Sayan Ghosh\AppData\Local\Programs\Eclipse Adoptium\jdk-17.0.8.7-hotspot\bin\java.dll
Event: 0.021 Loaded shared library C:\Users\Sayan Ghosh\AppData\Local\Programs\Eclipse Adoptium\jdk-17.0.8.7-hotspot\bin\jsvml.dll
Event: 0.039 Loaded shared library C:\Users\Sayan Ghosh\AppData\Local\Programs\Eclipse Adoptium\jdk-17.0.8.7-hotspot\bin\net.dll
Event: 0.040 Loaded shared library C:\Users\Sayan Ghosh\AppData\Local\Programs\Eclipse Adoptium\jdk-17.0.8.7-hotspot\bin\nio.dll
Event: 0.042 Loaded shared library C:\Users\Sayan Ghosh\AppData\Local\Programs\Eclipse Adoptium\jdk-17.0.8.7-hotspot\bin\zip.dll
Event: 0.174 Loaded shared library C:\Users\Sayan Ghosh\AppData\Local\Programs\Eclipse Adoptium\jdk-17.0.8.7-hotspot\bin\jimage.dll
Event: 0.208 Loaded shared library C:\Users\Sayan Ghosh\AppData\Local\Programs\Eclipse Adoptium\jdk-17.0.8.7-hotspot\bin\verify.dll

Deoptimization events (20 events):
Event: 0.301 Thread 0x00000173e267d560 Uncommon trap: trap_request=0xffffff45 fr.pc=0x00000173f1d2df38 relative=0x0000000000000198
Event: 0.301 Thread 0x00000173e267d560 Uncommon trap: reason=unstable_if action=reinterpret pc=0x00000173f1d2df38 method=java.util.regex.Matcher.reset()Ljava/util/regex/Matcher; @ 47 c2
Event: 0.301 Thread 0x00000173e267d560 DEOPT PACKING pc=0x00000173f1d2df38 sp=0x0000000d4cffcfa0
Event: 0.301 Thread 0x00000173e267d560 DEOPT UNPACKING pc=0x00000173f16169a3 sp=0x0000000d4cffcf28 mode 2
Event: 0.301 Thread 0x00000173e267d560 Uncommon trap: trap_request=0xffffffde fr.pc=0x00000173f1d30c6c relative=0x000000000000038c
Event: 0.301 Thread 0x00000173e267d560 Uncommon trap: reason=class_check action=maybe_recompile pc=0x00000173f1d30c6c method=java.util.regex.Matcher.match(II)Z @ 121 c2
Event: 0.301 Thread 0x00000173e267d560 DEOPT PACKING pc=0x00000173f1d30c6c sp=0x0000000d4cffcff0
Event: 0.301 Thread 0x00000173e267d560 DEOPT UNPACKING pc=0x00000173f16169a3 sp=0x0000000d4cffcf98 mode 2
Event: 0.301 Thread 0x00000173e267d560 Uncommon trap: trap_request=0xffffffde fr.pc=0x00000173f1d30c6c relative=0x000000000000038c
Event: 0.301 Thread 0x00000173e267d560 Uncommon trap: reason=class_check action=maybe_recompile pc=0x00000173f1d30c6c method=java.util.regex.Matcher.match(II)Z @ 121 c2
Event: 0.301 Thread 0x00000173e267d560 DEOPT PACKING pc=0x00000173f1d30c6c sp=0x0000000d4cffcff0
Event: 0.301 Thread 0x00000173e267d560 DEOPT UNPACKING pc=0x00000173f16169a3 sp=0x0000000d4cffcf98 mode 2
Event: 0.302 Thread 0x00000173e267d560 Uncommon trap: trap_request=0xffffffde fr.pc=0x00000173f1d30c6c relative=0x000000000000038c
Event: 0.302 Thread 0x00000173e267d560 Uncommon trap: reason=class_check action=maybe_recompile pc=0x00000173f1d30c6c method=java.util.regex.Matcher.match(II)Z @ 121 c2
Event: 0.302 Thread 0x00000173e267d560 DEOPT PACKING pc=0x00000173f1d30c6c sp=0x0000000d4cffce70
Event: 0.302 Thread 0x00000173e267d560 DEOPT UNPACKING pc=0x00000173f16169a3 sp=0x0000000d4cffce18 mode 2
Event: 0.302 Thread 0x00000173e267d560 Uncommon trap: trap_request=0xffffffde fr.pc=0x00000173f1d30c6c relative=0x000000000000038c
Event: 0.302 Thread 0x00000173e267d560 Uncommon trap: reason=class_check action=maybe_recompile pc=0x00000173f1d30c6c method=java.util.regex.Matcher.match(II)Z @ 121 c2
Event: 0.302 Thread 0x00000173e267d560 DEOPT PACKING pc=0x00000173f1d30c6c sp=0x0000000d4cffce70
Event: 0.302 Thread 0x00000173e267d560 DEOPT UNPACKING pc=0x00000173f16169a3 sp=0x0000000d4cffce18 mode 2

Classes unloaded (0 events):
No events

Classes redefined (0 events):
No events

Internal exceptions (1 events):
Event: 0.099 Thread 0x00000173e267d560 Exception <a 'java/lang/NoSuchMethodError'{0x00000000ffc77f88}: 'int java.lang.invoke.DirectMethodHandle$Holder.invokeStaticInit(java.lang.Object, java.lang.Object)'> (0x00000000ffc77f88) 
thrown [s\src\hotspot\share\interpreter\linkResolver.cpp, line 759]

VM Operations (3 events):
Event: 0.042 Executing VM operation: HandshakeAllThreads
Event: 0.042 Executing VM operation: HandshakeAllThreads done
Event: 0.302 Executing VM operation: G1CollectForAllocation

Events (20 events):
Event: 0.246 loading class java/lang/reflect/Proxy$ProxyBuilder$1
Event: 0.246 loading class java/lang/reflect/Proxy$ProxyBuilder$1 done
Event: 0.248 loading class java/lang/reflect/InvocationTargetException
Event: 0.248 loading class java/lang/reflect/InvocationTargetException done
Event: 0.251 loading class java/util/LinkedList$ListItr
Event: 0.251 loading class java/util/LinkedList$ListItr done
Event: 0.252 loading class java/util/concurrent/ConcurrentLinkedQueue
Event: 0.252 loading class java/util/concurrent/ConcurrentLinkedQueue done
Event: 0.253 loading class java/util/concurrent/ConcurrentLinkedQueue$Node
Event: 0.253 loading class java/util/concurrent/ConcurrentLinkedQueue$Node done
Event: 0.254 loading class java/lang/reflect/ParameterizedType
Event: 0.254 loading class java/lang/reflect/ParameterizedType done
Event: 0.278 loading class java/io/InvalidObjectException
Event: 0.278 loading class java/io/ObjectStreamException
Event: 0.278 loading class java/io/ObjectStreamException done
Event: 0.278 loading class java/io/InvalidObjectException done
Event: 0.290 loading class java/lang/NumberFormatException
Event: 0.290 loading class java/lang/NumberFormatException done
Event: 0.292 Thread 0x00000173fdc73d90 Thread added: 0x00000173fdc73d90
Event: 0.292 Thread 0x00000173fd8a0da0 Thread added: 0x00000173fd8a0da0


Dynamic libraries:
0x00007ff6911e0000 - 0x00007ff6911ee000 	C:\Users\Sayan Ghosh\AppData\Local\Programs\Eclipse Adoptium\jdk-17.0.8.7-hotspot\bin\java.exe
0x00007ff8206d0000 - 0x00007ff8208c8000 	C:\Windows\SYSTEM32\ntdll.dll
0x00007ff81ef90000 - 0x00007ff81f04f000 	C:\Windows\System32\KERNEL32.DLL
0x00007ff81e280000 - 0x00007ff81e552000 	C:\Windows\System32\KERNELBASE.dll
0x00007ff81e620000 - 0x00007ff81e720000 	C:\Windows\System32\ucrtbase.dll
0x00007fffe5cf0000 - 0x00007fffe5d07000 	C:\Users\Sayan Ghosh\AppData\Local\Programs\Eclipse Adoptium\jdk-17.0.8.7-hotspot\bin\jli.dll
0x00007fffc4a90000 - 0x00007fffc4aa9000 	C:\Users\Sayan Ghosh\AppData\Local\Programs\Eclipse Adoptium\jdk-17.0.8.7-hotspot\bin\VCRUNTIME140.dll
0x00007ff81f050000 - 0x00007ff81f1f1000 	C:\Windows\System32\USER32.dll
0x00007ff81de20000 - 0x00007ff81de42000 	C:\Windows\System32\win32u.dll
0x00007ff81ee40000 - 0x00007ff81ee6b000 	C:\Windows\System32\GDI32.dll
0x00007ff81e010000 - 0x00007ff81e11f000 	C:\Windows\System32\gdi32full.dll
0x00007ff806550000 - 0x00007ff8067ea000 	C:\Windows\WinSxS\amd64_microsoft.windows.common-controls_6595b64144ccf1df_6.0.19041.1110_none_60b5254171f9507e\COMCTL32.dll
0x00007ff81de50000 - 0x00007ff81deed000 	C:\Windows\System32\msvcp_win.dll
0x00007ff81f9f0000 - 0x00007ff81fa8e000 	C:\Windows\System32\msvcrt.dll
0x00007ff81e850000 - 0x00007ff81e880000 	C:\Windows\System32\IMM32.DLL
0x00007ff8100d0000 - 0x00007ff8100dc000 	C:\Users\Sayan Ghosh\AppData\Local\Programs\Eclipse Adoptium\jdk-17.0.8.7-hotspot\bin\vcruntime140_1.dll
0x00007fff98fc0000 - 0x00007fff99051000 	C:\Users\Sayan Ghosh\AppData\Local\Programs\Eclipse Adoptium\jdk-17.0.8.7-hotspot\bin\msvcp140.dll
0x00007fff96050000 - 0x00007fff96c9c000 	C:\Users\Sayan Ghosh\AppData\Local\Programs\Eclipse Adoptium\jdk-17.0.8.7-hotspot\bin\server\jvm.dll
0x00007ff81ee80000 - 0x00007ff81ef2e000 	C:\Windows\System32\ADVAPI32.dll
0x00007ff820590000 - 0x00007ff82062c000 	C:\Windows\System32\sechost.dll
0x00007ff81fed0000 - 0x00007ff81fff4000 	C:\Windows\System32\RPCRT4.dll
0x00007ff81d310000 - 0x00007ff81d35b000 	C:\Windows\SYSTEM32\POWRPROF.dll
0x00007ff80e3c0000 - 0x00007ff80e3e7000 	C:\Windows\SYSTEM32\WINMM.dll
0x00007ff815d10000 - 0x00007ff815d1a000 	C:\Windows\SYSTEM32\VERSION.dll
0x00007ff810060000 - 0x00007ff810069000 	C:\Windows\SYSTEM32\WSOCK32.dll
0x00007ff820060000 - 0x00007ff8200cb000 	C:\Windows\System32\WS2_32.dll
0x00007ff81d1d0000 - 0x00007ff81d1e2000 	C:\Windows\SYSTEM32\UMPDC.dll
0x00007ff81bc70000 - 0x00007ff81bc82000 	C:\Windows\SYSTEM32\kernel.appcore.dll
0x00007ff805a20000 - 0x00007ff805a2a000 	C:\Users\Sayan Ghosh\AppData\Local\Programs\Eclipse Adoptium\jdk-17.0.8.7-hotspot\bin\jimage.dll
0x00007ff80da80000 - 0x00007ff80dc64000 	C:\Windows\SYSTEM32\DBGHELP.DLL
0x00007ff803d60000 - 0x00007ff803d95000 	C:\Windows\SYSTEM32\dbgcore.DLL
0x00007ff81e590000 - 0x00007ff81e612000 	C:\Windows\System32\bcryptPrimitives.dll
0x00007fff9fd60000 - 0x00007fff9fd85000 	C:\Users\Sayan Ghosh\AppData\Local\Programs\Eclipse Adoptium\jdk-17.0.8.7-hotspot\bin\java.dll
0x00007fff95f70000 - 0x00007fff96046000 	C:\Users\Sayan Ghosh\AppData\Local\Programs\Eclipse Adoptium\jdk-17.0.8.7-hotspot\bin\jsvml.dll
0x00007ff81f290000 - 0x00007ff81f9d5000 	C:\Windows\System32\SHELL32.dll
0x00007ff81be70000 - 0x00007ff81c602000 	C:\Windows\SYSTEM32\windows.storage.dll
0x00007ff81fa90000 - 0x00007ff81fde5000 	C:\Windows\System32\combase.dll
0x00007ff81d750000 - 0x00007ff81d780000 	C:\Windows\SYSTEM32\Wldp.dll
0x00007ff8200d0000 - 0x00007ff82017d000 	C:\Windows\System32\SHCORE.dll
0x00007ff820000000 - 0x00007ff820055000 	C:\Windows\System32\shlwapi.dll
0x00007ff81dd10000 - 0x00007ff81dd2f000 	C:\Windows\SYSTEM32\profapi.dll
0x00007fff9f5d0000 - 0x00007fff9f5e9000 	C:\Users\Sayan Ghosh\AppData\Local\Programs\Eclipse Adoptium\jdk-17.0.8.7-hotspot\bin\net.dll
0x00007ff817a80000 - 0x00007ff817b8a000 	C:\Windows\SYSTEM32\WINHTTP.dll
0x00007ff81d530000 - 0x00007ff81d59a000 	C:\Windows\system32\mswsock.dll
0x00007fff9eea0000 - 0x00007fff9eeb5000 	C:\Users\Sayan Ghosh\AppData\Local\Programs\Eclipse Adoptium\jdk-17.0.8.7-hotspot\bin\nio.dll
0x00007fff9ee80000 - 0x00007fff9ee98000 	C:\Users\Sayan Ghosh\AppData\Local\Programs\Eclipse Adoptium\jdk-17.0.8.7-hotspot\bin\zip.dll
0x00007ffffef10000 - 0x00007ffffef20000 	C:\Users\Sayan Ghosh\AppData\Local\Programs\Eclipse Adoptium\jdk-17.0.8.7-hotspot\bin\verify.dll

dbghelp: loaded successfully - version: 4.0.5 - missing functions: none
symbol engine: initialized successfully - sym options: 0x614 - pdb path: .;C:\Users\Sayan Ghosh\AppData\Local\Programs\Eclipse Adoptium\jdk-17.0.8.7-hotspot\bin;C:\Windows\SYSTEM32;C:\Windows\WinSxS\amd64_microsoft.windows.common-controls_6595b64144ccf1df_6.0.19041.1110_none_60b5254171f9507e;C:\Users\Sayan Ghosh\AppData\Local\Programs\Eclipse Adoptium\jdk-17.0.8.7-hotspot\bin\server

VM Arguments:
jvm_args: -Xmx64m -Xms64m -Dorg.gradle.appname=gradlew 
java_command: org.gradle.wrapper.GradleWrapperMain app:installDebug -PreactNativeDevServerPort=8081
java_class_path (initial): F:\Programs\Internships Assignments\Celebrare Assignments\TextEditor\android\\gradle\wrapper\gradle-wrapper.jar
Launcher Type: SUN_STANDARD

[Global flags]
     intx CICompilerCount                          = 12                                        {product} {ergonomic}
     uint ConcGCThreads                            = 3                                         {product} {ergonomic}
     uint G1ConcRefinementThreads                  = 13                                        {product} {ergonomic}
   size_t G1HeapRegionSize                         = 1048576                                   {product} {ergonomic}
    uintx GCDrainStackTargetSize                   = 64                                        {product} {ergonomic}
   size_t InitialHeapSize                          = 67108864                                  {product} {command line}
   size_t MarkStackSize                            = 4194304                                   {product} {ergonomic}
   size_t MaxHeapSize                              = 67108864                                  {product} {command line}
   size_t MaxNewSize                               = 39845888                                  {product} {ergonomic}
   size_t MinHeapDeltaBytes                        = 1048576                                   {product} {ergonomic}
   size_t MinHeapSize                              = 67108864                                  {product} {command line}
    uintx NonNMethodCodeHeapSize                   = 7602480                                {pd product} {ergonomic}
    uintx NonProfiledCodeHeapSize                  = 122027880                              {pd product} {ergonomic}
    uintx ProfiledCodeHeapSize                     = 122027880                              {pd product} {ergonomic}
    uintx ReservedCodeCacheSize                    = 251658240                              {pd product} {ergonomic}
     bool SegmentedCodeCache                       = true                                      {product} {ergonomic}
   size_t SoftMaxHeapSize                          = 67108864                               {manageable} {ergonomic}
     bool UseCompressedClassPointers               = true                           {product lp64_product} {ergonomic}
     bool UseCompressedOops                        = true                           {product lp64_product} {ergonomic}
     bool UseG1GC                                  = true                                      {product} {ergonomic}
     bool UseLargePagesIndividualAllocation        = false                                  {pd product} {ergonomic}

Logging:
Log output configuration:
 #0: stdout all=warning uptime,level,tags
 #1: stderr all=off uptime,level,tags

Environment Variables:
JAVA_HOME=C:\Users\Sayan Ghosh\AppData\Local\Programs\Eclipse Adoptium\jdk-17.0.8.7-hotspot\
CLASSPATH=F:\Programs\Internships Assignments\Celebrare Assignments\TextEditor\android\\gradle\wrapper\gradle-wrapper.jar
PATH=F:\Programs\Internships Assignments\Celebrare Assignments\TextEditor\node_modules\.bin;F:\Programs\Internships Assignments\Celebrare Assignments\TextEditor\node_modules\.bin;F:\Programs\Internships Assignments\Celebrare Assignments\node_modules\.bin;F:\Programs\Internships Assignments\node_modules\.bin;F:\Programs\node_modules\.bin;F:\node_modules\.bin;C:\Users\Sayan Ghosh\AppData\Roaming\npm\node_modules\npm\node_modules\@npmcli\run-script\lib\node-gyp-bin;F:\Programs\Internships Assignments\Celebrare Assignments\TextEditor\node_modules\.bin;F:\Programs\Internships Assignments\Celebrare Assignments\node_modules\.bin;F:\Programs\Internships Assignments\node_modules\.bin;F:\Programs\node_modules\.bin;F:\node_modules\.bin;C:\Users\Sayan Ghosh\AppData\Roaming\npm\node_modules\npm\node_modules\@npmcli\run-script\lib\node-gyp-bin;C:\Python311\Scripts\;C:\Python311\;C:\Windows\system32;C:\Windows;C:\Windows\System32\Wbem;C:\Windows\System32\WindowsPowerShell\v1.0\;C:\Windows\System32\OpenSSH\;C:\Program Files (x86)\NVIDIA Corporation\PhysX\Common;C:\Program Files\NVIDIA Corporation\NVIDIA NvDLISR;C:\MinGW\bin;C:\Program Files\Git\cmd;C:\Program Files\nodejs\;C:\ProgramData\chocolatey\bin;C:\Users\Sayan Ghosh\AppData\Local\Android\Sdk;C:\Users\Sayan Ghosh\AppData\Local\Android\Sdk\platform-tools;C:\Users\Sayan Ghosh\AppData\Local\Android\Sdk\emulator;C:\Users\Sayan Ghosh\AppData\Local\Android\Sdk\tools;C:\Users\Sayan Ghosh\AppData\Local\Android\Sdk\tools\bin;C:\Users\Sayan Ghosh\AppData\Local\Programs\Eclipse Adoptium\jdk-17.0.8.7-hotspot\bin;C:\Users\Sayan Ghosh\AppData\Local\Microsoft\WindowsApps;C:\Microsoft VS Code\bin;C:\Users\Sayan Ghosh\AppData\Local\GitHubDesktop\bin;C:\Users\Sayan Ghosh\AppData\Roaming\npm;C:\flutter\bin;C:\tools\dart-sdk\bin;C:\Users\Sayan Ghosh\AppData\Local\Pub\Cache\bin;C:\flutter\bin;C:\Users\Sayan Ghosh\AppData\Local\Android\Sdk;C:\Users\Sayan Ghosh\AppData\Local\Android\Sdk\platform-tools;C:\Users\Sayan Ghosh\AppData\Local\Android\Sdk\emu
USERNAME=Sayan Ghosh
LANG=en_US.UTF-8
OS=Windows_NT
PROCESSOR_IDENTIFIER=Intel64 Family 6 Model 191 Stepping 2, GenuineIntel
TMP=C:\Users\SAYANG~1\AppData\Local\Temp
TEMP=C:\Users\SAYANG~1\AppData\Local\Temp



---------------  S Y S T E M  ---------------

OS:
 Windows 10 , 64 bit Build 19041 (10.0.19041.2546)
OS uptime: 2 days 0:52 hours
Hyper-V role detected

CPU: total 16 (initial active 16) (8 cores per cpu, 2 threads per core) family 6 model 191 stepping 2 microcode 0x26, cx8, cmov, fxsr, ht, mmx, 3dnowpref, sse, sse2, sse3, ssse3, sse4.1, sse4.2, popcnt, lzcnt, tsc, tscinvbit, avx, avx2, aes, erms, clmul, bmi1, bmi2, adx, sha, fma, vzeroupper, clflush, clflushopt, clwb, hv
Processor Information for all 16 processors :
  Max Mhz: 2500, Current Mhz: 2500, Mhz Limit: 2500

Memory: 4k page, system-wide physical 16222M (2851M free)
TotalPageFile size 16222M (AvailPageFile size 6M)
current process WorkingSet (physical memory assigned to process): 93M, peak: 94M
current process commit charge ("private bytes"): 180M, peak: 182M

vm_info: OpenJDK 64-Bit Server VM (17.0.8+7) for windows-amd64 JRE (17.0.8+7), built on Jul 18 2023 21:02:32 by "admin" with MS VC++ 16.7 (VS2019)

END.
